[01m[K/home/billliu/trials/volans/src/mid/image_process/ros_darknet/darknet_ros/src/YoloObjectDetector.cpp:[m[K In member function ‘[01m[Kdarknet_ros::IplImageWithHeader_ darknet_ros::YoloObjectDetector::getIplImageWithHeader()[m[K’:
[01m[K/home/billliu/trials/volans/src/mid/image_process/ros_darknet/darknet_ros/src/YoloObjectDetector.cpp:516:49:[m[K [01;31m[Kerror: [m[Kno matching function for call to ‘[01m[K_IplImage::_IplImage(cv::Mat&)[m[K’
  516 |   IplImage* ROS_img = new IplImage(camImageCopy_[01;31m[K)[m[K;
      |                                                 [01;31m[K^[m[K
In file included from [01m[K/usr/include/opencv4/opencv2/core/core_c.h:48[m[K,
                 from [01m[K/usr/include/opencv4/opencv2/imgproc/types_c.h:46[m[K,
                 from [01m[K/opt/ros/noetic/include/cv_bridge/cv_bridge.h:45[m[K,
                 from [01m[K/home/billliu/trials/volans/src/mid/image_process/ros_darknet/darknet_ros/include/darknet_ros/YoloObjectDetector.hpp:30[m[K,
                 from [01m[K/home/billliu/trials/volans/src/mid/image_process/ros_darknet/darknet_ros/src/YoloObjectDetector.cpp:10[m[K:
[01m[K/usr/include/opencv4/opencv2/core/types_c.h:327:1:[m[K [01;36m[Knote: [m[Kcandidate: ‘[01m[K_IplImage::_IplImage()[m[K’
  327 | [01;36m[K_IplImage[m[K
      | [01;36m[K^~~~~~~~~[m[K
[01m[K/usr/include/opencv4/opencv2/core/types_c.h:327:1:[m[K [01;36m[Knote: [m[K  candidate expects 0 arguments, 1 provided
[01m[K/usr/include/opencv4/opencv2/core/types_c.h:327:1:[m[K [01;36m[Knote: [m[Kcandidate: ‘[01m[Kconstexpr _IplImage::_IplImage(const _IplImage&)[m[K’
[01m[K/usr/include/opencv4/opencv2/core/types_c.h:327:1:[m[K [01;36m[Knote: [m[K  no known conversion for argument 1 from ‘[01m[Kcv::Mat[m[K’ to ‘[01m[Kconst _IplImage&[m[K’
[01m[K/usr/include/opencv4/opencv2/core/types_c.h:327:1:[m[K [01;36m[Knote: [m[Kcandidate: ‘[01m[Kconstexpr _IplImage::_IplImage(_IplImage&&)[m[K’
[01m[K/usr/include/opencv4/opencv2/core/types_c.h:327:1:[m[K [01;36m[Knote: [m[K  no known conversion for argument 1 from ‘[01m[Kcv::Mat[m[K’ to ‘[01m[K_IplImage&&[m[K’
make[2]: *** [CMakeFiles/darknet_ros_lib.dir/build.make:63: CMakeFiles/darknet_ros_lib.dir/src/YoloObjectDetector.cpp.o] Error 1
make[1]: *** [CMakeFiles/Makefile2:695: CMakeFiles/darknet_ros_lib.dir/all] Error 2
make: *** [Makefile:141: all] Error 2
