CMake Warning (dev) at CMakeLists.txt:2 (project):
  Policy CMP0048 is not set: project() command manages VERSION variables.
  Run "cmake --help-policy CMP0048" for policy details.  Use the cmake_policy
  command to set the policy and suppress this warning.

  The following variable(s) would be set to empty:

    CMAKE_PROJECT_VERSION
    CMAKE_PROJECT_VERSION_MAJOR
    CMAKE_PROJECT_VERSION_MINOR
    CMAKE_PROJECT_VERSION_PATCH
This warning is for project developers.  Use -Wno-dev to suppress it.

[36m--[0m Darknet path dir = /home/billliu/trials/volans/src/mid/image_process/ros_darknet/darknet
[36m--[0m Searching for X11...
[36m--[0m  X11_INCLUDE_DIR: /usr/include
[36m--[0m  X11_LIBRARIES: /usr/lib/x86_64-linux-gnu/libSM.so/usr/lib/x86_64-linux-gnu/libICE.so/usr/lib/x86_64-linux-gnu/libX11.so/usr/lib/x86_64-linux-gnu/libXext.so
[36m--[0m Found OpenCV: /usr/local (found suitable version "3.4.16", minimum required is "3.4.16")
[36m--[0m Using CATKIN_DEVEL_PREFIX: /home/billliu/trials/volans/devel/.private/darknet_ros
[36m--[0m Using CMAKE_PREFIX_PATH: /home/billliu/trials/volans/devel;/opt/ros/noetic
[36m--[0m This workspace overlays: /home/billliu/trials/volans/devel;/opt/ros/noetic
[36m--[0m Found PythonInterp: /usr/bin/python3 (found suitable version "3.8.10", minimum required is "3")
[36m--[0m Using PYTHON_EXECUTABLE: /usr/bin/python3
[36m--[0m Using Debian Python package layout
[36m--[0m Using empy: /usr/lib/python3/dist-packages/em.py
[36m--[0m Using CATKIN_ENABLE_TESTING: ON
[36m--[0m Call enable_testing()
[36m--[0m Using CATKIN_TEST_RESULTS_DIR: /home/billliu/trials/volans/build/darknet_ros/test_results
[36m--[0m Forcing gtest/gmock from source, though one was otherwise available.
[36m--[0m Found gtest sources under '/usr/src/googletest': gtests will be built
[36m--[0m Found gmock sources under '/usr/src/googletest': gmock will be built
[36m--[0m Found PythonInterp: /usr/bin/python3 (found version "3.8.10")
[36m--[0m Using Python nosetests: /usr/bin/nosetests3
[36m--[0m catkin 0.8.10
[36m--[0m BUILD_SHARED_LIBS is on
[31m[1mCMake Error[0m at /opt/ros/noetic/share/cv_bridge/cmake/cv_bridgeConfig.cmake:113 (message):
  Project 'cv_bridge' specifies '/usr/include/opencv4' as an include dir,
  which is not found.  It does neither exist as an absolute directory nor in
  '${{prefix}}//usr/include/opencv4'.  Check the issue tracker
  'https://github.com/ros-perception/vision_opencv/issues' and consider
  creating a ticket if the problem has not been reported yet.
[36mCall Stack (most recent call first):[0m
  /opt/ros/noetic/share/catkin/cmake/catkinConfig.cmake:76 (find_package)
  CMakeLists.txt:57 (find_package)


[36m--[0m Configuring incomplete, errors occurred!
See also "/home/billliu/trials/volans/build/darknet_ros/CMakeFiles/CMakeOutput.log".
See also "/home/billliu/trials/volans/build/darknet_ros/CMakeFiles/CMakeError.log".
make: *** [Makefile:2828: cmake_check_build_system] Error 1
