[  0%] Built target darknet_ros_msgs_generate_messages_cpp
[35m[1mScanning dependencies of target darknet_ros_lib[0m
[  1%] [32mBuilding CXX object CMakeFiles/darknet_ros_lib.dir/src/YoloObjectDetector.cpp.o[0m
[  3%] [32mBuilding C object CMakeFiles/darknet_ros_lib.dir/src/image_interface.c.o[0m
[  4%] [32mBuilding C object CMakeFiles/darknet_ros_lib.dir/home/billliu/trials/volans/src/mid/image_process/ros_darknet/darknet/src/activation_layer.c.o[0m
[  6%] [32mBuilding C object CMakeFiles/darknet_ros_lib.dir/home/billliu/trials/volans/src/mid/image_process/ros_darknet/darknet/src/im2col.c.o[0m
[  7%] [32mBuilding C object CMakeFiles/darknet_ros_lib.dir/home/billliu/trials/volans/src/mid/image_process/ros_darknet/darknet/src/activations.c.o[0m
[  9%] [32mBuilding C object CMakeFiles/darknet_ros_lib.dir/home/billliu/trials/volans/src/mid/image_process/ros_darknet/darknet/src/image.c.o[0m
[ 10%] [32mBuilding C object CMakeFiles/darknet_ros_lib.dir/home/billliu/trials/volans/src/mid/image_process/ros_darknet/darknet/src/avgpool_layer.c.o[0m
[ 12%] [32mBuilding C object CMakeFiles/darknet_ros_lib.dir/home/billliu/trials/volans/src/mid/image_process/ros_darknet/darknet/src/layer.c.o[0m
[ 13%] [32mBuilding C object CMakeFiles/darknet_ros_lib.dir/home/billliu/trials/volans/src/mid/image_process/ros_darknet/darknet/src/batchnorm_layer.c.o[0m
[ 15%] [32mBuilding C object CMakeFiles/darknet_ros_lib.dir/home/billliu/trials/volans/src/mid/image_process/ros_darknet/darknet/src/list.c.o[0m
[ 16%] [32mBuilding C object CMakeFiles/darknet_ros_lib.dir/home/billliu/trials/volans/src/mid/image_process/ros_darknet/darknet/src/blas.c.o[0m
[ 18%] [32mBuilding C object CMakeFiles/darknet_ros_lib.dir/home/billliu/trials/volans/src/mid/image_process/ros_darknet/darknet/src/local_layer.c.o[0m
[ 19%] [32mBuilding C object CMakeFiles/darknet_ros_lib.dir/home/billliu/trials/volans/src/mid/image_process/ros_darknet/darknet/src/box.c.o[0m
[ 21%] [32mBuilding C object CMakeFiles/darknet_ros_lib.dir/home/billliu/trials/volans/src/mid/image_process/ros_darknet/darknet/src/lstm_layer.c.o[0m
[ 22%] [32mBuilding C object CMakeFiles/darknet_ros_lib.dir/home/billliu/trials/volans/src/mid/image_process/ros_darknet/darknet/src/col2im.c.o[0m
[ 24%] [32mBuilding C object CMakeFiles/darknet_ros_lib.dir/home/billliu/trials/volans/src/mid/image_process/ros_darknet/darknet/src/matrix.c.o[0m
[ 25%] [32mBuilding C object CMakeFiles/darknet_ros_lib.dir/home/billliu/trials/volans/src/mid/image_process/ros_darknet/darknet/src/connected_layer.c.o[0m
[ 27%] [32mBuilding C object CMakeFiles/darknet_ros_lib.dir/home/billliu/trials/volans/src/mid/image_process/ros_darknet/darknet/src/maxpool_layer.c.o[0m
[ 28%] [32mBuilding C object CMakeFiles/darknet_ros_lib.dir/home/billliu/trials/volans/src/mid/image_process/ros_darknet/darknet/src/convolutional_layer.c.o[0m
[ 30%] [32mBuilding C object CMakeFiles/darknet_ros_lib.dir/home/billliu/trials/volans/src/mid/image_process/ros_darknet/darknet/src/network.c.o[0m
[ 31%] [32mBuilding C object CMakeFiles/darknet_ros_lib.dir/home/billliu/trials/volans/src/mid/image_process/ros_darknet/darknet/src/cost_layer.c.o[0m
[ 33%] [32mBuilding C object CMakeFiles/darknet_ros_lib.dir/home/billliu/trials/volans/src/mid/image_process/ros_darknet/darknet/src/normalization_layer.c.o[0m
[ 34%] [32mBuilding C object CMakeFiles/darknet_ros_lib.dir/home/billliu/trials/volans/src/mid/image_process/ros_darknet/darknet/src/crnn_layer.c.o[0m
[ 36%] [32mBuilding C object CMakeFiles/darknet_ros_lib.dir/home/billliu/trials/volans/src/mid/image_process/ros_darknet/darknet/src/option_list.c.o[0m
[ 37%] [32mBuilding C object CMakeFiles/darknet_ros_lib.dir/home/billliu/trials/volans/src/mid/image_process/ros_darknet/darknet/src/crop_layer.c.o[0m
[ 39%] [32mBuilding C object CMakeFiles/darknet_ros_lib.dir/home/billliu/trials/volans/src/mid/image_process/ros_darknet/darknet/src/parser.c.o[0m
[ 40%] [32mBuilding C object CMakeFiles/darknet_ros_lib.dir/home/billliu/trials/volans/src/mid/image_process/ros_darknet/darknet/src/cuda.c.o[0m
[ 42%] [32mBuilding C object CMakeFiles/darknet_ros_lib.dir/home/billliu/trials/volans/src/mid/image_process/ros_darknet/darknet/src/region_layer.c.o[0m
[ 43%] [32mBuilding C object CMakeFiles/darknet_ros_lib.dir/home/billliu/trials/volans/src/mid/image_process/ros_darknet/darknet/src/data.c.o[0m
[ 45%] [32mBuilding C object CMakeFiles/darknet_ros_lib.dir/home/billliu/trials/volans/src/mid/image_process/ros_darknet/darknet/src/reorg_layer.c.o[0m
[ 46%] [32mBuilding C object CMakeFiles/darknet_ros_lib.dir/home/billliu/trials/volans/src/mid/image_process/ros_darknet/darknet/src/deconvolutional_layer.c.o[0m
[ 48%] [32mBuilding C object CMakeFiles/darknet_ros_lib.dir/home/billliu/trials/volans/src/mid/image_process/ros_darknet/darknet/src/rnn_layer.c.o[0m
[ 50%] [32mBuilding C object CMakeFiles/darknet_ros_lib.dir/home/billliu/trials/volans/src/mid/image_process/ros_darknet/darknet/src/demo.c.o[0m
[ 51%] [32mBuilding C object CMakeFiles/darknet_ros_lib.dir/home/billliu/trials/volans/src/mid/image_process/ros_darknet/darknet/src/route_layer.c.o[0m
[ 53%] [32mBuilding C object CMakeFiles/darknet_ros_lib.dir/home/billliu/trials/volans/src/mid/image_process/ros_darknet/darknet/src/detection_layer.c.o[0m
[ 54%] [32mBuilding C object CMakeFiles/darknet_ros_lib.dir/home/billliu/trials/volans/src/mid/image_process/ros_darknet/darknet/src/shortcut_layer.c.o[0m
[ 56%] [32mBuilding C object CMakeFiles/darknet_ros_lib.dir/home/billliu/trials/volans/src/mid/image_process/ros_darknet/darknet/src/dropout_layer.c.o[0m
[ 57%] [32mBuilding C object CMakeFiles/darknet_ros_lib.dir/home/billliu/trials/volans/src/mid/image_process/ros_darknet/darknet/src/softmax_layer.c.o[0m
[ 59%] [32mBuilding C object CMakeFiles/darknet_ros_lib.dir/home/billliu/trials/volans/src/mid/image_process/ros_darknet/darknet/src/gemm.c.o[0m
[ 60%] [32mBuilding C object CMakeFiles/darknet_ros_lib.dir/home/billliu/trials/volans/src/mid/image_process/ros_darknet/darknet/src/tree.c.o[0m
[ 62%] [32mBuilding C object CMakeFiles/darknet_ros_lib.dir/home/billliu/trials/volans/src/mid/image_process/ros_darknet/darknet/src/gru_layer.c.o[0m
[ 63%] [32mBuilding C object CMakeFiles/darknet_ros_lib.dir/home/billliu/trials/volans/src/mid/image_process/ros_darknet/darknet/src/utils.c.o[0m
[ 65%] [32mBuilding C object CMakeFiles/darknet_ros_lib.dir/home/billliu/trials/volans/src/mid/image_process/ros_darknet/darknet/src/upsample_layer.c.o[0m
In file included from [01m[K/usr/include/string.h:495[m[K,
                 from [01m[K/home/billliu/trials/volans/src/mid/image_process/ros_darknet/darknet/src/utils.c:3[m[K:
In function ‘[01m[Kstrncpy[m[K’,
    inlined from ‘[01m[Kcopy_string[m[K’ at [01m[K/home/billliu/trials/volans/src/mid/image_process/ros_darknet/darknet/src/utils.c:426:5[m[K:
[01m[K/usr/include/x86_64-linux-gnu/bits/string_fortified.h:106:10:[m[K [01;35m[Kwarning: [m[K‘[01m[K__builtin_strncpy[m[K’ specified bound depends on the length of the source argument [[01;35m[K-Wstringop-overflow=[m[K]
  106 |   return [01;35m[K__builtin___strncpy_chk (__dest, __src, __len, __bos (__dest))[m[K;
      |          [01;35m[K^~~~~~~~~~~~~~~~~~~~~~~~~~~~~~~~~~~~~~~~~~~~~~~~~~~~~~~~~~~~~~[m[K
[01m[K/home/billliu/trials/volans/src/mid/image_process/ros_darknet/darknet/src/utils.c:[m[K In function ‘[01m[Kcopy_string[m[K’:
[01m[K/home/billliu/trials/volans/src/mid/image_process/ros_darknet/darknet/src/utils.c:426:22:[m[K [01;36m[Knote: [m[Klength computed here
  426 |     strncpy(copy, s, [01;36m[Kstrlen(s)[m[K+1);
      |                      [01;36m[K^~~~~~~~~[m[K
[ 66%] [32mBuilding C object CMakeFiles/darknet_ros_lib.dir/home/billliu/trials/volans/src/mid/image_process/ros_darknet/darknet/src/logistic_layer.c.o[0m
[ 68%] [32mBuilding C object CMakeFiles/darknet_ros_lib.dir/home/billliu/trials/volans/src/mid/image_process/ros_darknet/darknet/src/l2norm_layer.c.o[0m
[ 69%] [32mBuilding C object CMakeFiles/darknet_ros_lib.dir/home/billliu/trials/volans/src/mid/image_process/ros_darknet/darknet/src/yolo_layer.c.o[0m
[ 71%] [32mBuilding C object CMakeFiles/darknet_ros_lib.dir/home/billliu/trials/volans/src/mid/image_process/ros_darknet/darknet/examples/art.c.o[0m
[ 72%] [32mBuilding C object CMakeFiles/darknet_ros_lib.dir/home/billliu/trials/volans/src/mid/image_process/ros_darknet/darknet/examples/lsd.c.o[0m
[ 74%] [32mBuilding C object CMakeFiles/darknet_ros_lib.dir/home/billliu/trials/volans/src/mid/image_process/ros_darknet/darknet/examples/attention.c.o[0m
[ 75%] [32mBuilding C object CMakeFiles/darknet_ros_lib.dir/home/billliu/trials/volans/src/mid/image_process/ros_darknet/darknet/examples/nightmare.c.o[0m
[ 77%] [32mBuilding C object CMakeFiles/darknet_ros_lib.dir/home/billliu/trials/volans/src/mid/image_process/ros_darknet/darknet/examples/captcha.c.o[0m
[ 78%] [32mBuilding C object CMakeFiles/darknet_ros_lib.dir/home/billliu/trials/volans/src/mid/image_process/ros_darknet/darknet/examples/regressor.c.o[0m
[ 80%] [32mBuilding C object CMakeFiles/darknet_ros_lib.dir/home/billliu/trials/volans/src/mid/image_process/ros_darknet/darknet/examples/cifar.c.o[0m
[ 81%] [32mBuilding C object CMakeFiles/darknet_ros_lib.dir/home/billliu/trials/volans/src/mid/image_process/ros_darknet/darknet/examples/rnn.c.o[0m
[ 83%] [32mBuilding C object CMakeFiles/darknet_ros_lib.dir/home/billliu/trials/volans/src/mid/image_process/ros_darknet/darknet/examples/classifier.c.o[0m
[ 84%] [32mBuilding C object CMakeFiles/darknet_ros_lib.dir/home/billliu/trials/volans/src/mid/image_process/ros_darknet/darknet/examples/segmenter.c.o[0m
[ 86%] [32mBuilding C object CMakeFiles/darknet_ros_lib.dir/home/billliu/trials/volans/src/mid/image_process/ros_darknet/darknet/examples/coco.c.o[0m
[ 87%] [32mBuilding C object CMakeFiles/darknet_ros_lib.dir/home/billliu/trials/volans/src/mid/image_process/ros_darknet/darknet/examples/super.c.o[0m
[ 89%] [32mBuilding C object CMakeFiles/darknet_ros_lib.dir/home/billliu/trials/volans/src/mid/image_process/ros_darknet/darknet/examples/darknet.c.o[0m
[ 90%] [32mBuilding C object CMakeFiles/darknet_ros_lib.dir/home/billliu/trials/volans/src/mid/image_process/ros_darknet/darknet/examples/tag.c.o[0m
[ 92%] [32mBuilding C object CMakeFiles/darknet_ros_lib.dir/home/billliu/trials/volans/src/mid/image_process/ros_darknet/darknet/examples/detector.c.o[0m
[ 93%] [32mBuilding C object CMakeFiles/darknet_ros_lib.dir/home/billliu/trials/volans/src/mid/image_process/ros_darknet/darknet/examples/yolo.c.o[0m
[ 95%] [32mBuilding C object CMakeFiles/darknet_ros_lib.dir/home/billliu/trials/volans/src/mid/image_process/ros_darknet/darknet/examples/go.c.o[0m
[ 96%] [32m[1mLinking CXX shared library /home/billliu/trials/volans/devel/.private/darknet_ros/lib/libdarknet_ros_lib.so[0m
[ 96%] Built target darknet_ros_lib
[35m[1mScanning dependencies of target darknet_ros[0m
[ 98%] [32mBuilding CXX object CMakeFiles/darknet_ros.dir/src/yolo_object_detector_node.cpp.o[0m
[100%] [32m[1mLinking CXX executable /home/billliu/trials/volans/devel/.private/darknet_ros/lib/darknet_ros/darknet_ros[0m
/usr/bin/ld: /home/billliu/trials/volans/devel/.private/darknet_ros/lib/libdarknet_ros_lib.so: undefined reference to `cv::Mat::Mat()'
/usr/bin/ld: /home/billliu/trials/volans/devel/.private/darknet_ros/lib/libdarknet_ros_lib.so: undefined reference to `cv::String::allocate(unsigned long)'
/usr/bin/ld: /home/billliu/trials/volans/devel/.private/darknet_ros/lib/libdarknet_ros_lib.so: undefined reference to `cv::resizeWindow(cv::String const&, int, int)'
/usr/bin/ld: /home/billliu/trials/volans/devel/.private/darknet_ros/lib/libdarknet_ros_lib.so: undefined reference to `cv::namedWindow(cv::String const&, int)'
/usr/bin/ld: /home/billliu/trials/volans/devel/.private/darknet_ros/lib/libdarknet_ros_lib.so: undefined reference to `cvLoadImage'
/usr/bin/ld: /home/billliu/trials/volans/devel/.private/darknet_ros/lib/libdarknet_ros_lib.so: undefined reference to `cv::String::deallocate()'
/usr/bin/ld: /home/billliu/trials/volans/devel/.private/darknet_ros/lib/libdarknet_ros_lib.so: undefined reference to `cvSaveImage'
/usr/bin/ld: /home/billliu/trials/volans/devel/.private/darknet_ros/lib/libdarknet_ros_lib.so: undefined reference to `cv::setWindowProperty(cv::String const&, int, double)'
/usr/bin/ld: /home/billliu/trials/volans/devel/.private/darknet_ros/lib/libdarknet_ros_lib.so: undefined reference to `cv::moveWindow(cv::String const&, int, int)'
collect2: error: ld returned 1 exit status
make[2]: *** [CMakeFiles/darknet_ros.dir/build.make:220: /home/billliu/trials/volans/devel/.private/darknet_ros/lib/darknet_ros/darknet_ros] Error 1
make[1]: *** [CMakeFiles/Makefile2:182: CMakeFiles/darknet_ros.dir/all] Error 2
make: *** [Makefile:141: all] Error 2
