[33mWARNING: Target "transform_pointcloud" requests linking to directory "/opt/ros/noetic/lib/x86_64-linux-gnu".  Targets may link only to libraries.  CMake is dropping the item.[0m
[33mWARNING: Target "transform_pointcloud" requests linking to directory "/usr/lib/x86_64-linux-gnu".  Targets may link only to libraries.  CMake is dropping the item.[0m
[33mWARNING: Target "transform_pointcloud" requests linking to directory "/opt/ros/noetic/lib/x86_64-linux-gnu".  Targets may link only to libraries.  CMake is dropping the item.[0m
[33mWARNING: Target "transform_pointcloud" requests linking to directory "/usr/lib/x86_64-linux-gnu".  Targets may link only to libraries.  CMake is dropping the item.[0m
[33mWARNING: Target "goal_transform" requests linking to directory "/opt/ros/noetic/lib/x86_64-linux-gnu".  Targets may link only to libraries.  CMake is dropping the item.[0m
[33mWARNING: Target "goal_transform" requests linking to directory "/usr/lib/x86_64-linux-gnu".  Targets may link only to libraries.  CMake is dropping the item.[0m
[33mWARNING: Target "goal_transform" requests linking to directory "/opt/ros/noetic/lib/x86_64-linux-gnu".  Targets may link only to libraries.  CMake is dropping the item.[0m
[33mWARNING: Target "goal_transform" requests linking to directory "/usr/lib/x86_64-linux-gnu".  Targets may link only to libraries.  CMake is dropping the item.[0m
[33mWARNING: Target "traj_gen" requests linking to directory "/opt/ros/noetic/lib/x86_64-linux-gnu".  Targets may link only to libraries.  CMake is dropping the item.[0m
[33mWARNING: Target "traj_gen" requests linking to directory "/usr/lib/x86_64-linux-gnu".  Targets may link only to libraries.  CMake is dropping the item.[0m
[33mWARNING: Target "traj_gen" requests linking to directory "/opt/ros/noetic/lib/x86_64-linux-gnu".  Targets may link only to libraries.  CMake is dropping the item.[0m
[33mWARNING: Target "traj_gen" requests linking to directory "/usr/lib/x86_64-linux-gnu".  Targets may link only to libraries.  CMake is dropping the item.[0m
[33mWARNING: Target "old_path_planning" requests linking to directory "/opt/ros/noetic/lib/x86_64-linux-gnu".  Targets may link only to libraries.  CMake is dropping the item.[0m
[33mWARNING: Target "old_path_planning" requests linking to directory "/usr/lib/x86_64-linux-gnu".  Targets may link only to libraries.  CMake is dropping the item.[0m
[33mWARNING: Target "old_path_planning" requests linking to directory "/opt/ros/noetic/lib/x86_64-linux-gnu".  Targets may link only to libraries.  CMake is dropping the item.[0m
[33mWARNING: Target "old_path_planning" requests linking to directory "/usr/lib/x86_64-linux-gnu".  Targets may link only to libraries.  CMake is dropping the item.[0m
[33mWARNING: Target "scale" requests linking to directory "/opt/ros/noetic/lib/x86_64-linux-gnu".  Targets may link only to libraries.  CMake is dropping the item.[0m
[33mWARNING: Target "scale" requests linking to directory "/usr/lib/x86_64-linux-gnu".  Targets may link only to libraries.  CMake is dropping the item.[0m
[33mWARNING: Target "scale" requests linking to directory "/opt/ros/noetic/lib/x86_64-linux-gnu".  Targets may link only to libraries.  CMake is dropping the item.[0m
[33mWARNING: Target "scale" requests linking to directory "/usr/lib/x86_64-linux-gnu".  Targets may link only to libraries.  CMake is dropping the item.[0m
[33mWARNING: Target "path_planning_node" requests linking to directory "/opt/ros/noetic/lib/x86_64-linux-gnu".  Targets may link only to libraries.  CMake is dropping the item.[0m
[33mWARNING: Target "path_planning_node" requests linking to directory "/usr/lib/x86_64-linux-gnu".  Targets may link only to libraries.  CMake is dropping the item.[0m
[33mWARNING: Target "path_planning_node" requests linking to directory "/opt/ros/noetic/lib/x86_64-linux-gnu".  Targets may link only to libraries.  CMake is dropping the item.[0m
[33mWARNING: Target "path_planning_node" requests linking to directory "/usr/lib/x86_64-linux-gnu".  Targets may link only to libraries.  CMake is dropping the item.[0m
