Linked: (/home/billliu/trials/volans/devel/.private/simulation/include/simulation/Control.h, /home/billliu/trials/volans/devel/include/simulation/Control.h)
Linked: (/home/billliu/trials/volans/devel/.private/simulation/include/simulation/IRLock.h, /home/billliu/trials/volans/devel/include/simulation/IRLock.h)
Linked: (/home/billliu/trials/volans/devel/.private/simulation/share/simulation/cmake/simulationConfig.cmake, /home/billliu/trials/volans/devel/share/simulation/cmake/simulationConfig.cmake)
Linked: (/home/billliu/trials/volans/devel/.private/simulation/share/simulation/cmake/simulation-msg-extras.cmake, /home/billliu/trials/volans/devel/share/simulation/cmake/simulation-msg-extras.cmake)
Linked: (/home/billliu/trials/volans/devel/.private/simulation/share/simulation/cmake/simulationConfig-version.cmake, /home/billliu/trials/volans/devel/share/simulation/cmake/simulationConfig-version.cmake)
Linked: (/home/billliu/trials/volans/devel/.private/simulation/share/simulation/cmake/simulation-msg-paths.cmake, /home/billliu/trials/volans/devel/share/simulation/cmake/simulation-msg-paths.cmake)
Linked: (/home/billliu/trials/volans/devel/.private/simulation/share/gennodejs/ros/simulation/_index.js, /home/billliu/trials/volans/devel/share/gennodejs/ros/simulation/_index.js)
Linked: (/home/billliu/trials/volans/devel/.private/simulation/share/gennodejs/ros/simulation/msg/Control.js, /home/billliu/trials/volans/devel/share/gennodejs/ros/simulation/msg/Control.js)
Linked: (/home/billliu/trials/volans/devel/.private/simulation/share/gennodejs/ros/simulation/msg/_index.js, /home/billliu/trials/volans/devel/share/gennodejs/ros/simulation/msg/_index.js)
Linked: (/home/billliu/trials/volans/devel/.private/simulation/share/gennodejs/ros/simulation/msg/IRLock.js, /home/billliu/trials/volans/devel/share/gennodejs/ros/simulation/msg/IRLock.js)
Linked: (/home/billliu/trials/volans/devel/.private/simulation/share/roseus/ros/simulation/manifest.l, /home/billliu/trials/volans/devel/share/roseus/ros/simulation/manifest.l)
Linked: (/home/billliu/trials/volans/devel/.private/simulation/share/roseus/ros/simulation/msg/IRLock.l, /home/billliu/trials/volans/devel/share/roseus/ros/simulation/msg/IRLock.l)
Linked: (/home/billliu/trials/volans/devel/.private/simulation/share/roseus/ros/simulation/msg/Control.l, /home/billliu/trials/volans/devel/share/roseus/ros/simulation/msg/Control.l)
Linked: (/home/billliu/trials/volans/devel/.private/simulation/share/common-lisp/ros/simulation/msg/IRLock.lisp, /home/billliu/trials/volans/devel/share/common-lisp/ros/simulation/msg/IRLock.lisp)
Linked: (/home/billliu/trials/volans/devel/.private/simulation/share/common-lisp/ros/simulation/msg/_package.lisp, /home/billliu/trials/volans/devel/share/common-lisp/ros/simulation/msg/_package.lisp)
Linked: (/home/billliu/trials/volans/devel/.private/simulation/share/common-lisp/ros/simulation/msg/simulation-msg.asd, /home/billliu/trials/volans/devel/share/common-lisp/ros/simulation/msg/simulation-msg.asd)
Linked: (/home/billliu/trials/volans/devel/.private/simulation/share/common-lisp/ros/simulation/msg/_package_IRLock.lisp, /home/billliu/trials/volans/devel/share/common-lisp/ros/simulation/msg/_package_IRLock.lisp)
Linked: (/home/billliu/trials/volans/devel/.private/simulation/share/common-lisp/ros/simulation/msg/_package_Control.lisp, /home/billliu/trials/volans/devel/share/common-lisp/ros/simulation/msg/_package_Control.lisp)
Linked: (/home/billliu/trials/volans/devel/.private/simulation/share/common-lisp/ros/simulation/msg/Control.lisp, /home/billliu/trials/volans/devel/share/common-lisp/ros/simulation/msg/Control.lisp)
Linked: (/home/billliu/trials/volans/devel/.private/simulation/lib/librealsense_gazebo_plugin.so, /home/billliu/trials/volans/devel/lib/librealsense_gazebo_plugin.so)
Linked: (/home/billliu/trials/volans/devel/.private/simulation/lib/simulation/cmake.lock, /home/billliu/trials/volans/devel/lib/simulation/cmake.lock)
Linked: (/home/billliu/trials/volans/devel/.private/simulation/lib/simulation/joystick_translator, /home/billliu/trials/volans/devel/lib/simulation/joystick_translator)
Linked: (/home/billliu/trials/volans/devel/.private/simulation/lib/pkgconfig/simulation.pc, /home/billliu/trials/volans/devel/lib/pkgconfig/simulation.pc)
Linked: (/home/billliu/trials/volans/devel/.private/simulation/lib/python3/dist-packages/simulation/__init__.py, /home/billliu/trials/volans/devel/lib/python3/dist-packages/simulation/__init__.py)
Linked: (/home/billliu/trials/volans/devel/.private/simulation/lib/python3/dist-packages/simulation/msg/_IRLock.py, /home/billliu/trials/volans/devel/lib/python3/dist-packages/simulation/msg/_IRLock.py)
Linked: (/home/billliu/trials/volans/devel/.private/simulation/lib/python3/dist-packages/simulation/msg/__init__.py, /home/billliu/trials/volans/devel/lib/python3/dist-packages/simulation/msg/__init__.py)
Linked: (/home/billliu/trials/volans/devel/.private/simulation/lib/python3/dist-packages/simulation/msg/_Control.py, /home/billliu/trials/volans/devel/lib/python3/dist-packages/simulation/msg/_Control.py)
