Symlinking /home/billliu/trials/volans/devel/include/simulation/Control.h
Symlinking /home/billliu/trials/volans/devel/include/simulation/IRLock.h
Symlinking /home/billliu/trials/volans/devel/share/simulation/cmake/simulationConfig.cmake
Symlinking /home/billliu/trials/volans/devel/share/simulation/cmake/simulation-msg-extras.cmake
Symlinking /home/billliu/trials/volans/devel/share/simulation/cmake/simulationConfig-version.cmake
Symlinking /home/billliu/trials/volans/devel/share/simulation/cmake/simulation-msg-paths.cmake
Symlinking /home/billliu/trials/volans/devel/share/gennodejs/ros/simulation/_index.js
Symlinking /home/billliu/trials/volans/devel/share/gennodejs/ros/simulation/msg/Control.js
Symlinking /home/billliu/trials/volans/devel/share/gennodejs/ros/simulation/msg/_index.js
Symlinking /home/billliu/trials/volans/devel/share/gennodejs/ros/simulation/msg/IRLock.js
Symlinking /home/billliu/trials/volans/devel/share/roseus/ros/simulation/manifest.l
Symlinking /home/billliu/trials/volans/devel/share/roseus/ros/simulation/msg/IRLock.l
Symlinking /home/billliu/trials/volans/devel/share/roseus/ros/simulation/msg/Control.l
Symlinking /home/billliu/trials/volans/devel/share/common-lisp/ros/simulation/msg/IRLock.lisp
Symlinking /home/billliu/trials/volans/devel/share/common-lisp/ros/simulation/msg/_package.lisp
Symlinking /home/billliu/trials/volans/devel/share/common-lisp/ros/simulation/msg/simulation-msg.asd
Symlinking /home/billliu/trials/volans/devel/share/common-lisp/ros/simulation/msg/_package_IRLock.lisp
Symlinking /home/billliu/trials/volans/devel/share/common-lisp/ros/simulation/msg/_package_Control.lisp
Symlinking /home/billliu/trials/volans/devel/share/common-lisp/ros/simulation/msg/Control.lisp
Symlinking /home/billliu/trials/volans/devel/lib/librealsense_gazebo_plugin.so
Symlinking /home/billliu/trials/volans/devel/lib/simulation/cmake.lock
Symlinking /home/billliu/trials/volans/devel/lib/simulation/joystick_translator
Symlinking /home/billliu/trials/volans/devel/lib/pkgconfig/simulation.pc
Symlinking /home/billliu/trials/volans/devel/lib/python3/dist-packages/simulation/__init__.py
Symlinking /home/billliu/trials/volans/devel/lib/python3/dist-packages/simulation/msg/_IRLock.py
Symlinking /home/billliu/trials/volans/devel/lib/python3/dist-packages/simulation/msg/__init__.py
Symlinking /home/billliu/trials/volans/devel/lib/python3/dist-packages/simulation/msg/_Control.py
