[  0%] Built target geometry_msgs_generate_messages_eus
[  0%] Built target geometry_msgs_generate_messages_nodejs
[  0%] Built target std_msgs_generate_messages_nodejs
[  0%] Built target std_msgs_generate_messages_py
[  0%] Built target std_msgs_generate_messages_lisp
[  0%] Built target std_msgs_generate_messages_cpp
[  0%] Built target geometry_msgs_generate_messages_py
[  0%] Built target roscpp_generate_messages_cpp
[  0%] Built target sensor_msgs_generate_messages_py
[  0%] Built target roscpp_generate_messages_eus
[  0%] Built target geometry_msgs_generate_messages_lisp
[  0%] Built target rosgraph_msgs_generate_messages_nodejs
[  0%] Built target roscpp_generate_messages_py
[  0%] Built target roscpp_generate_messages_nodejs
[  0%] Built target rosgraph_msgs_generate_messages_lisp
[  0%] Built target rosgraph_msgs_generate_messages_eus
[  0%] Built target geometry_msgs_generate_messages_cpp
[  0%] Built target roscpp_generate_messages_lisp
[  0%] Built target sensor_msgs_generate_messages_cpp
[  0%] Built target rosgraph_msgs_generate_messages_py
[  0%] Built target sensor_msgs_generate_messages_lisp
[  0%] Built target sensor_msgs_generate_messages_eus
[  0%] Built target rosgraph_msgs_generate_messages_cpp
[  0%] Built target sensor_msgs_generate_messages_nodejs
[  0%] Built target std_msgs_generate_messages_eus
[  0%] Built target _simulation_generate_messages_check_deps_Control
[  0%] Built target _simulation_generate_messages_check_deps_IRLock
[35m[1mScanning dependencies of target simulation_generate_messages_py[0m
[ 13%] [34m[1mGenerating Python from MSG simulation/IRLock[0m
[ 26%] Built target realsense_gazebo_plugin
[35m[1mScanning dependencies of target simulation_generate_messages_nodejs[0m
[ 33%] [34m[1mGenerating Javascript code from simulation/IRLock.msg[0m
[ 40%] [34m[1mGenerating Javascript code from simulation/Control.msg[0m
[ 40%] Built target simulation_generate_messages_nodejs
[35m[1mScanning dependencies of target simulation_generate_messages_eus[0m
[ 46%] [34m[1mGenerating EusLisp code from simulation/IRLock.msg[0m
[ 53%] [34m[1mGenerating Python from MSG simulation/Control[0m
[ 60%] [34m[1mGenerating EusLisp code from simulation/Control.msg[0m
[ 66%] [34m[1mGenerating EusLisp manifest code for simulation[0m
[ 73%] [34m[1mGenerating Python msg __init__.py for simulation[0m
[ 73%] Built target simulation_generate_messages_py
[35m[1mScanning dependencies of target simulation_generate_messages_cpp[0m
[ 80%] [34m[1mGenerating C++ code from simulation/IRLock.msg[0m
[ 86%] [34m[1mGenerating C++ code from simulation/Control.msg[0m
[ 86%] Built target simulation_generate_messages_cpp
[35m[1mScanning dependencies of target simulation_generate_messages_lisp[0m
[ 93%] [34m[1mGenerating Lisp code from simulation/IRLock.msg[0m
[100%] [34m[1mGenerating Lisp code from simulation/Control.msg[0m
[100%] Built target simulation_generate_messages_lisp
[100%] Built target simulation_generate_messages_eus
[35m[1mScanning dependencies of target simulation_generate_messages[0m
[100%] Built target simulation_generate_messages
