Symlinking /home/billliu/trials/volans/devel/include/iarc_msgs/GetData.h
Symlinking /home/billliu/trials/volans/devel/include/iarc_msgs/Command.h
Symlinking /home/billliu/trials/volans/devel/include/iarc_msgs/HandSignal.h
Symlinking /home/billliu/trials/volans/devel/include/iarc_msgs/SendCommandRequest.h
Symlinking /home/billliu/trials/volans/devel/include/iarc_msgs/SendQRCodeRequest.h
Symlinking /home/billliu/trials/volans/devel/include/iarc_msgs/StartCureRequest.h
Symlinking /home/billliu/trials/volans/devel/include/iarc_msgs/SendQRMatrixRequest.h
Symlinking /home/billliu/trials/volans/devel/include/iarc_msgs/RoiPos.h
Symlinking /home/billliu/trials/volans/devel/include/iarc_msgs/Pwm.h
Symlinking /home/billliu/trials/volans/devel/include/iarc_msgs/QRCode.h
Symlinking /home/billliu/trials/volans/devel/include/iarc_msgs/SendQRMatrixResponse.h
Symlinking /home/billliu/trials/volans/devel/include/iarc_msgs/QRMatrix.h
Symlinking /home/billliu/trials/volans/devel/include/iarc_msgs/SendCommandResponse.h
Symlinking /home/billliu/trials/volans/devel/include/iarc_msgs/SendQRMatrix.h
Symlinking /home/billliu/trials/volans/devel/include/iarc_msgs/HandSignalRequest.h
Symlinking /home/billliu/trials/volans/devel/include/iarc_msgs/Start_Cure.h
Symlinking /home/billliu/trials/volans/devel/include/iarc_msgs/SendPose.h
Symlinking /home/billliu/trials/volans/devel/include/iarc_msgs/StartCure.h
Symlinking /home/billliu/trials/volans/devel/include/iarc_msgs/SendCommand.h
Symlinking /home/billliu/trials/volans/devel/include/iarc_msgs/SendPoseResponse.h
Symlinking /home/billliu/trials/volans/devel/include/iarc_msgs/SendPoseRequest.h
Symlinking /home/billliu/trials/volans/devel/include/iarc_msgs/SendQRCodeResponse.h
Symlinking /home/billliu/trials/volans/devel/include/iarc_msgs/Pose.h
Symlinking /home/billliu/trials/volans/devel/include/iarc_msgs/HandSignalResponse.h
Symlinking /home/billliu/trials/volans/devel/include/iarc_msgs/SendQRCode.h
Symlinking /home/billliu/trials/volans/devel/include/iarc_msgs/QuadVelocity.h
Symlinking /home/billliu/trials/volans/devel/include/iarc_msgs/QuadState.h
Symlinking /home/billliu/trials/volans/devel/include/iarc_msgs/Start_QRScan.h
Symlinking /home/billliu/trials/volans/devel/include/iarc_msgs/StartCureResponse.h
Symlinking /home/billliu/trials/volans/devel/share/gennodejs/ros/iarc_msgs/_index.js
Symlinking /home/billliu/trials/volans/devel/share/gennodejs/ros/iarc_msgs/msg/GetData.js
Symlinking /home/billliu/trials/volans/devel/share/gennodejs/ros/iarc_msgs/msg/Pose.js
Symlinking /home/billliu/trials/volans/devel/share/gennodejs/ros/iarc_msgs/msg/QRMatrix.js
Symlinking /home/billliu/trials/volans/devel/share/gennodejs/ros/iarc_msgs/msg/RoiPos.js
Symlinking /home/billliu/trials/volans/devel/share/gennodejs/ros/iarc_msgs/msg/Start_QRScan.js
Symlinking /home/billliu/trials/volans/devel/share/gennodejs/ros/iarc_msgs/msg/Command.js
Symlinking /home/billliu/trials/volans/devel/share/gennodejs/ros/iarc_msgs/msg/_index.js
Symlinking /home/billliu/trials/volans/devel/share/gennodejs/ros/iarc_msgs/msg/Pwm.js
Symlinking /home/billliu/trials/volans/devel/share/gennodejs/ros/iarc_msgs/msg/Start_Cure.js
Symlinking /home/billliu/trials/volans/devel/share/gennodejs/ros/iarc_msgs/msg/QuadVelocity.js
Symlinking /home/billliu/trials/volans/devel/share/gennodejs/ros/iarc_msgs/msg/QuadState.js
Symlinking /home/billliu/trials/volans/devel/share/gennodejs/ros/iarc_msgs/msg/QRCode.js
Symlinking /home/billliu/trials/volans/devel/share/gennodejs/ros/iarc_msgs/srv/SendQRCode.js
Symlinking /home/billliu/trials/volans/devel/share/gennodejs/ros/iarc_msgs/srv/StartCure.js
Symlinking /home/billliu/trials/volans/devel/share/gennodejs/ros/iarc_msgs/srv/HandSignal.js
Symlinking /home/billliu/trials/volans/devel/share/gennodejs/ros/iarc_msgs/srv/SendCommand.js
Symlinking /home/billliu/trials/volans/devel/share/gennodejs/ros/iarc_msgs/srv/_index.js
Symlinking /home/billliu/trials/volans/devel/share/gennodejs/ros/iarc_msgs/srv/SendQRMatrix.js
Symlinking /home/billliu/trials/volans/devel/share/gennodejs/ros/iarc_msgs/srv/SendPose.js
Symlinking /home/billliu/trials/volans/devel/share/roseus/ros/iarc_msgs/manifest.l
Symlinking /home/billliu/trials/volans/devel/share/roseus/ros/iarc_msgs/msg/QRCode.l
Symlinking /home/billliu/trials/volans/devel/share/roseus/ros/iarc_msgs/msg/Start_Cure.l
Symlinking /home/billliu/trials/volans/devel/share/roseus/ros/iarc_msgs/msg/Pwm.l
Symlinking /home/billliu/trials/volans/devel/share/roseus/ros/iarc_msgs/msg/RoiPos.l
Symlinking /home/billliu/trials/volans/devel/share/roseus/ros/iarc_msgs/msg/Start_QRScan.l
Symlinking /home/billliu/trials/volans/devel/share/roseus/ros/iarc_msgs/msg/QuadState.l
Symlinking /home/billliu/trials/volans/devel/share/roseus/ros/iarc_msgs/msg/GetData.l
Symlinking /home/billliu/trials/volans/devel/share/roseus/ros/iarc_msgs/msg/QRMatrix.l
Symlinking /home/billliu/trials/volans/devel/share/roseus/ros/iarc_msgs/msg/QuadVelocity.l
Symlinking /home/billliu/trials/volans/devel/share/roseus/ros/iarc_msgs/msg/Pose.l
Symlinking /home/billliu/trials/volans/devel/share/roseus/ros/iarc_msgs/msg/Command.l
Symlinking /home/billliu/trials/volans/devel/share/roseus/ros/iarc_msgs/srv/SendPose.l
Symlinking /home/billliu/trials/volans/devel/share/roseus/ros/iarc_msgs/srv/StartCure.l
Symlinking /home/billliu/trials/volans/devel/share/roseus/ros/iarc_msgs/srv/SendCommand.l
Symlinking /home/billliu/trials/volans/devel/share/roseus/ros/iarc_msgs/srv/SendQRCode.l
Symlinking /home/billliu/trials/volans/devel/share/roseus/ros/iarc_msgs/srv/HandSignal.l
Symlinking /home/billliu/trials/volans/devel/share/roseus/ros/iarc_msgs/srv/SendQRMatrix.l
Symlinking /home/billliu/trials/volans/devel/share/iarc_msgs/cmake/iarc_msgs-msg-extras.cmake
Symlinking /home/billliu/trials/volans/devel/share/iarc_msgs/cmake/iarc_msgsConfig.cmake
Symlinking /home/billliu/trials/volans/devel/share/iarc_msgs/cmake/iarc_msgs-msg-paths.cmake
Symlinking /home/billliu/trials/volans/devel/share/iarc_msgs/cmake/iarc_msgsConfig-version.cmake
Symlinking /home/billliu/trials/volans/devel/share/common-lisp/ros/iarc_msgs/msg/Pwm.lisp
Symlinking /home/billliu/trials/volans/devel/share/common-lisp/ros/iarc_msgs/msg/QRMatrix.lisp
Symlinking /home/billliu/trials/volans/devel/share/common-lisp/ros/iarc_msgs/msg/Command.lisp
Symlinking /home/billliu/trials/volans/devel/share/common-lisp/ros/iarc_msgs/msg/_package_Pose.lisp
Symlinking /home/billliu/trials/volans/devel/share/common-lisp/ros/iarc_msgs/msg/GetData.lisp
Symlinking /home/billliu/trials/volans/devel/share/common-lisp/ros/iarc_msgs/msg/QRCode.lisp
Symlinking /home/billliu/trials/volans/devel/share/common-lisp/ros/iarc_msgs/msg/_package_Start_Cure.lisp
Symlinking /home/billliu/trials/volans/devel/share/common-lisp/ros/iarc_msgs/msg/_package_QRCode.lisp
Symlinking /home/billliu/trials/volans/devel/share/common-lisp/ros/iarc_msgs/msg/_package.lisp
Symlinking /home/billliu/trials/volans/devel/share/common-lisp/ros/iarc_msgs/msg/_package_QuadVelocity.lisp
Symlinking /home/billliu/trials/volans/devel/share/common-lisp/ros/iarc_msgs/msg/_package_RoiPos.lisp
Symlinking /home/billliu/trials/volans/devel/share/common-lisp/ros/iarc_msgs/msg/Pose.lisp
Symlinking /home/billliu/trials/volans/devel/share/common-lisp/ros/iarc_msgs/msg/QuadState.lisp
Symlinking /home/billliu/trials/volans/devel/share/common-lisp/ros/iarc_msgs/msg/Start_Cure.lisp
Symlinking /home/billliu/trials/volans/devel/share/common-lisp/ros/iarc_msgs/msg/iarc_msgs-msg.asd
Symlinking /home/billliu/trials/volans/devel/share/common-lisp/ros/iarc_msgs/msg/_package_Command.lisp
Symlinking /home/billliu/trials/volans/devel/share/common-lisp/ros/iarc_msgs/msg/QuadVelocity.lisp
Symlinking /home/billliu/trials/volans/devel/share/common-lisp/ros/iarc_msgs/msg/_package_QuadState.lisp
Symlinking /home/billliu/trials/volans/devel/share/common-lisp/ros/iarc_msgs/msg/_package_QRMatrix.lisp
Symlinking /home/billliu/trials/volans/devel/share/common-lisp/ros/iarc_msgs/msg/RoiPos.lisp
Symlinking /home/billliu/trials/volans/devel/share/common-lisp/ros/iarc_msgs/msg/_package_Start_QRScan.lisp
Symlinking /home/billliu/trials/volans/devel/share/common-lisp/ros/iarc_msgs/msg/_package_Pwm.lisp
Symlinking /home/billliu/trials/volans/devel/share/common-lisp/ros/iarc_msgs/msg/Start_QRScan.lisp
Symlinking /home/billliu/trials/volans/devel/share/common-lisp/ros/iarc_msgs/msg/_package_GetData.lisp
Symlinking /home/billliu/trials/volans/devel/share/common-lisp/ros/iarc_msgs/srv/StartCure.lisp
Symlinking /home/billliu/trials/volans/devel/share/common-lisp/ros/iarc_msgs/srv/SendPose.lisp
Symlinking /home/billliu/trials/volans/devel/share/common-lisp/ros/iarc_msgs/srv/SendCommand.lisp
Symlinking /home/billliu/trials/volans/devel/share/common-lisp/ros/iarc_msgs/srv/SendQRMatrix.lisp
Symlinking /home/billliu/trials/volans/devel/share/common-lisp/ros/iarc_msgs/srv/SendQRCode.lisp
Symlinking /home/billliu/trials/volans/devel/share/common-lisp/ros/iarc_msgs/srv/_package.lisp
Symlinking /home/billliu/trials/volans/devel/share/common-lisp/ros/iarc_msgs/srv/_package_SendPose.lisp
Symlinking /home/billliu/trials/volans/devel/share/common-lisp/ros/iarc_msgs/srv/_package_SendQRCode.lisp
Symlinking /home/billliu/trials/volans/devel/share/common-lisp/ros/iarc_msgs/srv/_package_StartCure.lisp
Symlinking /home/billliu/trials/volans/devel/share/common-lisp/ros/iarc_msgs/srv/iarc_msgs-srv.asd
Symlinking /home/billliu/trials/volans/devel/share/common-lisp/ros/iarc_msgs/srv/HandSignal.lisp
Symlinking /home/billliu/trials/volans/devel/share/common-lisp/ros/iarc_msgs/srv/_package_SendQRMatrix.lisp
Symlinking /home/billliu/trials/volans/devel/share/common-lisp/ros/iarc_msgs/srv/_package_HandSignal.lisp
Symlinking /home/billliu/trials/volans/devel/share/common-lisp/ros/iarc_msgs/srv/_package_SendCommand.lisp
Symlinking /home/billliu/trials/volans/devel/lib/pkgconfig/iarc_msgs.pc
Symlinking /home/billliu/trials/volans/devel/lib/python3/dist-packages/iarc_msgs/__init__.py
Symlinking /home/billliu/trials/volans/devel/lib/python3/dist-packages/iarc_msgs/msg/_QuadState.py
Symlinking /home/billliu/trials/volans/devel/lib/python3/dist-packages/iarc_msgs/msg/_Pwm.py
Symlinking /home/billliu/trials/volans/devel/lib/python3/dist-packages/iarc_msgs/msg/_Start_Cure.py
Symlinking /home/billliu/trials/volans/devel/lib/python3/dist-packages/iarc_msgs/msg/_QRCode.py
Symlinking /home/billliu/trials/volans/devel/lib/python3/dist-packages/iarc_msgs/msg/_QuadVelocity.py
Symlinking /home/billliu/trials/volans/devel/lib/python3/dist-packages/iarc_msgs/msg/_GetData.py
Symlinking /home/billliu/trials/volans/devel/lib/python3/dist-packages/iarc_msgs/msg/_RoiPos.py
Symlinking /home/billliu/trials/volans/devel/lib/python3/dist-packages/iarc_msgs/msg/_QRMatrix.py
Symlinking /home/billliu/trials/volans/devel/lib/python3/dist-packages/iarc_msgs/msg/__init__.py
Symlinking /home/billliu/trials/volans/devel/lib/python3/dist-packages/iarc_msgs/msg/_Pose.py
Symlinking /home/billliu/trials/volans/devel/lib/python3/dist-packages/iarc_msgs/msg/_Start_QRScan.py
Symlinking /home/billliu/trials/volans/devel/lib/python3/dist-packages/iarc_msgs/msg/_Command.py
Symlinking /home/billliu/trials/volans/devel/lib/python3/dist-packages/iarc_msgs/srv/_SendQRCode.py
Symlinking /home/billliu/trials/volans/devel/lib/python3/dist-packages/iarc_msgs/srv/_HandSignal.py
Symlinking /home/billliu/trials/volans/devel/lib/python3/dist-packages/iarc_msgs/srv/__init__.py
Symlinking /home/billliu/trials/volans/devel/lib/python3/dist-packages/iarc_msgs/srv/_SendPose.py
Symlinking /home/billliu/trials/volans/devel/lib/python3/dist-packages/iarc_msgs/srv/_StartCure.py
Symlinking /home/billliu/trials/volans/devel/lib/python3/dist-packages/iarc_msgs/srv/_SendQRMatrix.py
Symlinking /home/billliu/trials/volans/devel/lib/python3/dist-packages/iarc_msgs/srv/_SendCommand.py
