[35m[1mScanning dependencies of target _iarc_msgs_generate_messages_check_deps_RoiPos[0m
[  0%] Built target _iarc_msgs_generate_messages_check_deps_RoiPos
[35m[1mScanning dependencies of target _iarc_msgs_generate_messages_check_deps_StartCure[0m
[  0%] Built target _iarc_msgs_generate_messages_check_deps_StartCure
[35m[1mScanning dependencies of target _iarc_msgs_generate_messages_check_deps_SendQRCode[0m
[  0%] Built target _iarc_msgs_generate_messages_check_deps_SendQRCode
[35m[1mScanning dependencies of target _iarc_msgs_generate_messages_check_deps_SendPose[0m
[  0%] Built target _iarc_msgs_generate_messages_check_deps_SendPose
[35m[1mScanning dependencies of target _iarc_msgs_generate_messages_check_deps_SendCommand[0m
[  0%] Built target _iarc_msgs_generate_messages_check_deps_SendCommand
[35m[1mScanning dependencies of target _iarc_msgs_generate_messages_check_deps_HandSignal[0m
[  0%] Built target _iarc_msgs_generate_messages_check_deps_HandSignal
[35m[1mScanning dependencies of target _iarc_msgs_generate_messages_check_deps_Start_QRScan[0m
[  0%] Built target _iarc_msgs_generate_messages_check_deps_Start_QRScan
[35m[1mScanning dependencies of target _iarc_msgs_generate_messages_check_deps_GetData[0m
[  0%] Built target _iarc_msgs_generate_messages_check_deps_GetData
[35m[1mScanning dependencies of target _iarc_msgs_generate_messages_check_deps_QRCode[0m
[  0%] Built target _iarc_msgs_generate_messages_check_deps_QRCode
[35m[1mScanning dependencies of target _iarc_msgs_generate_messages_check_deps_QuadVelocity[0m
[  0%] Built target _iarc_msgs_generate_messages_check_deps_QuadVelocity
[35m[1mScanning dependencies of target _iarc_msgs_generate_messages_check_deps_Start_Cure[0m
[  0%] Built target _iarc_msgs_generate_messages_check_deps_Start_Cure
[35m[1mScanning dependencies of target _iarc_msgs_generate_messages_check_deps_Command[0m
[  0%] Built target _iarc_msgs_generate_messages_check_deps_Command
[35m[1mScanning dependencies of target _iarc_msgs_generate_messages_check_deps_QuadState[0m
[  0%] Built target _iarc_msgs_generate_messages_check_deps_QuadState
[35m[1mScanning dependencies of target std_msgs_generate_messages_nodejs[0m
[  0%] Built target std_msgs_generate_messages_nodejs
[35m[1mScanning dependencies of target _iarc_msgs_generate_messages_check_deps_QRMatrix[0m
[  0%] Built target _iarc_msgs_generate_messages_check_deps_QRMatrix
[35m[1mScanning dependencies of target _iarc_msgs_generate_messages_check_deps_Pose[0m
[  0%] Built target _iarc_msgs_generate_messages_check_deps_Pose
[35m[1mScanning dependencies of target _iarc_msgs_generate_messages_check_deps_SendQRMatrix[0m
[  0%] Built target _iarc_msgs_generate_messages_check_deps_SendQRMatrix
[35m[1mScanning dependencies of target _iarc_msgs_generate_messages_check_deps_Pwm[0m
[  0%] Built target _iarc_msgs_generate_messages_check_deps_Pwm
[35m[1mScanning dependencies of target std_msgs_generate_messages_lisp[0m
[  0%] Built target std_msgs_generate_messages_lisp
[35m[1mScanning dependencies of target std_msgs_generate_messages_eus[0m
[  0%] Built target std_msgs_generate_messages_eus
[35m[1mScanning dependencies of target std_msgs_generate_messages_cpp[0m
[  0%] Built target std_msgs_generate_messages_cpp
[35m[1mScanning dependencies of target std_msgs_generate_messages_py[0m
[  0%] Built target std_msgs_generate_messages_py
[35m[1mScanning dependencies of target iarc_msgs_generate_messages_nodejs[0m
[  1%] [34m[1mGenerating Javascript code from iarc_msgs/GetData.msg[0m
[  2%] [34m[1mGenerating Javascript code from iarc_msgs/Pose.msg[0m
[  3%] [34m[1mGenerating Javascript code from iarc_msgs/Command.msg[0m
[  4%] [34m[1mGenerating Javascript code from iarc_msgs/QRMatrix.msg[0m
[  5%] [34m[1mGenerating Javascript code from iarc_msgs/QRCode.msg[0m
[  6%] [34m[1mGenerating Javascript code from iarc_msgs/Pwm.msg[0m
[  7%] [34m[1mGenerating Javascript code from iarc_msgs/RoiPos.msg[0m
[  9%] [34m[1mGenerating Javascript code from iarc_msgs/QuadState.msg[0m
[ 10%] [34m[1mGenerating Javascript code from iarc_msgs/QuadVelocity.msg[0m
[ 11%] [34m[1mGenerating Javascript code from iarc_msgs/Start_Cure.msg[0m
[ 12%] [34m[1mGenerating Javascript code from iarc_msgs/Start_QRScan.msg[0m
[ 13%] [34m[1mGenerating Javascript code from iarc_msgs/HandSignal.srv[0m
[ 14%] [34m[1mGenerating Javascript code from iarc_msgs/SendCommand.srv[0m
[ 15%] [34m[1mGenerating Javascript code from iarc_msgs/SendPose.srv[0m
[ 17%] [34m[1mGenerating Javascript code from iarc_msgs/SendQRMatrix.srv[0m
[ 18%] [34m[1mGenerating Javascript code from iarc_msgs/SendQRCode.srv[0m
[ 19%] [34m[1mGenerating Javascript code from iarc_msgs/StartCure.srv[0m
[ 19%] Built target iarc_msgs_generate_messages_nodejs
[35m[1mScanning dependencies of target iarc_msgs_generate_messages_lisp[0m
[ 20%] [34m[1mGenerating Lisp code from iarc_msgs/GetData.msg[0m
[ 21%] [34m[1mGenerating Lisp code from iarc_msgs/Pose.msg[0m
[ 22%] [34m[1mGenerating Lisp code from iarc_msgs/Command.msg[0m
[ 23%] [34m[1mGenerating Lisp code from iarc_msgs/QRMatrix.msg[0m
[ 25%] [34m[1mGenerating Lisp code from iarc_msgs/QRCode.msg[0m
[ 26%] [34m[1mGenerating Lisp code from iarc_msgs/Pwm.msg[0m
[ 27%] [34m[1mGenerating Lisp code from iarc_msgs/RoiPos.msg[0m
[ 28%] [34m[1mGenerating Lisp code from iarc_msgs/QuadState.msg[0m
[ 29%] [34m[1mGenerating Lisp code from iarc_msgs/QuadVelocity.msg[0m
[ 30%] [34m[1mGenerating Lisp code from iarc_msgs/Start_Cure.msg[0m
[ 31%] [34m[1mGenerating Lisp code from iarc_msgs/Start_QRScan.msg[0m
[ 32%] [34m[1mGenerating Lisp code from iarc_msgs/HandSignal.srv[0m
[ 34%] [34m[1mGenerating Lisp code from iarc_msgs/SendCommand.srv[0m
[ 35%] [34m[1mGenerating Lisp code from iarc_msgs/SendPose.srv[0m
[ 36%] [34m[1mGenerating Lisp code from iarc_msgs/SendQRMatrix.srv[0m
[ 37%] [34m[1mGenerating Lisp code from iarc_msgs/SendQRCode.srv[0m
[ 38%] [34m[1mGenerating Lisp code from iarc_msgs/StartCure.srv[0m
[ 38%] Built target iarc_msgs_generate_messages_lisp
[35m[1mScanning dependencies of target iarc_msgs_generate_messages_eus[0m
[ 39%] [34m[1mGenerating EusLisp code from iarc_msgs/GetData.msg[0m
[ 40%] [34m[1mGenerating EusLisp code from iarc_msgs/Pose.msg[0m
[ 42%] [34m[1mGenerating EusLisp code from iarc_msgs/Command.msg[0m
[ 43%] [34m[1mGenerating EusLisp code from iarc_msgs/QRMatrix.msg[0m
[ 44%] [34m[1mGenerating EusLisp code from iarc_msgs/QRCode.msg[0m
[ 45%] [34m[1mGenerating EusLisp code from iarc_msgs/Pwm.msg[0m
[ 46%] [34m[1mGenerating EusLisp code from iarc_msgs/RoiPos.msg[0m
[ 47%] [34m[1mGenerating EusLisp code from iarc_msgs/QuadState.msg[0m
[ 48%] [34m[1mGenerating EusLisp code from iarc_msgs/QuadVelocity.msg[0m
[ 50%] [34m[1mGenerating EusLisp code from iarc_msgs/Start_Cure.msg[0m
[ 51%] [34m[1mGenerating EusLisp code from iarc_msgs/Start_QRScan.msg[0m
[ 52%] [34m[1mGenerating EusLisp code from iarc_msgs/HandSignal.srv[0m
[ 53%] [34m[1mGenerating EusLisp code from iarc_msgs/SendCommand.srv[0m
[ 54%] [34m[1mGenerating EusLisp code from iarc_msgs/SendPose.srv[0m
[ 55%] [34m[1mGenerating EusLisp code from iarc_msgs/SendQRMatrix.srv[0m
[ 56%] [34m[1mGenerating EusLisp code from iarc_msgs/SendQRCode.srv[0m
[ 57%] [34m[1mGenerating EusLisp code from iarc_msgs/StartCure.srv[0m
[ 59%] [34m[1mGenerating EusLisp manifest code for iarc_msgs[0m
[ 59%] Built target iarc_msgs_generate_messages_eus
[35m[1mScanning dependencies of target iarc_msgs_generate_messages_cpp[0m
[ 60%] [34m[1mGenerating C++ code from iarc_msgs/GetData.msg[0m
[ 61%] [34m[1mGenerating C++ code from iarc_msgs/Pose.msg[0m
[ 62%] [34m[1mGenerating C++ code from iarc_msgs/Command.msg[0m
[ 63%] [34m[1mGenerating C++ code from iarc_msgs/QRMatrix.msg[0m
[ 64%] [34m[1mGenerating C++ code from iarc_msgs/QRCode.msg[0m
[ 65%] [34m[1mGenerating C++ code from iarc_msgs/Pwm.msg[0m
[ 67%] [34m[1mGenerating C++ code from iarc_msgs/RoiPos.msg[0m
[ 68%] [34m[1mGenerating C++ code from iarc_msgs/QuadState.msg[0m
[ 69%] [34m[1mGenerating C++ code from iarc_msgs/QuadVelocity.msg[0m
[ 70%] [34m[1mGenerating C++ code from iarc_msgs/Start_Cure.msg[0m
[ 71%] [34m[1mGenerating C++ code from iarc_msgs/Start_QRScan.msg[0m
[ 72%] [34m[1mGenerating C++ code from iarc_msgs/HandSignal.srv[0m
[ 73%] [34m[1mGenerating C++ code from iarc_msgs/SendCommand.srv[0m
[ 75%] [34m[1mGenerating C++ code from iarc_msgs/SendPose.srv[0m
[ 76%] [34m[1mGenerating C++ code from iarc_msgs/SendQRMatrix.srv[0m
[ 77%] [34m[1mGenerating C++ code from iarc_msgs/SendQRCode.srv[0m
[ 78%] [34m[1mGenerating C++ code from iarc_msgs/StartCure.srv[0m
[ 78%] Built target iarc_msgs_generate_messages_cpp
[35m[1mScanning dependencies of target iarc_msgs_generate_messages_py[0m
[ 79%] [34m[1mGenerating Python from MSG iarc_msgs/GetData[0m
[ 80%] [34m[1mGenerating Python from MSG iarc_msgs/Pose[0m
[ 81%] [34m[1mGenerating Python from MSG iarc_msgs/Command[0m
[ 82%] [34m[1mGenerating Python from MSG iarc_msgs/QRMatrix[0m
[ 84%] [34m[1mGenerating Python from MSG iarc_msgs/QRCode[0m
[ 85%] [34m[1mGenerating Python from MSG iarc_msgs/Pwm[0m
[ 86%] [34m[1mGenerating Python from MSG iarc_msgs/RoiPos[0m
[ 87%] [34m[1mGenerating Python from MSG iarc_msgs/QuadState[0m
[ 88%] [34m[1mGenerating Python from MSG iarc_msgs/QuadVelocity[0m
[ 89%] [34m[1mGenerating Python from MSG iarc_msgs/Start_Cure[0m
[ 90%] [34m[1mGenerating Python from MSG iarc_msgs/Start_QRScan[0m
[ 92%] [34m[1mGenerating Python code from SRV iarc_msgs/HandSignal[0m
[ 93%] [34m[1mGenerating Python code from SRV iarc_msgs/SendCommand[0m
[ 94%] [34m[1mGenerating Python code from SRV iarc_msgs/SendPose[0m
[ 95%] [34m[1mGenerating Python code from SRV iarc_msgs/SendQRMatrix[0m
[ 96%] [34m[1mGenerating Python code from SRV iarc_msgs/SendQRCode[0m
[ 97%] [34m[1mGenerating Python code from SRV iarc_msgs/StartCure[0m
[ 98%] [34m[1mGenerating Python msg __init__.py for iarc_msgs[0m
[100%] [34m[1mGenerating Python srv __init__.py for iarc_msgs[0m
[100%] Built target iarc_msgs_generate_messages_py
[35m[1mScanning dependencies of target iarc_msgs_generate_messages[0m
[100%] Built target iarc_msgs_generate_messages
