[  0%] Built target _iarc_msgs_generate_messages_check_deps_RoiPos
[  0%] Built target _iarc_msgs_generate_messages_check_deps_StartCure
[  0%] Built target _iarc_msgs_generate_messages_check_deps_SendPose
[  0%] Built target _iarc_msgs_generate_messages_check_deps_SendQRCode
[  0%] Built target _iarc_msgs_generate_messages_check_deps_SendCommand
[  0%] Built target _iarc_msgs_generate_messages_check_deps_HandSignal
[  0%] Built target _iarc_msgs_generate_messages_check_deps_Start_QRScan
[  0%] Built target _iarc_msgs_generate_messages_check_deps_GetData
[  0%] Built target _iarc_msgs_generate_messages_check_deps_QRCode
[  0%] Built target _iarc_msgs_generate_messages_check_deps_QuadVelocity
[  0%] Built target _iarc_msgs_generate_messages_check_deps_Start_Cure
[  0%] Built target _iarc_msgs_generate_messages_check_deps_Command
[  0%] Built target std_msgs_generate_messages_nodejs
[  0%] Built target _iarc_msgs_generate_messages_check_deps_QuadState
[  0%] Built target _iarc_msgs_generate_messages_check_deps_QRMatrix
[  0%] Built target _iarc_msgs_generate_messages_check_deps_Pose
[  0%] Built target _iarc_msgs_generate_messages_check_deps_SendQRMatrix
[  0%] Built target std_msgs_generate_messages_lisp
[  0%] Built target _iarc_msgs_generate_messages_check_deps_Pwm
[  0%] Built target std_msgs_generate_messages_eus
[  0%] Built target std_msgs_generate_messages_cpp
[  0%] Built target std_msgs_generate_messages_py
[ 19%] Built target iarc_msgs_generate_messages_nodejs
[ 38%] Built target iarc_msgs_generate_messages_lisp
[ 59%] Built target iarc_msgs_generate_messages_eus
[ 78%] Built target iarc_msgs_generate_messages_cpp
[100%] Built target iarc_msgs_generate_messages_py
[100%] Built target iarc_msgs_generate_messages
