Linked: (/home/billliu/trials/volans/devel/.private/iarc_msgs/include/iarc_msgs/GetData.h, /home/billliu/trials/volans/devel/include/iarc_msgs/GetData.h)
Linked: (/home/billliu/trials/volans/devel/.private/iarc_msgs/include/iarc_msgs/Command.h, /home/billliu/trials/volans/devel/include/iarc_msgs/Command.h)
Linked: (/home/billliu/trials/volans/devel/.private/iarc_msgs/include/iarc_msgs/HandSignal.h, /home/billliu/trials/volans/devel/include/iarc_msgs/HandSignal.h)
Linked: (/home/billliu/trials/volans/devel/.private/iarc_msgs/include/iarc_msgs/SendCommandRequest.h, /home/billliu/trials/volans/devel/include/iarc_msgs/SendCommandRequest.h)
Linked: (/home/billliu/trials/volans/devel/.private/iarc_msgs/include/iarc_msgs/SendQRCodeRequest.h, /home/billliu/trials/volans/devel/include/iarc_msgs/SendQRCodeRequest.h)
Linked: (/home/billliu/trials/volans/devel/.private/iarc_msgs/include/iarc_msgs/StartCureRequest.h, /home/billliu/trials/volans/devel/include/iarc_msgs/StartCureRequest.h)
Linked: (/home/billliu/trials/volans/devel/.private/iarc_msgs/include/iarc_msgs/SendQRMatrixRequest.h, /home/billliu/trials/volans/devel/include/iarc_msgs/SendQRMatrixRequest.h)
Linked: (/home/billliu/trials/volans/devel/.private/iarc_msgs/include/iarc_msgs/RoiPos.h, /home/billliu/trials/volans/devel/include/iarc_msgs/RoiPos.h)
Linked: (/home/billliu/trials/volans/devel/.private/iarc_msgs/include/iarc_msgs/Pwm.h, /home/billliu/trials/volans/devel/include/iarc_msgs/Pwm.h)
Linked: (/home/billliu/trials/volans/devel/.private/iarc_msgs/include/iarc_msgs/QRCode.h, /home/billliu/trials/volans/devel/include/iarc_msgs/QRCode.h)
Linked: (/home/billliu/trials/volans/devel/.private/iarc_msgs/include/iarc_msgs/SendQRMatrixResponse.h, /home/billliu/trials/volans/devel/include/iarc_msgs/SendQRMatrixResponse.h)
Linked: (/home/billliu/trials/volans/devel/.private/iarc_msgs/include/iarc_msgs/QRMatrix.h, /home/billliu/trials/volans/devel/include/iarc_msgs/QRMatrix.h)
Linked: (/home/billliu/trials/volans/devel/.private/iarc_msgs/include/iarc_msgs/SendCommandResponse.h, /home/billliu/trials/volans/devel/include/iarc_msgs/SendCommandResponse.h)
Linked: (/home/billliu/trials/volans/devel/.private/iarc_msgs/include/iarc_msgs/SendQRMatrix.h, /home/billliu/trials/volans/devel/include/iarc_msgs/SendQRMatrix.h)
Linked: (/home/billliu/trials/volans/devel/.private/iarc_msgs/include/iarc_msgs/HandSignalRequest.h, /home/billliu/trials/volans/devel/include/iarc_msgs/HandSignalRequest.h)
Linked: (/home/billliu/trials/volans/devel/.private/iarc_msgs/include/iarc_msgs/Start_Cure.h, /home/billliu/trials/volans/devel/include/iarc_msgs/Start_Cure.h)
Linked: (/home/billliu/trials/volans/devel/.private/iarc_msgs/include/iarc_msgs/SendPose.h, /home/billliu/trials/volans/devel/include/iarc_msgs/SendPose.h)
Linked: (/home/billliu/trials/volans/devel/.private/iarc_msgs/include/iarc_msgs/StartCure.h, /home/billliu/trials/volans/devel/include/iarc_msgs/StartCure.h)
Linked: (/home/billliu/trials/volans/devel/.private/iarc_msgs/include/iarc_msgs/SendCommand.h, /home/billliu/trials/volans/devel/include/iarc_msgs/SendCommand.h)
Linked: (/home/billliu/trials/volans/devel/.private/iarc_msgs/include/iarc_msgs/SendPoseResponse.h, /home/billliu/trials/volans/devel/include/iarc_msgs/SendPoseResponse.h)
Linked: (/home/billliu/trials/volans/devel/.private/iarc_msgs/include/iarc_msgs/SendPoseRequest.h, /home/billliu/trials/volans/devel/include/iarc_msgs/SendPoseRequest.h)
Linked: (/home/billliu/trials/volans/devel/.private/iarc_msgs/include/iarc_msgs/SendQRCodeResponse.h, /home/billliu/trials/volans/devel/include/iarc_msgs/SendQRCodeResponse.h)
Linked: (/home/billliu/trials/volans/devel/.private/iarc_msgs/include/iarc_msgs/Pose.h, /home/billliu/trials/volans/devel/include/iarc_msgs/Pose.h)
Linked: (/home/billliu/trials/volans/devel/.private/iarc_msgs/include/iarc_msgs/HandSignalResponse.h, /home/billliu/trials/volans/devel/include/iarc_msgs/HandSignalResponse.h)
Linked: (/home/billliu/trials/volans/devel/.private/iarc_msgs/include/iarc_msgs/SendQRCode.h, /home/billliu/trials/volans/devel/include/iarc_msgs/SendQRCode.h)
Linked: (/home/billliu/trials/volans/devel/.private/iarc_msgs/include/iarc_msgs/QuadVelocity.h, /home/billliu/trials/volans/devel/include/iarc_msgs/QuadVelocity.h)
Linked: (/home/billliu/trials/volans/devel/.private/iarc_msgs/include/iarc_msgs/QuadState.h, /home/billliu/trials/volans/devel/include/iarc_msgs/QuadState.h)
Linked: (/home/billliu/trials/volans/devel/.private/iarc_msgs/include/iarc_msgs/Start_QRScan.h, /home/billliu/trials/volans/devel/include/iarc_msgs/Start_QRScan.h)
Linked: (/home/billliu/trials/volans/devel/.private/iarc_msgs/include/iarc_msgs/StartCureResponse.h, /home/billliu/trials/volans/devel/include/iarc_msgs/StartCureResponse.h)
Linked: (/home/billliu/trials/volans/devel/.private/iarc_msgs/share/gennodejs/ros/iarc_msgs/_index.js, /home/billliu/trials/volans/devel/share/gennodejs/ros/iarc_msgs/_index.js)
Linked: (/home/billliu/trials/volans/devel/.private/iarc_msgs/share/gennodejs/ros/iarc_msgs/msg/GetData.js, /home/billliu/trials/volans/devel/share/gennodejs/ros/iarc_msgs/msg/GetData.js)
Linked: (/home/billliu/trials/volans/devel/.private/iarc_msgs/share/gennodejs/ros/iarc_msgs/msg/Pose.js, /home/billliu/trials/volans/devel/share/gennodejs/ros/iarc_msgs/msg/Pose.js)
Linked: (/home/billliu/trials/volans/devel/.private/iarc_msgs/share/gennodejs/ros/iarc_msgs/msg/QRMatrix.js, /home/billliu/trials/volans/devel/share/gennodejs/ros/iarc_msgs/msg/QRMatrix.js)
Linked: (/home/billliu/trials/volans/devel/.private/iarc_msgs/share/gennodejs/ros/iarc_msgs/msg/RoiPos.js, /home/billliu/trials/volans/devel/share/gennodejs/ros/iarc_msgs/msg/RoiPos.js)
Linked: (/home/billliu/trials/volans/devel/.private/iarc_msgs/share/gennodejs/ros/iarc_msgs/msg/Start_QRScan.js, /home/billliu/trials/volans/devel/share/gennodejs/ros/iarc_msgs/msg/Start_QRScan.js)
Linked: (/home/billliu/trials/volans/devel/.private/iarc_msgs/share/gennodejs/ros/iarc_msgs/msg/Command.js, /home/billliu/trials/volans/devel/share/gennodejs/ros/iarc_msgs/msg/Command.js)
Linked: (/home/billliu/trials/volans/devel/.private/iarc_msgs/share/gennodejs/ros/iarc_msgs/msg/_index.js, /home/billliu/trials/volans/devel/share/gennodejs/ros/iarc_msgs/msg/_index.js)
Linked: (/home/billliu/trials/volans/devel/.private/iarc_msgs/share/gennodejs/ros/iarc_msgs/msg/Pwm.js, /home/billliu/trials/volans/devel/share/gennodejs/ros/iarc_msgs/msg/Pwm.js)
Linked: (/home/billliu/trials/volans/devel/.private/iarc_msgs/share/gennodejs/ros/iarc_msgs/msg/Start_Cure.js, /home/billliu/trials/volans/devel/share/gennodejs/ros/iarc_msgs/msg/Start_Cure.js)
Linked: (/home/billliu/trials/volans/devel/.private/iarc_msgs/share/gennodejs/ros/iarc_msgs/msg/QuadVelocity.js, /home/billliu/trials/volans/devel/share/gennodejs/ros/iarc_msgs/msg/QuadVelocity.js)
Linked: (/home/billliu/trials/volans/devel/.private/iarc_msgs/share/gennodejs/ros/iarc_msgs/msg/QuadState.js, /home/billliu/trials/volans/devel/share/gennodejs/ros/iarc_msgs/msg/QuadState.js)
Linked: (/home/billliu/trials/volans/devel/.private/iarc_msgs/share/gennodejs/ros/iarc_msgs/msg/QRCode.js, /home/billliu/trials/volans/devel/share/gennodejs/ros/iarc_msgs/msg/QRCode.js)
Linked: (/home/billliu/trials/volans/devel/.private/iarc_msgs/share/gennodejs/ros/iarc_msgs/srv/SendQRCode.js, /home/billliu/trials/volans/devel/share/gennodejs/ros/iarc_msgs/srv/SendQRCode.js)
Linked: (/home/billliu/trials/volans/devel/.private/iarc_msgs/share/gennodejs/ros/iarc_msgs/srv/StartCure.js, /home/billliu/trials/volans/devel/share/gennodejs/ros/iarc_msgs/srv/StartCure.js)
Linked: (/home/billliu/trials/volans/devel/.private/iarc_msgs/share/gennodejs/ros/iarc_msgs/srv/HandSignal.js, /home/billliu/trials/volans/devel/share/gennodejs/ros/iarc_msgs/srv/HandSignal.js)
Linked: (/home/billliu/trials/volans/devel/.private/iarc_msgs/share/gennodejs/ros/iarc_msgs/srv/SendCommand.js, /home/billliu/trials/volans/devel/share/gennodejs/ros/iarc_msgs/srv/SendCommand.js)
Linked: (/home/billliu/trials/volans/devel/.private/iarc_msgs/share/gennodejs/ros/iarc_msgs/srv/_index.js, /home/billliu/trials/volans/devel/share/gennodejs/ros/iarc_msgs/srv/_index.js)
Linked: (/home/billliu/trials/volans/devel/.private/iarc_msgs/share/gennodejs/ros/iarc_msgs/srv/SendQRMatrix.js, /home/billliu/trials/volans/devel/share/gennodejs/ros/iarc_msgs/srv/SendQRMatrix.js)
Linked: (/home/billliu/trials/volans/devel/.private/iarc_msgs/share/gennodejs/ros/iarc_msgs/srv/SendPose.js, /home/billliu/trials/volans/devel/share/gennodejs/ros/iarc_msgs/srv/SendPose.js)
Linked: (/home/billliu/trials/volans/devel/.private/iarc_msgs/share/roseus/ros/iarc_msgs/manifest.l, /home/billliu/trials/volans/devel/share/roseus/ros/iarc_msgs/manifest.l)
Linked: (/home/billliu/trials/volans/devel/.private/iarc_msgs/share/roseus/ros/iarc_msgs/msg/QRCode.l, /home/billliu/trials/volans/devel/share/roseus/ros/iarc_msgs/msg/QRCode.l)
Linked: (/home/billliu/trials/volans/devel/.private/iarc_msgs/share/roseus/ros/iarc_msgs/msg/Start_Cure.l, /home/billliu/trials/volans/devel/share/roseus/ros/iarc_msgs/msg/Start_Cure.l)
Linked: (/home/billliu/trials/volans/devel/.private/iarc_msgs/share/roseus/ros/iarc_msgs/msg/Pwm.l, /home/billliu/trials/volans/devel/share/roseus/ros/iarc_msgs/msg/Pwm.l)
Linked: (/home/billliu/trials/volans/devel/.private/iarc_msgs/share/roseus/ros/iarc_msgs/msg/RoiPos.l, /home/billliu/trials/volans/devel/share/roseus/ros/iarc_msgs/msg/RoiPos.l)
Linked: (/home/billliu/trials/volans/devel/.private/iarc_msgs/share/roseus/ros/iarc_msgs/msg/Start_QRScan.l, /home/billliu/trials/volans/devel/share/roseus/ros/iarc_msgs/msg/Start_QRScan.l)
Linked: (/home/billliu/trials/volans/devel/.private/iarc_msgs/share/roseus/ros/iarc_msgs/msg/QuadState.l, /home/billliu/trials/volans/devel/share/roseus/ros/iarc_msgs/msg/QuadState.l)
Linked: (/home/billliu/trials/volans/devel/.private/iarc_msgs/share/roseus/ros/iarc_msgs/msg/GetData.l, /home/billliu/trials/volans/devel/share/roseus/ros/iarc_msgs/msg/GetData.l)
Linked: (/home/billliu/trials/volans/devel/.private/iarc_msgs/share/roseus/ros/iarc_msgs/msg/QRMatrix.l, /home/billliu/trials/volans/devel/share/roseus/ros/iarc_msgs/msg/QRMatrix.l)
Linked: (/home/billliu/trials/volans/devel/.private/iarc_msgs/share/roseus/ros/iarc_msgs/msg/QuadVelocity.l, /home/billliu/trials/volans/devel/share/roseus/ros/iarc_msgs/msg/QuadVelocity.l)
Linked: (/home/billliu/trials/volans/devel/.private/iarc_msgs/share/roseus/ros/iarc_msgs/msg/Pose.l, /home/billliu/trials/volans/devel/share/roseus/ros/iarc_msgs/msg/Pose.l)
Linked: (/home/billliu/trials/volans/devel/.private/iarc_msgs/share/roseus/ros/iarc_msgs/msg/Command.l, /home/billliu/trials/volans/devel/share/roseus/ros/iarc_msgs/msg/Command.l)
Linked: (/home/billliu/trials/volans/devel/.private/iarc_msgs/share/roseus/ros/iarc_msgs/srv/SendPose.l, /home/billliu/trials/volans/devel/share/roseus/ros/iarc_msgs/srv/SendPose.l)
Linked: (/home/billliu/trials/volans/devel/.private/iarc_msgs/share/roseus/ros/iarc_msgs/srv/StartCure.l, /home/billliu/trials/volans/devel/share/roseus/ros/iarc_msgs/srv/StartCure.l)
Linked: (/home/billliu/trials/volans/devel/.private/iarc_msgs/share/roseus/ros/iarc_msgs/srv/SendCommand.l, /home/billliu/trials/volans/devel/share/roseus/ros/iarc_msgs/srv/SendCommand.l)
Linked: (/home/billliu/trials/volans/devel/.private/iarc_msgs/share/roseus/ros/iarc_msgs/srv/SendQRCode.l, /home/billliu/trials/volans/devel/share/roseus/ros/iarc_msgs/srv/SendQRCode.l)
Linked: (/home/billliu/trials/volans/devel/.private/iarc_msgs/share/roseus/ros/iarc_msgs/srv/HandSignal.l, /home/billliu/trials/volans/devel/share/roseus/ros/iarc_msgs/srv/HandSignal.l)
Linked: (/home/billliu/trials/volans/devel/.private/iarc_msgs/share/roseus/ros/iarc_msgs/srv/SendQRMatrix.l, /home/billliu/trials/volans/devel/share/roseus/ros/iarc_msgs/srv/SendQRMatrix.l)
Linked: (/home/billliu/trials/volans/devel/.private/iarc_msgs/share/iarc_msgs/cmake/iarc_msgs-msg-extras.cmake, /home/billliu/trials/volans/devel/share/iarc_msgs/cmake/iarc_msgs-msg-extras.cmake)
Linked: (/home/billliu/trials/volans/devel/.private/iarc_msgs/share/iarc_msgs/cmake/iarc_msgsConfig.cmake, /home/billliu/trials/volans/devel/share/iarc_msgs/cmake/iarc_msgsConfig.cmake)
Linked: (/home/billliu/trials/volans/devel/.private/iarc_msgs/share/iarc_msgs/cmake/iarc_msgs-msg-paths.cmake, /home/billliu/trials/volans/devel/share/iarc_msgs/cmake/iarc_msgs-msg-paths.cmake)
Linked: (/home/billliu/trials/volans/devel/.private/iarc_msgs/share/iarc_msgs/cmake/iarc_msgsConfig-version.cmake, /home/billliu/trials/volans/devel/share/iarc_msgs/cmake/iarc_msgsConfig-version.cmake)
Linked: (/home/billliu/trials/volans/devel/.private/iarc_msgs/share/common-lisp/ros/iarc_msgs/msg/Pwm.lisp, /home/billliu/trials/volans/devel/share/common-lisp/ros/iarc_msgs/msg/Pwm.lisp)
Linked: (/home/billliu/trials/volans/devel/.private/iarc_msgs/share/common-lisp/ros/iarc_msgs/msg/QRMatrix.lisp, /home/billliu/trials/volans/devel/share/common-lisp/ros/iarc_msgs/msg/QRMatrix.lisp)
Linked: (/home/billliu/trials/volans/devel/.private/iarc_msgs/share/common-lisp/ros/iarc_msgs/msg/Command.lisp, /home/billliu/trials/volans/devel/share/common-lisp/ros/iarc_msgs/msg/Command.lisp)
Linked: (/home/billliu/trials/volans/devel/.private/iarc_msgs/share/common-lisp/ros/iarc_msgs/msg/_package_Pose.lisp, /home/billliu/trials/volans/devel/share/common-lisp/ros/iarc_msgs/msg/_package_Pose.lisp)
Linked: (/home/billliu/trials/volans/devel/.private/iarc_msgs/share/common-lisp/ros/iarc_msgs/msg/GetData.lisp, /home/billliu/trials/volans/devel/share/common-lisp/ros/iarc_msgs/msg/GetData.lisp)
Linked: (/home/billliu/trials/volans/devel/.private/iarc_msgs/share/common-lisp/ros/iarc_msgs/msg/QRCode.lisp, /home/billliu/trials/volans/devel/share/common-lisp/ros/iarc_msgs/msg/QRCode.lisp)
Linked: (/home/billliu/trials/volans/devel/.private/iarc_msgs/share/common-lisp/ros/iarc_msgs/msg/_package_Start_Cure.lisp, /home/billliu/trials/volans/devel/share/common-lisp/ros/iarc_msgs/msg/_package_Start_Cure.lisp)
Linked: (/home/billliu/trials/volans/devel/.private/iarc_msgs/share/common-lisp/ros/iarc_msgs/msg/_package_QRCode.lisp, /home/billliu/trials/volans/devel/share/common-lisp/ros/iarc_msgs/msg/_package_QRCode.lisp)
Linked: (/home/billliu/trials/volans/devel/.private/iarc_msgs/share/common-lisp/ros/iarc_msgs/msg/_package.lisp, /home/billliu/trials/volans/devel/share/common-lisp/ros/iarc_msgs/msg/_package.lisp)
Linked: (/home/billliu/trials/volans/devel/.private/iarc_msgs/share/common-lisp/ros/iarc_msgs/msg/_package_QuadVelocity.lisp, /home/billliu/trials/volans/devel/share/common-lisp/ros/iarc_msgs/msg/_package_QuadVelocity.lisp)
Linked: (/home/billliu/trials/volans/devel/.private/iarc_msgs/share/common-lisp/ros/iarc_msgs/msg/_package_RoiPos.lisp, /home/billliu/trials/volans/devel/share/common-lisp/ros/iarc_msgs/msg/_package_RoiPos.lisp)
Linked: (/home/billliu/trials/volans/devel/.private/iarc_msgs/share/common-lisp/ros/iarc_msgs/msg/Pose.lisp, /home/billliu/trials/volans/devel/share/common-lisp/ros/iarc_msgs/msg/Pose.lisp)
Linked: (/home/billliu/trials/volans/devel/.private/iarc_msgs/share/common-lisp/ros/iarc_msgs/msg/QuadState.lisp, /home/billliu/trials/volans/devel/share/common-lisp/ros/iarc_msgs/msg/QuadState.lisp)
Linked: (/home/billliu/trials/volans/devel/.private/iarc_msgs/share/common-lisp/ros/iarc_msgs/msg/Start_Cure.lisp, /home/billliu/trials/volans/devel/share/common-lisp/ros/iarc_msgs/msg/Start_Cure.lisp)
Linked: (/home/billliu/trials/volans/devel/.private/iarc_msgs/share/common-lisp/ros/iarc_msgs/msg/iarc_msgs-msg.asd, /home/billliu/trials/volans/devel/share/common-lisp/ros/iarc_msgs/msg/iarc_msgs-msg.asd)
Linked: (/home/billliu/trials/volans/devel/.private/iarc_msgs/share/common-lisp/ros/iarc_msgs/msg/_package_Command.lisp, /home/billliu/trials/volans/devel/share/common-lisp/ros/iarc_msgs/msg/_package_Command.lisp)
Linked: (/home/billliu/trials/volans/devel/.private/iarc_msgs/share/common-lisp/ros/iarc_msgs/msg/QuadVelocity.lisp, /home/billliu/trials/volans/devel/share/common-lisp/ros/iarc_msgs/msg/QuadVelocity.lisp)
Linked: (/home/billliu/trials/volans/devel/.private/iarc_msgs/share/common-lisp/ros/iarc_msgs/msg/_package_QuadState.lisp, /home/billliu/trials/volans/devel/share/common-lisp/ros/iarc_msgs/msg/_package_QuadState.lisp)
Linked: (/home/billliu/trials/volans/devel/.private/iarc_msgs/share/common-lisp/ros/iarc_msgs/msg/_package_QRMatrix.lisp, /home/billliu/trials/volans/devel/share/common-lisp/ros/iarc_msgs/msg/_package_QRMatrix.lisp)
Linked: (/home/billliu/trials/volans/devel/.private/iarc_msgs/share/common-lisp/ros/iarc_msgs/msg/RoiPos.lisp, /home/billliu/trials/volans/devel/share/common-lisp/ros/iarc_msgs/msg/RoiPos.lisp)
Linked: (/home/billliu/trials/volans/devel/.private/iarc_msgs/share/common-lisp/ros/iarc_msgs/msg/_package_Start_QRScan.lisp, /home/billliu/trials/volans/devel/share/common-lisp/ros/iarc_msgs/msg/_package_Start_QRScan.lisp)
Linked: (/home/billliu/trials/volans/devel/.private/iarc_msgs/share/common-lisp/ros/iarc_msgs/msg/_package_Pwm.lisp, /home/billliu/trials/volans/devel/share/common-lisp/ros/iarc_msgs/msg/_package_Pwm.lisp)
Linked: (/home/billliu/trials/volans/devel/.private/iarc_msgs/share/common-lisp/ros/iarc_msgs/msg/Start_QRScan.lisp, /home/billliu/trials/volans/devel/share/common-lisp/ros/iarc_msgs/msg/Start_QRScan.lisp)
Linked: (/home/billliu/trials/volans/devel/.private/iarc_msgs/share/common-lisp/ros/iarc_msgs/msg/_package_GetData.lisp, /home/billliu/trials/volans/devel/share/common-lisp/ros/iarc_msgs/msg/_package_GetData.lisp)
Linked: (/home/billliu/trials/volans/devel/.private/iarc_msgs/share/common-lisp/ros/iarc_msgs/srv/StartCure.lisp, /home/billliu/trials/volans/devel/share/common-lisp/ros/iarc_msgs/srv/StartCure.lisp)
Linked: (/home/billliu/trials/volans/devel/.private/iarc_msgs/share/common-lisp/ros/iarc_msgs/srv/SendPose.lisp, /home/billliu/trials/volans/devel/share/common-lisp/ros/iarc_msgs/srv/SendPose.lisp)
Linked: (/home/billliu/trials/volans/devel/.private/iarc_msgs/share/common-lisp/ros/iarc_msgs/srv/SendCommand.lisp, /home/billliu/trials/volans/devel/share/common-lisp/ros/iarc_msgs/srv/SendCommand.lisp)
Linked: (/home/billliu/trials/volans/devel/.private/iarc_msgs/share/common-lisp/ros/iarc_msgs/srv/SendQRMatrix.lisp, /home/billliu/trials/volans/devel/share/common-lisp/ros/iarc_msgs/srv/SendQRMatrix.lisp)
Linked: (/home/billliu/trials/volans/devel/.private/iarc_msgs/share/common-lisp/ros/iarc_msgs/srv/SendQRCode.lisp, /home/billliu/trials/volans/devel/share/common-lisp/ros/iarc_msgs/srv/SendQRCode.lisp)
Linked: (/home/billliu/trials/volans/devel/.private/iarc_msgs/share/common-lisp/ros/iarc_msgs/srv/_package.lisp, /home/billliu/trials/volans/devel/share/common-lisp/ros/iarc_msgs/srv/_package.lisp)
Linked: (/home/billliu/trials/volans/devel/.private/iarc_msgs/share/common-lisp/ros/iarc_msgs/srv/_package_SendPose.lisp, /home/billliu/trials/volans/devel/share/common-lisp/ros/iarc_msgs/srv/_package_SendPose.lisp)
Linked: (/home/billliu/trials/volans/devel/.private/iarc_msgs/share/common-lisp/ros/iarc_msgs/srv/_package_SendQRCode.lisp, /home/billliu/trials/volans/devel/share/common-lisp/ros/iarc_msgs/srv/_package_SendQRCode.lisp)
Linked: (/home/billliu/trials/volans/devel/.private/iarc_msgs/share/common-lisp/ros/iarc_msgs/srv/_package_StartCure.lisp, /home/billliu/trials/volans/devel/share/common-lisp/ros/iarc_msgs/srv/_package_StartCure.lisp)
Linked: (/home/billliu/trials/volans/devel/.private/iarc_msgs/share/common-lisp/ros/iarc_msgs/srv/iarc_msgs-srv.asd, /home/billliu/trials/volans/devel/share/common-lisp/ros/iarc_msgs/srv/iarc_msgs-srv.asd)
Linked: (/home/billliu/trials/volans/devel/.private/iarc_msgs/share/common-lisp/ros/iarc_msgs/srv/HandSignal.lisp, /home/billliu/trials/volans/devel/share/common-lisp/ros/iarc_msgs/srv/HandSignal.lisp)
Linked: (/home/billliu/trials/volans/devel/.private/iarc_msgs/share/common-lisp/ros/iarc_msgs/srv/_package_SendQRMatrix.lisp, /home/billliu/trials/volans/devel/share/common-lisp/ros/iarc_msgs/srv/_package_SendQRMatrix.lisp)
Linked: (/home/billliu/trials/volans/devel/.private/iarc_msgs/share/common-lisp/ros/iarc_msgs/srv/_package_HandSignal.lisp, /home/billliu/trials/volans/devel/share/common-lisp/ros/iarc_msgs/srv/_package_HandSignal.lisp)
Linked: (/home/billliu/trials/volans/devel/.private/iarc_msgs/share/common-lisp/ros/iarc_msgs/srv/_package_SendCommand.lisp, /home/billliu/trials/volans/devel/share/common-lisp/ros/iarc_msgs/srv/_package_SendCommand.lisp)
Linked: (/home/billliu/trials/volans/devel/.private/iarc_msgs/lib/pkgconfig/iarc_msgs.pc, /home/billliu/trials/volans/devel/lib/pkgconfig/iarc_msgs.pc)
Linked: (/home/billliu/trials/volans/devel/.private/iarc_msgs/lib/python3/dist-packages/iarc_msgs/__init__.py, /home/billliu/trials/volans/devel/lib/python3/dist-packages/iarc_msgs/__init__.py)
Linked: (/home/billliu/trials/volans/devel/.private/iarc_msgs/lib/python3/dist-packages/iarc_msgs/msg/_QuadState.py, /home/billliu/trials/volans/devel/lib/python3/dist-packages/iarc_msgs/msg/_QuadState.py)
Linked: (/home/billliu/trials/volans/devel/.private/iarc_msgs/lib/python3/dist-packages/iarc_msgs/msg/_Pwm.py, /home/billliu/trials/volans/devel/lib/python3/dist-packages/iarc_msgs/msg/_Pwm.py)
Linked: (/home/billliu/trials/volans/devel/.private/iarc_msgs/lib/python3/dist-packages/iarc_msgs/msg/_Start_Cure.py, /home/billliu/trials/volans/devel/lib/python3/dist-packages/iarc_msgs/msg/_Start_Cure.py)
Linked: (/home/billliu/trials/volans/devel/.private/iarc_msgs/lib/python3/dist-packages/iarc_msgs/msg/_QRCode.py, /home/billliu/trials/volans/devel/lib/python3/dist-packages/iarc_msgs/msg/_QRCode.py)
Linked: (/home/billliu/trials/volans/devel/.private/iarc_msgs/lib/python3/dist-packages/iarc_msgs/msg/_QuadVelocity.py, /home/billliu/trials/volans/devel/lib/python3/dist-packages/iarc_msgs/msg/_QuadVelocity.py)
Linked: (/home/billliu/trials/volans/devel/.private/iarc_msgs/lib/python3/dist-packages/iarc_msgs/msg/_GetData.py, /home/billliu/trials/volans/devel/lib/python3/dist-packages/iarc_msgs/msg/_GetData.py)
Linked: (/home/billliu/trials/volans/devel/.private/iarc_msgs/lib/python3/dist-packages/iarc_msgs/msg/_RoiPos.py, /home/billliu/trials/volans/devel/lib/python3/dist-packages/iarc_msgs/msg/_RoiPos.py)
Linked: (/home/billliu/trials/volans/devel/.private/iarc_msgs/lib/python3/dist-packages/iarc_msgs/msg/_QRMatrix.py, /home/billliu/trials/volans/devel/lib/python3/dist-packages/iarc_msgs/msg/_QRMatrix.py)
Linked: (/home/billliu/trials/volans/devel/.private/iarc_msgs/lib/python3/dist-packages/iarc_msgs/msg/__init__.py, /home/billliu/trials/volans/devel/lib/python3/dist-packages/iarc_msgs/msg/__init__.py)
Linked: (/home/billliu/trials/volans/devel/.private/iarc_msgs/lib/python3/dist-packages/iarc_msgs/msg/_Pose.py, /home/billliu/trials/volans/devel/lib/python3/dist-packages/iarc_msgs/msg/_Pose.py)
Linked: (/home/billliu/trials/volans/devel/.private/iarc_msgs/lib/python3/dist-packages/iarc_msgs/msg/_Start_QRScan.py, /home/billliu/trials/volans/devel/lib/python3/dist-packages/iarc_msgs/msg/_Start_QRScan.py)
Linked: (/home/billliu/trials/volans/devel/.private/iarc_msgs/lib/python3/dist-packages/iarc_msgs/msg/_Command.py, /home/billliu/trials/volans/devel/lib/python3/dist-packages/iarc_msgs/msg/_Command.py)
Linked: (/home/billliu/trials/volans/devel/.private/iarc_msgs/lib/python3/dist-packages/iarc_msgs/srv/_SendQRCode.py, /home/billliu/trials/volans/devel/lib/python3/dist-packages/iarc_msgs/srv/_SendQRCode.py)
Linked: (/home/billliu/trials/volans/devel/.private/iarc_msgs/lib/python3/dist-packages/iarc_msgs/srv/_HandSignal.py, /home/billliu/trials/volans/devel/lib/python3/dist-packages/iarc_msgs/srv/_HandSignal.py)
Linked: (/home/billliu/trials/volans/devel/.private/iarc_msgs/lib/python3/dist-packages/iarc_msgs/srv/__init__.py, /home/billliu/trials/volans/devel/lib/python3/dist-packages/iarc_msgs/srv/__init__.py)
Linked: (/home/billliu/trials/volans/devel/.private/iarc_msgs/lib/python3/dist-packages/iarc_msgs/srv/_SendPose.py, /home/billliu/trials/volans/devel/lib/python3/dist-packages/iarc_msgs/srv/_SendPose.py)
Linked: (/home/billliu/trials/volans/devel/.private/iarc_msgs/lib/python3/dist-packages/iarc_msgs/srv/_StartCure.py, /home/billliu/trials/volans/devel/lib/python3/dist-packages/iarc_msgs/srv/_StartCure.py)
Linked: (/home/billliu/trials/volans/devel/.private/iarc_msgs/lib/python3/dist-packages/iarc_msgs/srv/_SendQRMatrix.py, /home/billliu/trials/volans/devel/lib/python3/dist-packages/iarc_msgs/srv/_SendQRMatrix.py)
Linked: (/home/billliu/trials/volans/devel/.private/iarc_msgs/lib/python3/dist-packages/iarc_msgs/srv/_SendCommand.py, /home/billliu/trials/volans/devel/lib/python3/dist-packages/iarc_msgs/srv/_SendCommand.py)
