[01m[K/home/billliu/trials/volans/src/offboard/src/main.cpp:[m[K In function ‘[01m[Kint main(int, char**)[m[K’:
[01m[K/home/billliu/trials/volans/src/offboard/src/main.cpp:45:15:[m[K [01;31m[Kerror: [m[Kcannot convert ‘[01m[Kros::NodeHandle[m[K’ to ‘[01m[Kros::NodeHandle*[m[K’
   45 |     uav0.init([01;31m[Knh0[m[K);
      |               [01;31m[K^~~[m[K
      |               [01;31m[K|[m[K
      |               [01;31m[Kros::NodeHandle[m[K
In file included from [01m[K/home/billliu/trials/volans/src/offboard/src/main.cpp:11[m[K:
[01m[K/home/billliu/trials/volans/src/offboard/src/uav.hpp:78:33:[m[K [01;36m[Knote: [m[K  initializing argument 1 of ‘[01m[Kvoid Uav::init(ros::NodeHandle*)[m[K’
   78 | void Uav::init([01;36m[Kros::NodeHandle* nh[m[K)
      |                [01;36m[K~~~~~~~~~~~~~~~~~^~[m[K
[01m[K/home/billliu/trials/volans/src/offboard/src/main.cpp:46:15:[m[K [01;31m[Kerror: [m[Kcannot convert ‘[01m[Kros::NodeHandle[m[K’ to ‘[01m[Kros::NodeHandle*[m[K’
   46 |     uav1.init([01;31m[Knh1[m[K);
      |               [01;31m[K^~~[m[K
      |               [01;31m[K|[m[K
      |               [01;31m[Kros::NodeHandle[m[K
In file included from [01m[K/home/billliu/trials/volans/src/offboard/src/main.cpp:11[m[K:
[01m[K/home/billliu/trials/volans/src/offboard/src/uav.hpp:78:33:[m[K [01;36m[Knote: [m[K  initializing argument 1 of ‘[01m[Kvoid Uav::init(ros::NodeHandle*)[m[K’
   78 | void Uav::init([01;36m[Kros::NodeHandle* nh[m[K)
      |                [01;36m[K~~~~~~~~~~~~~~~~~^~[m[K
make[2]: *** [CMakeFiles/offboard_test.dir/build.make:63: CMakeFiles/offboard_test.dir/src/main.cpp.o] Error 1
make[1]: *** [CMakeFiles/Makefile2:704: CMakeFiles/offboard_test.dir/all] Error 2
make: *** [Makefile:141: all] Error 2
