[01m[K/home/billliu/trials/volans/src/offboard/src/test.cpp:[m[K In function ‘[01m[Kvoid FlyState_update()[m[K’:
[01m[K/home/billliu/trials/volans/src/offboard/src/test.cpp:158:45:[m[K [01;31m[Kerror: [m[K‘[01m[Kpriod[m[K’ was not declared in this scope; did you mean ‘[01m[Kperiod[m[K’?
  158 |     float Omega = 2.0*3.14159*MoveTimeCnt / [01;31m[Kpriod[m[K; //0~2pi
      |                                             [01;31m[K^~~~~[m[K
      |                                             [32m[Kperiod[m[K
[01m[K/home/billliu/trials/volans/src/offboard/src/test.cpp:162:6:[m[K [01;31m[Kerror: [m[K‘[01m[KFlyState[m[K’ was not declared in this scope; did you mean ‘[01m[KFlyState_0[m[K’?
  162 |      [01;31m[KFlyState[m[K = FLYOVER;
      |      [01;31m[K^~~~~~~~[m[K
      |      [32m[KFlyState_0[m[K
[01m[K/home/billliu/trials/volans/src/offboard/src/test.cpp:164:54:[m[K [01;31m[Kerror: [m[Kno match for ‘[01m[Koperator[][m[K’ (operand types are ‘[01m[Kgeometry_msgs::PoseStamped[m[K’ {aka ‘[01m[Kgeometry_msgs::PoseStamped_<std::allocator<void> >[m[K’} and ‘[01m[Kint[m[K’)
  164 |     pos_target_0.pose.position.x = origin_pos_drone_0[01;31m[K[[m[K0]+desire_Radius*cos(Omega+phase);
      |                                                      [01;31m[K^[m[K
[01m[K/home/billliu/trials/volans/src/offboard/src/test.cpp:164:58:[m[K [01;31m[Kerror: [m[K‘[01m[Kdesire_Radius[m[K’ was not declared in this scope
  164 |     pos_target_0.pose.position.x = origin_pos_drone_0[0]+[01;31m[Kdesire_Radius[m[K*cos(Omega+phase);
      |                                                          [01;31m[K^~~~~~~~~~~~~[m[K
[01m[K/home/billliu/trials/volans/src/offboard/src/test.cpp:165:54:[m[K [01;31m[Kerror: [m[Kno match for ‘[01m[Koperator[][m[K’ (operand types are ‘[01m[Kgeometry_msgs::PoseStamped[m[K’ {aka ‘[01m[Kgeometry_msgs::PoseStamped_<std::allocator<void> >[m[K’} and ‘[01m[Kint[m[K’)
  165 |     pos_target_0.pose.position.y = origin_pos_drone_0[01;31m[K[[m[K1]+desire_Radius*sin(Omega+phase);
      |                                                      [01;31m[K^[m[K
[01m[K/home/billliu/trials/volans/src/offboard/src/test.cpp:169:23:[m[K [01;31m[Kerror: [m[K‘[01m[Kpi[m[K’ was not declared in this scope
  169 |           q.setRPY(0, [01;31m[Kpi[m[K/6, Omega);
      |                       [01;31m[K^~[m[K
make[2]: *** [CMakeFiles/offboard_test.dir/build.make:63: CMakeFiles/offboard_test.dir/src/test.cpp.o] Error 1
make[1]: *** [CMakeFiles/Makefile2:644: CMakeFiles/offboard_test.dir/all] Error 2
make: *** [Makefile:141: all] Error 2
