In file included from [01m[K/home/billliu/trials/volans/src/offboard/src/main.cpp:12[m[K:
[01m[K/home/billliu/trials/volans/src/offboard/src/uav_local.hpp:16:27:[m[K [01;31m[Kerror: [m[Kexpected ‘[01m[K{[m[K’ before ‘[01m[K;[m[K’ token
   16 | class Uav_local:public Uav[01;31m[K;[m[K
      |                           [01;31m[K^[m[K
[01m[K/home/billliu/trials/volans/src/offboard/src/uav_local.hpp:[m[K In member function ‘[01m[Kvoid Uav_global::plan_flight(std::vector<geometry_msgs::PoseStamped_<std::allocator<void> > >)[m[K’:
[01m[K/home/billliu/trials/volans/src/offboard/src/uav_local.hpp:34:36:[m[K [01;31m[Kerror: [m[Kinvalid use of incomplete type ‘[01m[Kclass Uav_local[m[K’
   34 |     tmp.pose.position.z = uav_local[01;31m[K->[m[Kheight;
      |                                    [01;31m[K^~[m[K
[01m[K/home/billliu/trials/volans/src/offboard/src/uav_local.hpp:16:7:[m[K [01;36m[Knote: [m[Kforward declaration of ‘[01m[Kclass Uav_local[m[K’
   16 | class [01;36m[KUav_local[m[K:public Uav;
      |       [01;36m[K^~~~~~~~~[m[K
[01m[K/home/billliu/trials/volans/src/offboard/src/uav_local.hpp:35:14:[m[K [01;31m[Kerror: [m[Kinvalid use of incomplete type ‘[01m[Kclass Uav_local[m[K’
   35 |     uav_local[01;31m[K->[m[Kwp.push_back(tmp);
      |              [01;31m[K^~[m[K
[01m[K/home/billliu/trials/volans/src/offboard/src/uav_local.hpp:16:7:[m[K [01;36m[Knote: [m[Kforward declaration of ‘[01m[Kclass Uav_local[m[K’
   16 | class [01;36m[KUav_local[m[K:public Uav;
      |       [01;36m[K^~~~~~~~~[m[K
[01m[K/home/billliu/trials/volans/src/offboard/src/uav_local.hpp:[m[K In member function ‘[01m[Kvoid Uav_global::flystate_update()[m[K’:
[01m[K/home/billliu/trials/volans/src/offboard/src/uav_local.hpp:82:26:[m[K [01;31m[Kerror: [m[Kinvalid use of incomplete type ‘[01m[Kclass Uav_local[m[K’
   82 |             if (uav_local[01;31m[K->[m[Kfly_state == FLY || uav_local->fly_state == REST)
      |                          [01;31m[K^~[m[K
[01m[K/home/billliu/trials/volans/src/offboard/src/uav_local.hpp:16:7:[m[K [01;36m[Knote: [m[Kforward declaration of ‘[01m[Kclass Uav_local[m[K’
   16 | class [01;36m[KUav_local[m[K:public Uav;
      |       [01;36m[K^~~~~~~~~[m[K
[01m[K/home/billliu/trials/volans/src/offboard/src/uav_local.hpp:82:57:[m[K [01;31m[Kerror: [m[Kinvalid use of incomplete type ‘[01m[Kclass Uav_local[m[K’
   82 |             if (uav_local->fly_state == FLY || uav_local[01;31m[K->[m[Kfly_state == REST)
      |                                                         [01;31m[K^~[m[K
[01m[K/home/billliu/trials/volans/src/offboard/src/uav_local.hpp:16:7:[m[K [01;36m[Knote: [m[Kforward declaration of ‘[01m[Kclass Uav_local[m[K’
   16 | class [01;36m[KUav_local[m[K:public Uav;
      |       [01;36m[K^~~~~~~~~[m[K
[01m[K/home/billliu/trials/volans/src/offboard/src/uav_local.hpp:102:25:[m[K [01;31m[Kerror: [m[K‘[01m[Kinterest[m[K’ was not declared in this scope
  102 |                         [01;31m[Kinterest[m[K.push_back(target_pose);
      |                         [01;31m[K^~~~~~~~[m[K
[01m[K/home/billliu/trials/volans/src/offboard/src/uav_local.hpp:[m[K In member function ‘[01m[Kvoid Uav_local::flystate_update()[m[K’:
[01m[K/home/billliu/trials/volans/src/offboard/src/uav_local.hpp:233:34:[m[K [01;31m[Kerror: [m[K‘[01m[Kclass Uav_global[m[K’ has no member named ‘[01m[Kinterest[m[K’
  233 |                 if (!uav_global->[01;31m[Kinterest[m[K.empty())
      |                                  [01;31m[K^~~~~~~~[m[K
[01m[K/home/billliu/trials/volans/src/offboard/src/uav_local.hpp:236:41:[m[K [01;31m[Kerror: [m[K‘[01m[Kclass Uav_global[m[K’ has no member named ‘[01m[Kinterest[m[K’
  236 |                             uav_global->[01;31m[Kinterest[m[K[0].pose.position.x, uav_global->interest[0].pose.position.y, cell_size);
      |                                         [01;31m[K^~~~~~~~[m[K
[01m[K/home/billliu/trials/volans/src/offboard/src/uav_local.hpp:236:82:[m[K [01;31m[Kerror: [m[K‘[01m[Kclass Uav_global[m[K’ has no member named ‘[01m[Kinterest[m[K’
  236 |                             uav_global->interest[0].pose.position.x, uav_global->[01;31m[Kinterest[m[K[0].pose.position.y, cell_size);
      |                                                                                  [01;31m[K^~~~~~~~[m[K
[01m[K/home/billliu/trials/volans/src/offboard/src/uav_local.hpp:239:33:[m[K [01;31m[Kerror: [m[K‘[01m[Kclass Uav_global[m[K’ has no member named ‘[01m[Kinterest[m[K’
  239 |                     uav_global->[01;31m[Kinterest[m[K.erase(uav_global->interest.begin());
      |                                 [01;31m[K^~~~~~~~[m[K
[01m[K/home/billliu/trials/volans/src/offboard/src/uav_local.hpp:239:60:[m[K [01;31m[Kerror: [m[K‘[01m[Kclass Uav_global[m[K’ has no member named ‘[01m[Kinterest[m[K’
  239 |                     uav_global->interest.erase(uav_global->[01;31m[Kinterest[m[K.begin());
      |                                                            [01;31m[K^~~~~~~~[m[K
[01m[K/home/billliu/trials/volans/src/offboard/src/main.cpp:[m[K At global scope:
[01m[K/home/billliu/trials/volans/src/offboard/src/main.cpp:26:36:[m[K [01;31m[Kerror: [m[Kno matching function for call to ‘[01m[KUav_global::Uav_global(int, double&, double&)[m[K’
   26 | Uav_global uav0(0, height_h, c_high[01;31m[K)[m[K;
      |                                    [01;31m[K^[m[K
In file included from [01m[K/home/billliu/trials/volans/src/offboard/src/main.cpp:12[m[K:
[01m[K/home/billliu/trials/volans/src/offboard/src/uav_local.hpp:18:7:[m[K [01;36m[Knote: [m[Kcandidate: ‘[01m[KUav_global::Uav_global(const Uav_global&)[m[K’
   18 | class [01;36m[KUav_global[m[K: public Uav
      |       [01;36m[K^~~~~~~~~~[m[K
[01m[K/home/billliu/trials/volans/src/offboard/src/uav_local.hpp:18:7:[m[K [01;36m[Knote: [m[K  candidate expects 1 argument, 3 provided
[01m[K/home/billliu/trials/volans/src/offboard/src/uav_local.hpp:18:7:[m[K [01;36m[Knote: [m[Kcandidate: ‘[01m[KUav_global::Uav_global(Uav_global&&)[m[K’
[01m[K/home/billliu/trials/volans/src/offboard/src/uav_local.hpp:18:7:[m[K [01;36m[Knote: [m[K  candidate expects 1 argument, 3 provided
make[2]: *** [CMakeFiles/offboard_test.dir/build.make:63: CMakeFiles/offboard_test.dir/src/main.cpp.o] Error 1
make[1]: *** [CMakeFiles/Makefile2:704: CMakeFiles/offboard_test.dir/all] Error 2
make: *** [Makefile:141: all] Error 2
