[01m[K/home/billliu/trials/volans/src/offboard/src/class.cpp:21:11:[m[K [01;31m[Kerror: [m[Kno matching function for call to ‘[01m[KUav::Uav(int)[m[K’
   21 | Uav uav0(0[01;31m[K)[m[K;
      |           [01;31m[K^[m[K
In file included from [01m[K/home/billliu/trials/volans/src/offboard/src/class.cpp:6[m[K:
[01m[K/home/billliu/trials/volans/src/offboard/src/uav.hpp:53:5:[m[K [01;36m[Knote: [m[Kcandidate: ‘[01m[KUav::Uav(int, double, double)[m[K’
   53 |     [01;36m[KUav[m[K(int c, double h, double c_s)
      |     [01;36m[K^~~[m[K
[01m[K/home/billliu/trials/volans/src/offboard/src/uav.hpp:53:5:[m[K [01;36m[Knote: [m[K  candidate expects 3 arguments, 1 provided
[01m[K/home/billliu/trials/volans/src/offboard/src/uav.hpp:14:7:[m[K [01;36m[Knote: [m[Kcandidate: ‘[01m[KUav::Uav(const Uav&)[m[K’
   14 | class [01;36m[KUav[m[K
      |       [01;36m[K^~~[m[K
[01m[K/home/billliu/trials/volans/src/offboard/src/uav.hpp:14:7:[m[K [01;36m[Knote: [m[K  no known conversion for argument 1 from ‘[01m[Kint[m[K’ to ‘[01m[Kconst Uav&[m[K’
[01m[K/home/billliu/trials/volans/src/offboard/src/uav.hpp:14:7:[m[K [01;36m[Knote: [m[Kcandidate: ‘[01m[KUav::Uav(Uav&&)[m[K’
[01m[K/home/billliu/trials/volans/src/offboard/src/uav.hpp:14:7:[m[K [01;36m[Knote: [m[K  no known conversion for argument 1 from ‘[01m[Kint[m[K’ to ‘[01m[KUav&&[m[K’
[01m[K/home/billliu/trials/volans/src/offboard/src/class.cpp:[m[K In function ‘[01m[Kint main(int, char**)[m[K’:
[01m[K/home/billliu/trials/volans/src/offboard/src/class.cpp:62:44:[m[K [01;31m[Kerror: [m[Kno matching function for call to ‘[01m[KUav::offboard_on(ros::Rate&)[m[K’
   62 |     while(ros::ok()){ uav0.offboard_on(rate[01;31m[K)[m[K;
      |                                            [01;31m[K^[m[K
In file included from [01m[K/home/billliu/trials/volans/src/offboard/src/class.cpp:6[m[K:
[01m[K/home/billliu/trials/volans/src/offboard/src/uav.hpp:117:6:[m[K [01;36m[Knote: [m[Kcandidate: ‘[01m[Kvoid Uav::offboard_on()[m[K’
  117 | void [01;36m[KUav[m[K::offboard_on()
      |      [01;36m[K^~~[m[K
[01m[K/home/billliu/trials/volans/src/offboard/src/uav.hpp:117:6:[m[K [01;36m[Knote: [m[K  candidate expects 0 arguments, 1 provided
make[2]: *** [CMakeFiles/offboard_test.dir/build.make:63: CMakeFiles/offboard_test.dir/src/class.cpp.o] Error 1
make[1]: *** [CMakeFiles/Makefile2:704: CMakeFiles/offboard_test.dir/all] Error 2
make: *** [Makefile:141: all] Error 2
