In file included from [01m[K/home/billliu/trials/volans/src/offboard/src/class.cpp:6[m[K:
[01m[K/home/billliu/trials/volans/src/offboard/src/uav.hpp:[m[K In static member function ‘[01m[Kstatic void uav::state_cb(const ConstPtr&)[m[K’:
[01m[K/home/billliu/trials/volans/src/offboard/src/uav.hpp:51:67:[m[K [01;31m[Kerror: [m[Kinvalid use of member ‘[01m[Kuav::current_state[m[K’ in static member function
   51 |     static void state_cb(const mavros_msgs::State::ConstPtr& msg){[01;31m[Kcurrent_state[m[K = *msg;}
      |                                                                   [01;31m[K^~~~~~~~~~~~~[m[K
[01m[K/home/billliu/trials/volans/src/offboard/src/uav.hpp:31:24:[m[K [01;36m[Knote: [m[Kdeclared here
   31 |     mavros_msgs::State [01;36m[Kcurrent_state[m[K;
      |                        [01;36m[K^~~~~~~~~~~~~[m[K
[01m[K/home/billliu/trials/volans/src/offboard/src/uav.hpp:[m[K In static member function ‘[01m[Kstatic void uav::pos_cb(const ConstPtr&)[m[K’:
[01m[K/home/billliu/trials/volans/src/offboard/src/uav.hpp:52:73:[m[K [01;31m[Kerror: [m[Kinvalid use of member ‘[01m[Kuav::drone_pose[m[K’ in static member function
   52 |     static void pos_cb(const geometry_msgs::PoseStamped::ConstPtr &msg){[01;31m[Kdrone_pose[m[K = *msg;}
      |                                                                         [01;31m[K^~~~~~~~~~[m[K
[01m[K/home/billliu/trials/volans/src/offboard/src/uav.hpp:33:32:[m[K [01;36m[Knote: [m[Kdeclared here
   33 |     geometry_msgs::PoseStamped [01;36m[Kdrone_pose[m[K;
      |                                [01;36m[K^~~~~~~~~~[m[K
In file included from [01m[K/opt/ros/noetic/include/ros/ros.h:40[m[K,
                 from [01m[K/home/billliu/trials/volans/src/offboard/src/class.cpp:1[m[K:
[01m[K/home/billliu/trials/volans/src/offboard/src/uav.hpp:[m[K In member function ‘[01m[Kvoid uav::flystate_update()[m[K’:
[01m[K/opt/ros/noetic/include/ros/console.h:351:176:[m[K [01;31m[Kerror: [m[Kno matching function for call to ‘[01m[Kprint(NULL, void*&, ros::console::Level&, const char [53], int, const char [28], std::__cxx11::basic_string<char>)[m[K’
  351 |     ::ros::console::print(filter, __rosconsole_define_location__loc.logger_, __rosconsole_define_location__loc.level_, __FILE__, __LINE__, __ROSCONSOLE_FUNCTION__, __VA_ARGS__[01;31m[K)[m[K
      |                                                                                                                                                                                [01;31m[K^[m[K
[01m[K/opt/ros/noetic/include/ros/console.h:354:5:[m[K [01;36m[Knote: [m[Kin expansion of macro ‘[01m[KROSCONSOLE_PRINT_AT_LOCATION_WITH_FILTER[m[K’
  354 |     [01;36m[KROSCONSOLE_PRINT_AT_LOCATION_WITH_FILTER[m[K(NULL, __VA_ARGS__)
      |     [01;36m[K^~~~~~~~~~~~~~~~~~~~~~~~~~~~~~~~~~~~~~~~[m[K
[01m[K/opt/ros/noetic/include/ros/console.h:390:7:[m[K [01;36m[Knote: [m[Kin expansion of macro ‘[01m[KROSCONSOLE_PRINT_AT_LOCATION[m[K’
  390 |       [01;36m[KROSCONSOLE_PRINT_AT_LOCATION[m[K(__VA_ARGS__); \
      |       [01;36m[K^~~~~~~~~~~~~~~~~~~~~~~~~~~~[m[K
[01m[K/opt/ros/noetic/include/ros/console.h:575:35:[m[K [01;36m[Knote: [m[Kin expansion of macro ‘[01m[KROS_LOG_COND[m[K’
  575 | #define ROS_LOG(level, name, ...) [01;36m[KROS_LOG_COND[m[K(true, level, name, __VA_ARGS__)
      |                                   [01;36m[K^~~~~~~~~~~~[m[K
[01m[K/opt/ros/noetic/include/rosconsole/macros_generated.h:110:23:[m[K [01;36m[Knote: [m[Kin expansion of macro ‘[01m[KROS_LOG[m[K’
  110 | #define ROS_INFO(...) [01;36m[KROS_LOG[m[K(::ros::console::levels::Info, ROSCONSOLE_DEFAULT_NAME, __VA_ARGS__)
      |                       [01;36m[K^~~~~~~[m[K
[01m[K/home/billliu/trials/volans/src/offboard/src/uav.hpp:101:17:[m[K [01;36m[Knote: [m[Kin expansion of macro ‘[01m[KROS_INFO[m[K’
  101 |                 [01;36m[KROS_INFO[m[K(name + " Waiting for OFFBOARD command...");
      |                 [01;36m[K^~~~~~~~[m[K
[01m[K/opt/ros/noetic/include/ros/console.h:161:22:[m[K [01;36m[Knote: [m[Kcandidate: ‘[01m[Kvoid ros::console::print(ros::console::FilterBase*, void*, ros::console::Level, const char*, int, const char*, const char*, ...)[m[K’
  161 | ROSCONSOLE_DECL void [01;36m[Kprint[m[K(FilterBase* filter, void* logger, Level level,
      |                      [01;36m[K^~~~~[m[K
[01m[K/opt/ros/noetic/include/ros/console.h:163:39:[m[K [01;36m[Knote: [m[K  no known conversion for argument 7 from ‘[01m[Kstd::__cxx11::basic_string<char>[m[K’ to ‘[01m[Kconst char*[m[K’
  163 |     const char* function, [01;36m[Kconst char* fmt[m[K, ...) ROSCONSOLE_PRINTF_ATTRIBUTE(7, 8);
      |                           [01;36m[K~~~~~~~~~~~~^~~[m[K
[01m[K/opt/ros/noetic/include/ros/console.h:165:22:[m[K [01;36m[Knote: [m[Kcandidate: ‘[01m[Kvoid ros::console::print(ros::console::FilterBase*, void*, ros::console::Level, const stringstream&, const char*, int, const char*)[m[K’
  165 | ROSCONSOLE_DECL void [01;36m[Kprint[m[K(FilterBase* filter, void* logger, Level level,
      |                      [01;36m[K^~~~~[m[K
[01m[K/opt/ros/noetic/include/ros/console.h:166:30:[m[K [01;36m[Knote: [m[K  no known conversion for argument 4 from ‘[01m[Kconst char [53][m[K’ to ‘[01m[Kconst stringstream&[m[K’ {aka ‘[01m[Kconst std::__cxx11::basic_stringstream<char>&[m[K’}
  166 |     [01;36m[Kconst std::stringstream& str[m[K, const char* file, int line, const char* function);
      |     [01;36m[K~~~~~~~~~~~~~~~~~~~~~~~~~^~~[m[K
[01m[K/opt/ros/noetic/include/ros/console.h:351:176:[m[K [01;31m[Kerror: [m[Kno matching function for call to ‘[01m[Kprint(NULL, void*&, ros::console::Level&, const char [53], int, const char [28], std::__cxx11::basic_string<char>)[m[K’
  351 |     ::ros::console::print(filter, __rosconsole_define_location__loc.logger_, __rosconsole_define_location__loc.level_, __FILE__, __LINE__, __ROSCONSOLE_FUNCTION__, __VA_ARGS__[01;31m[K)[m[K
      |                                                                                                                                                                                [01;31m[K^[m[K
[01m[K/opt/ros/noetic/include/ros/console.h:354:5:[m[K [01;36m[Knote: [m[Kin expansion of macro ‘[01m[KROSCONSOLE_PRINT_AT_LOCATION_WITH_FILTER[m[K’
  354 |     [01;36m[KROSCONSOLE_PRINT_AT_LOCATION_WITH_FILTER[m[K(NULL, __VA_ARGS__)
      |     [01;36m[K^~~~~~~~~~~~~~~~~~~~~~~~~~~~~~~~~~~~~~~~[m[K
[01m[K/opt/ros/noetic/include/ros/console.h:390:7:[m[K [01;36m[Knote: [m[Kin expansion of macro ‘[01m[KROSCONSOLE_PRINT_AT_LOCATION[m[K’
  390 |       [01;36m[KROSCONSOLE_PRINT_AT_LOCATION[m[K(__VA_ARGS__); \
      |       [01;36m[K^~~~~~~~~~~~~~~~~~~~~~~~~~~~[m[K
[01m[K/opt/ros/noetic/include/ros/console.h:575:35:[m[K [01;36m[Knote: [m[Kin expansion of macro ‘[01m[KROS_LOG_COND[m[K’
  575 | #define ROS_LOG(level, name, ...) [01;36m[KROS_LOG_COND[m[K(true, level, name, __VA_ARGS__)
      |                                   [01;36m[K^~~~~~~~~~~~[m[K
[01m[K/opt/ros/noetic/include/rosconsole/macros_generated.h:110:23:[m[K [01;36m[Knote: [m[Kin expansion of macro ‘[01m[KROS_LOG[m[K’
  110 | #define ROS_INFO(...) [01;36m[KROS_LOG[m[K(::ros::console::levels::Info, ROSCONSOLE_DEFAULT_NAME, __VA_ARGS__)
      |                       [01;36m[K^~~~~~~[m[K
[01m[K/home/billliu/trials/volans/src/offboard/src/uav.hpp:111:17:[m[K [01;36m[Knote: [m[Kin expansion of macro ‘[01m[KROS_INFO[m[K’
  111 |                 [01;36m[KROS_INFO[m[K(name + "OFFBOARD command recieved!");
      |                 [01;36m[K^~~~~~~~[m[K
[01m[K/opt/ros/noetic/include/ros/console.h:161:22:[m[K [01;36m[Knote: [m[Kcandidate: ‘[01m[Kvoid ros::console::print(ros::console::FilterBase*, void*, ros::console::Level, const char*, int, const char*, const char*, ...)[m[K’
  161 | ROSCONSOLE_DECL void [01;36m[Kprint[m[K(FilterBase* filter, void* logger, Level level,
      |                      [01;36m[K^~~~~[m[K
[01m[K/opt/ros/noetic/include/ros/console.h:163:39:[m[K [01;36m[Knote: [m[K  no known conversion for argument 7 from ‘[01m[Kstd::__cxx11::basic_string<char>[m[K’ to ‘[01m[Kconst char*[m[K’
  163 |     const char* function, [01;36m[Kconst char* fmt[m[K, ...) ROSCONSOLE_PRINTF_ATTRIBUTE(7, 8);
      |                           [01;36m[K~~~~~~~~~~~~^~~[m[K
[01m[K/opt/ros/noetic/include/ros/console.h:165:22:[m[K [01;36m[Knote: [m[Kcandidate: ‘[01m[Kvoid ros::console::print(ros::console::FilterBase*, void*, ros::console::Level, const stringstream&, const char*, int, const char*)[m[K’
  165 | ROSCONSOLE_DECL void [01;36m[Kprint[m[K(FilterBase* filter, void* logger, Level level,
      |                      [01;36m[K^~~~~[m[K
[01m[K/opt/ros/noetic/include/ros/console.h:166:30:[m[K [01;36m[Knote: [m[K  no known conversion for argument 4 from ‘[01m[Kconst char [53][m[K’ to ‘[01m[Kconst stringstream&[m[K’ {aka ‘[01m[Kconst std::__cxx11::basic_stringstream<char>&[m[K’}
  166 |     [01;36m[Kconst std::stringstream& str[m[K, const char* file, int line, const char* function);
      |     [01;36m[K~~~~~~~~~~~~~~~~~~~~~~~~~^~~[m[K
In file included from [01m[K/home/billliu/trials/volans/src/offboard/src/class.cpp:6[m[K:
[01m[K/home/billliu/trials/volans/src/offboard/src/uav.hpp:118:42:[m[K [01;31m[Kerror: [m[K‘[01m[Kland_set_mode[m[K’ was not declared in this scope
  118 |                 if( set_mode_client.call([01;31m[Kland_set_mode[m[K) &&
      |                                          [01;31m[K^~~~~~~~~~~~~[m[K
In file included from [01m[K/opt/ros/noetic/include/ros/ros.h:40[m[K,
                 from [01m[K/home/billliu/trials/volans/src/offboard/src/class.cpp:1[m[K:
[01m[K/opt/ros/noetic/include/ros/console.h:351:176:[m[K [01;31m[Kerror: [m[Kno matching function for call to ‘[01m[Kprint(NULL, void*&, ros::console::Level&, const char [53], int, const char [28], std::__cxx11::basic_string<char>)[m[K’
  351 |     ::ros::console::print(filter, __rosconsole_define_location__loc.logger_, __rosconsole_define_location__loc.level_, __FILE__, __LINE__, __ROSCONSOLE_FUNCTION__, __VA_ARGS__[01;31m[K)[m[K
      |                                                                                                                                                                                [01;31m[K^[m[K
[01m[K/opt/ros/noetic/include/ros/console.h:354:5:[m[K [01;36m[Knote: [m[Kin expansion of macro ‘[01m[KROSCONSOLE_PRINT_AT_LOCATION_WITH_FILTER[m[K’
  354 |     [01;36m[KROSCONSOLE_PRINT_AT_LOCATION_WITH_FILTER[m[K(NULL, __VA_ARGS__)
      |     [01;36m[K^~~~~~~~~~~~~~~~~~~~~~~~~~~~~~~~~~~~~~~~[m[K
[01m[K/opt/ros/noetic/include/ros/console.h:390:7:[m[K [01;36m[Knote: [m[Kin expansion of macro ‘[01m[KROSCONSOLE_PRINT_AT_LOCATION[m[K’
  390 |       [01;36m[KROSCONSOLE_PRINT_AT_LOCATION[m[K(__VA_ARGS__); \
      |       [01;36m[K^~~~~~~~~~~~~~~~~~~~~~~~~~~~[m[K
[01m[K/opt/ros/noetic/include/ros/console.h:575:35:[m[K [01;36m[Knote: [m[Kin expansion of macro ‘[01m[KROS_LOG_COND[m[K’
  575 | #define ROS_LOG(level, name, ...) [01;36m[KROS_LOG_COND[m[K(true, level, name, __VA_ARGS__)
      |                                   [01;36m[K^~~~~~~~~~~~[m[K
[01m[K/opt/ros/noetic/include/rosconsole/macros_generated.h:110:23:[m[K [01;36m[Knote: [m[Kin expansion of macro ‘[01m[KROS_LOG[m[K’
  110 | #define ROS_INFO(...) [01;36m[KROS_LOG[m[K(::ros::console::levels::Info, ROSCONSOLE_DEFAULT_NAME, __VA_ARGS__)
      |                       [01;36m[K^~~~~~~[m[K
[01m[K/home/billliu/trials/volans/src/offboard/src/uav.hpp:120:21:[m[K [01;36m[Knote: [m[Kin expansion of macro ‘[01m[KROS_INFO[m[K’
  120 |                     [01;36m[KROS_INFO[m[K(name + " land set");
      |                     [01;36m[K^~~~~~~~[m[K
[01m[K/opt/ros/noetic/include/ros/console.h:161:22:[m[K [01;36m[Knote: [m[Kcandidate: ‘[01m[Kvoid ros::console::print(ros::console::FilterBase*, void*, ros::console::Level, const char*, int, const char*, const char*, ...)[m[K’
  161 | ROSCONSOLE_DECL void [01;36m[Kprint[m[K(FilterBase* filter, void* logger, Level level,
      |                      [01;36m[K^~~~~[m[K
[01m[K/opt/ros/noetic/include/ros/console.h:163:39:[m[K [01;36m[Knote: [m[K  no known conversion for argument 7 from ‘[01m[Kstd::__cxx11::basic_string<char>[m[K’ to ‘[01m[Kconst char*[m[K’
  163 |     const char* function, [01;36m[Kconst char* fmt[m[K, ...) ROSCONSOLE_PRINTF_ATTRIBUTE(7, 8);
      |                           [01;36m[K~~~~~~~~~~~~^~~[m[K
[01m[K/opt/ros/noetic/include/ros/console.h:165:22:[m[K [01;36m[Knote: [m[Kcandidate: ‘[01m[Kvoid ros::console::print(ros::console::FilterBase*, void*, ros::console::Level, const stringstream&, const char*, int, const char*)[m[K’
  165 | ROSCONSOLE_DECL void [01;36m[Kprint[m[K(FilterBase* filter, void* logger, Level level,
      |                      [01;36m[K^~~~~[m[K
[01m[K/opt/ros/noetic/include/ros/console.h:166:30:[m[K [01;36m[Knote: [m[K  no known conversion for argument 4 from ‘[01m[Kconst char [53][m[K’ to ‘[01m[Kconst stringstream&[m[K’ {aka ‘[01m[Kconst std::__cxx11::basic_stringstream<char>&[m[K’}
  166 |     [01;36m[Kconst std::stringstream& str[m[K, const char* file, int line, const char* function);
      |     [01;36m[K~~~~~~~~~~~~~~~~~~~~~~~~~^~~[m[K
In file included from [01m[K/home/billliu/trials/volans/src/offboard/src/class.cpp:6[m[K:
[01m[K/home/billliu/trials/volans/src/offboard/src/uav.hpp:193:46:[m[K [01;31m[Kerror: [m[K‘[01m[Kland_set_mode[m[K’ was not declared in this scope
  193 |                     if( set_mode_client.call([01;31m[Kland_set_mode[m[K) &&
      |                                              [01;31m[K^~~~~~~~~~~~~[m[K
In file included from [01m[K/opt/ros/noetic/include/ros/ros.h:40[m[K,
                 from [01m[K/home/billliu/trials/volans/src/offboard/src/class.cpp:1[m[K:
[01m[K/opt/ros/noetic/include/ros/console.h:351:176:[m[K [01;31m[Kerror: [m[Kno matching function for call to ‘[01m[Kprint(NULL, void*&, ros::console::Level&, const char [53], int, const char [28], std::__cxx11::basic_string<char>)[m[K’
  351 |     ::ros::console::print(filter, __rosconsole_define_location__loc.logger_, __rosconsole_define_location__loc.level_, __FILE__, __LINE__, __ROSCONSOLE_FUNCTION__, __VA_ARGS__[01;31m[K)[m[K
      |                                                                                                                                                                                [01;31m[K^[m[K
[01m[K/opt/ros/noetic/include/ros/console.h:354:5:[m[K [01;36m[Knote: [m[Kin expansion of macro ‘[01m[KROSCONSOLE_PRINT_AT_LOCATION_WITH_FILTER[m[K’
  354 |     [01;36m[KROSCONSOLE_PRINT_AT_LOCATION_WITH_FILTER[m[K(NULL, __VA_ARGS__)
      |     [01;36m[K^~~~~~~~~~~~~~~~~~~~~~~~~~~~~~~~~~~~~~~~[m[K
[01m[K/opt/ros/noetic/include/ros/console.h:390:7:[m[K [01;36m[Knote: [m[Kin expansion of macro ‘[01m[KROSCONSOLE_PRINT_AT_LOCATION[m[K’
  390 |       [01;36m[KROSCONSOLE_PRINT_AT_LOCATION[m[K(__VA_ARGS__); \
      |       [01;36m[K^~~~~~~~~~~~~~~~~~~~~~~~~~~~[m[K
[01m[K/opt/ros/noetic/include/ros/console.h:575:35:[m[K [01;36m[Knote: [m[Kin expansion of macro ‘[01m[KROS_LOG_COND[m[K’
  575 | #define ROS_LOG(level, name, ...) [01;36m[KROS_LOG_COND[m[K(true, level, name, __VA_ARGS__)
      |                                   [01;36m[K^~~~~~~~~~~~[m[K
[01m[K/opt/ros/noetic/include/rosconsole/macros_generated.h:110:23:[m[K [01;36m[Knote: [m[Kin expansion of macro ‘[01m[KROS_LOG[m[K’
  110 | #define ROS_INFO(...) [01;36m[KROS_LOG[m[K(::ros::console::levels::Info, ROSCONSOLE_DEFAULT_NAME, __VA_ARGS__)
      |                       [01;36m[K^~~~~~~[m[K
[01m[K/home/billliu/trials/volans/src/offboard/src/uav.hpp:195:25:[m[K [01;36m[Knote: [m[Kin expansion of macro ‘[01m[KROS_INFO[m[K’
  195 |                         [01;36m[KROS_INFO[m[K(name + " land set");
      |                         [01;36m[K^~~~~~~~[m[K
[01m[K/opt/ros/noetic/include/ros/console.h:161:22:[m[K [01;36m[Knote: [m[Kcandidate: ‘[01m[Kvoid ros::console::print(ros::console::FilterBase*, void*, ros::console::Level, const char*, int, const char*, const char*, ...)[m[K’
  161 | ROSCONSOLE_DECL void [01;36m[Kprint[m[K(FilterBase* filter, void* logger, Level level,
      |                      [01;36m[K^~~~~[m[K
[01m[K/opt/ros/noetic/include/ros/console.h:163:39:[m[K [01;36m[Knote: [m[K  no known conversion for argument 7 from ‘[01m[Kstd::__cxx11::basic_string<char>[m[K’ to ‘[01m[Kconst char*[m[K’
  163 |     const char* function, [01;36m[Kconst char* fmt[m[K, ...) ROSCONSOLE_PRINTF_ATTRIBUTE(7, 8);
      |                           [01;36m[K~~~~~~~~~~~~^~~[m[K
[01m[K/opt/ros/noetic/include/ros/console.h:165:22:[m[K [01;36m[Knote: [m[Kcandidate: ‘[01m[Kvoid ros::console::print(ros::console::FilterBase*, void*, ros::console::Level, const stringstream&, const char*, int, const char*)[m[K’
  165 | ROSCONSOLE_DECL void [01;36m[Kprint[m[K(FilterBase* filter, void* logger, Level level,
      |                      [01;36m[K^~~~~[m[K
[01m[K/opt/ros/noetic/include/ros/console.h:166:30:[m[K [01;36m[Knote: [m[K  no known conversion for argument 4 from ‘[01m[Kconst char [53][m[K’ to ‘[01m[Kconst stringstream&[m[K’ {aka ‘[01m[Kconst std::__cxx11::basic_stringstream<char>&[m[K’}
  166 |     [01;36m[Kconst std::stringstream& str[m[K, const char* file, int line, const char* function);
      |     [01;36m[K~~~~~~~~~~~~~~~~~~~~~~~~~^~~[m[K
make[2]: *** [CMakeFiles/offboard_test.dir/build.make:63: CMakeFiles/offboard_test.dir/src/class.cpp.o] Error 1
make[1]: *** [CMakeFiles/Makefile2:704: CMakeFiles/offboard_test.dir/all] Error 2
make: *** [Makefile:141: all] Error 2
