In file included from [01m[K/home/billliu/trials/volans/src/offboard/src/uav.hpp:14[m[K,
                 from [01m[K/home/billliu/trials/volans/src/offboard/src/main.cpp:11[m[K:
[01m[K/home/billliu/trials/volans/src/offboard/src/flight_patterns.hpp:[m[K In function ‘[01m[Kstd::vector<Eigen::Matrix<double, -1, 1> > zig_zag(double, double, double, double, double, double)[m[K’:
[01m[K/home/billliu/trials/volans/src/offboard/src/flight_patterns.hpp:46:21:[m[K [01;31m[Kerror: [m[Kexpected ‘[01m[K,[m[K’ or ‘[01m[K;[m[K’ before ‘[01m[Ktmp2[m[K’
   46 |                     [01;31m[Ktmp2[m[K = tmp;
      |                     [01;31m[K^~~~[m[K
[01m[K/home/billliu/trials/volans/src/offboard/src/flight_patterns.hpp:85:21:[m[K [01;31m[Kerror: [m[Kexpected ‘[01m[K,[m[K’ or ‘[01m[K;[m[K’ before ‘[01m[Ktmp2[m[K’
   85 |                     [01;31m[Ktmp2[m[K = tmp;
      |                     [01;31m[K^~~~[m[K
In file included from [01m[K/home/billliu/trials/volans/src/offboard/src/main.cpp:11[m[K:
[01m[K/home/billliu/trials/volans/src/offboard/src/uav.hpp:[m[K At global scope:
[01m[K/home/billliu/trials/volans/src/offboard/src/uav.hpp:41:12:[m[K [01;31m[Kerror: [m[K‘[01m[KVector6d[m[K’ in namespace ‘[01m[KEigen[m[K’ does not name a type; did you mean ‘[01m[KVectorXd[m[K’?
   41 |     Eigen::[01;31m[KVector6d[m[K drone_pose;
      |            [01;31m[K^~~~~~~~[m[K
      |            [32m[KVectorXd[m[K
[01m[K/home/billliu/trials/volans/src/offboard/src/uav.hpp:42:12:[m[K [01;31m[Kerror: [m[K‘[01m[KVector6d[m[K’ in namespace ‘[01m[KEigen[m[K’ does not name a type; did you mean ‘[01m[KVectorXd[m[K’?
   42 |     Eigen::[01;31m[KVector6d[m[K target_pose;          //offboard模式下，发送给飞控的期望值
      |            [01;31m[K^~~~~~~~[m[K
      |            [32m[KVectorXd[m[K
[01m[K/home/billliu/trials/volans/src/offboard/src/uav.hpp:43:12:[m[K [01;31m[Kerror: [m[K‘[01m[KVector6d[m[K’ in namespace ‘[01m[KEigen[m[K’ does not name a type; did you mean ‘[01m[KVectorXd[m[K’?
   43 |     Eigen::[01;31m[KVector6d[m[K origin_pose;          // the origin position when offboard
      |            [01;31m[K^~~~~~~~[m[K
      |            [32m[KVectorXd[m[K
[01m[K/home/billliu/trials/volans/src/offboard/src/uav.hpp:44:12:[m[K [01;31m[Kerror: [m[K‘[01m[KVector6d[m[K’ in namespace ‘[01m[KEigen[m[K’ does not name a type; did you mean ‘[01m[KVectorXd[m[K’?
   44 |     Eigen::[01;31m[KVector6d[m[K target_start_pose;    // the fist position on the circle
      |            [01;31m[K^~~~~~~~[m[K
      |            [32m[KVectorXd[m[K
[01m[K/home/billliu/trials/volans/src/offboard/src/uav.hpp:74:29:[m[K [01;31m[Kerror: [m[K‘[01m[KEigen::Vector6d[m[K’ has not been declared
   74 |     bool judge_reach(Eigen::[01;31m[KVector6d[m[K);
      |                             [01;31m[K^~~~~~~~[m[K
[01m[K/home/billliu/trials/volans/src/offboard/src/uav.hpp:79:40:[m[K [01;31m[Kerror: [m[K‘[01m[KVector6d[m[K’ in namespace ‘[01m[KEigen[m[K’ does not name a type; did you mean ‘[01m[KVectorXd[m[K’?
   79 |     void publish_setpoint(const Eigen::[01;31m[KVector6d[m[K&);
      |                                        [01;31m[K^~~~~~~~[m[K
      |                                        [32m[KVectorXd[m[K
[01m[K/home/billliu/trials/volans/src/offboard/src/uav.hpp:[m[K In member function ‘[01m[Kvoid Uav::pos_cb(const ConstPtr&)[m[K’:
[01m[K/home/billliu/trials/volans/src/offboard/src/uav.hpp:63:32:[m[K [01;31m[Kerror: [m[K‘[01m[Kconst struct geometry_msgs::PoseStamped_<std::allocator<void> >[m[K’ has no member named ‘[01m[Korientation[m[K’
   63 |         tf2::Quaternion q(msg->[01;31m[Korientation[m[K.x,
      |                                [01;31m[K^~~~~~~~~~~[m[K
[01m[K/home/billliu/trials/volans/src/offboard/src/uav.hpp:64:32:[m[K [01;31m[Kerror: [m[K‘[01m[Kconst struct geometry_msgs::PoseStamped_<std::allocator<void> >[m[K’ has no member named ‘[01m[Korientation[m[K’
   64 |                           msg->[01;31m[Korientation[m[K.y,
      |                                [01;31m[K^~~~~~~~~~~[m[K
[01m[K/home/billliu/trials/volans/src/offboard/src/uav.hpp:65:32:[m[K [01;31m[Kerror: [m[K‘[01m[Kconst struct geometry_msgs::PoseStamped_<std::allocator<void> >[m[K’ has no member named ‘[01m[Korientation[m[K’
   65 |                           msg->[01;31m[Korientation[m[K.z,
      |                                [01;31m[K^~~~~~~~~~~[m[K
[01m[K/home/billliu/trials/volans/src/offboard/src/uav.hpp:66:32:[m[K [01;31m[Kerror: [m[K‘[01m[Kconst struct geometry_msgs::PoseStamped_<std::allocator<void> >[m[K’ has no member named ‘[01m[Korientation[m[K’
   66 |                           msg->[01;31m[Korientation[m[K.w);
      |                                [01;31m[K^~~~~~~~~~~[m[K
[01m[K/home/billliu/trials/volans/src/offboard/src/uav.hpp:70:16:[m[K [01;31m[Kerror: [m[K‘[01m[KVector6d[m[K’ is not a member of ‘[01m[KEigen[m[K’; did you mean ‘[01m[KVectorXd[m[K’?
   70 |         Eigen::[01;31m[KVector6d[m[K tmp(msg->pose.position.x,msg->pose.position.y,msg->pose.position.z, roll, pitch, yaw);
      |                [01;31m[K^~~~~~~~[m[K
      |                [32m[KVectorXd[m[K
[01m[K/home/billliu/trials/volans/src/offboard/src/uav.hpp:71:9:[m[K [01;31m[Kerror: [m[K‘[01m[Kdrone_pose[m[K’ was not declared in this scope
   71 |         [01;31m[Kdrone_pose[m[K = tmp;
      |         [01;31m[K^~~~~~~~~~[m[K
[01m[K/home/billliu/trials/volans/src/offboard/src/uav.hpp:71:22:[m[K [01;31m[Kerror: [m[K‘[01m[Ktmp[m[K’ was not declared in this scope; did you mean ‘[01m[Ktm[m[K’?
   71 |         drone_pose = [01;31m[Ktmp[m[K;
      |                      [01;31m[K^~~[m[K
      |                      [32m[Ktm[m[K
[01m[K/home/billliu/trials/volans/src/offboard/src/uav.hpp:[m[K In member function ‘[01m[Kvoid Uav::init(ros::NodeHandle)[m[K’:
[01m[K/home/billliu/trials/volans/src/offboard/src/uav.hpp:95:5:[m[K [01;31m[Kerror: [m[K‘[01m[Ksetpoint_pub[m[K’ was not declared in this scope
   95 |     [01;31m[Ksetpoint_pub[m[K = nh.advertise<mavros_msgs::PositionTarget>("/mavros/setpoint_raw/local", 10);
      |     [01;31m[K^~~~~~~~~~~~[m[K
[01m[K/home/billliu/trials/volans/src/offboard/src/uav.hpp:[m[K At global scope:
[01m[K/home/billliu/trials/volans/src/offboard/src/uav.hpp:111:6:[m[K [01;31m[Kerror: [m[Kno declaration matches ‘[01m[Kvoid Uav::publish_setpoint(const Vector3d&, float)[m[K’
  111 | void [01;31m[KUav[m[K::publish_setpoint(const Eigen::Vector3d& pos_sp, float yaw_sp)
      |      [01;31m[K^~~[m[K
[01m[K/home/billliu/trials/volans/src/offboard/src/uav.hpp:79:10:[m[K [01;36m[Knote: [m[Kcandidate is: ‘[01m[Kvoid Uav::publish_setpoint(const int&)[m[K’
   79 |     void [01;36m[Kpublish_setpoint[m[K(const Eigen::Vector6d&);
      |          [01;36m[K^~~~~~~~~~~~~~~~[m[K
[01m[K/home/billliu/trials/volans/src/offboard/src/uav.hpp:20:7:[m[K [01;36m[Knote: [m[K‘[01m[Kclass Uav[m[K’ defined here
   20 | class [01;36m[KUav[m[K
      |       [01;36m[K^~~[m[K
In file included from [01m[K/home/billliu/trials/volans/src/offboard/src/main.cpp:11[m[K:
[01m[K/home/billliu/trials/volans/src/offboard/src/uav.hpp:160:6:[m[K [01;31m[Kerror: [m[K‘[01m[Kbool Uav::judge_reach[m[K’ is not a static data member of ‘[01m[Kclass Uav[m[K’
  160 | bool [01;31m[KUav[m[K::judge_reach(Eigen::Vector6d pose)
      |      [01;31m[K^~~[m[K
[01m[K/home/billliu/trials/volans/src/offboard/src/uav.hpp:160:30:[m[K [01;31m[Kerror: [m[K‘[01m[KVector6d[m[K’ is not a member of ‘[01m[KEigen[m[K’; did you mean ‘[01m[KVectorXd[m[K’?
  160 | bool Uav::judge_reach(Eigen::[01;31m[KVector6d[m[K pose)
      |                              [01;31m[K^~~~~~~~[m[K
      |                              [32m[KVectorXd[m[K
[01m[K/home/billliu/trials/volans/src/offboard/src/uav.hpp:[m[K In member function ‘[01m[Kvoid Uav::flystate_update()[m[K’:
[01m[K/home/billliu/trials/volans/src/offboard/src/uav.hpp:201:17:[m[K [01;31m[Kerror: [m[K‘[01m[Ktarget_pose[m[K’ was not declared in this scope
  201 |                 [01;31m[Ktarget_pose[m[K = drone_pose;
      |                 [01;31m[K^~~~~~~~~~~[m[K
[01m[K/home/billliu/trials/volans/src/offboard/src/uav.hpp:201:31:[m[K [01;31m[Kerror: [m[K‘[01m[Kdrone_pose[m[K’ was not declared in this scope
  201 |                 target_pose = [01;31m[Kdrone_pose[m[K;
      |                               [01;31m[K^~~~~~~~~~[m[K
[01m[K/home/billliu/trials/volans/src/offboard/src/uav.hpp:202:17:[m[K [01;31m[Kerror: [m[K‘[01m[Korigin_pose[m[K’ was not declared in this scope
  202 |                 [01;31m[Korigin_pose[m[K = drone_pose;
      |                 [01;31m[K^~~~~~~~~~~[m[K
[01m[K/home/billliu/trials/volans/src/offboard/src/uav.hpp:208:17:[m[K [01;31m[Kerror: [m[K‘[01m[Ktarget_pose[m[K’ was not declared in this scope
  208 |                 [01;31m[Ktarget_pose[m[K = origin_pose;
      |                 [01;31m[K^~~~~~~~~~~[m[K
[01m[K/home/billliu/trials/volans/src/offboard/src/uav.hpp:208:31:[m[K [01;31m[Kerror: [m[K‘[01m[Korigin_pose[m[K’ was not declared in this scope
  208 |                 target_pose = [01;31m[Korigin_pose[m[K;
      |                               [01;31m[K^~~~~~~~~~~[m[K
[01m[K/home/billliu/trials/volans/src/offboard/src/uav.hpp:215:7:[m[K [01;31m[Kerror: [m[K‘[01m[Kdrone_pose[m[K’ was not declared in this scope
  215 |    if([01;31m[Kdrone_pose[m[K.pose.position.x == 0 && drone_pose.pose.position.y == 0)    //没有位置信息则执行降落模式
      |       [01;31m[K^~~~~~~~~~[m[K
[01m[K/home/billliu/trials/volans/src/offboard/src/uav.hpp:228:13:[m[K [01;31m[Kerror: [m[K‘[01m[Ktarget_pose[m[K’ was not declared in this scope
  228 |             [01;31m[Ktarget_pose[m[K = origin_pose;
      |             [01;31m[K^~~~~~~~~~~[m[K
[01m[K/home/billliu/trials/volans/src/offboard/src/uav.hpp:228:27:[m[K [01;31m[Kerror: [m[K‘[01m[Korigin_pose[m[K’ was not declared in this scope
  228 |             target_pose = [01;31m[Korigin_pose[m[K;
      |                           [01;31m[K^~~~~~~~~~~[m[K
[01m[K/home/billliu/trials/volans/src/offboard/src/uav.hpp:[m[K In member function ‘[01m[Kvoid Uav::publish_path()[m[K’:
[01m[K/home/billliu/trials/volans/src/offboard/src/uav.hpp:286:28:[m[K [01;31m[Kerror: [m[K‘[01m[Kdrone_pose[m[K’ was not declared in this scope
  286 |     pose.pose.position.x = [01;31m[Kdrone_pose[m[K[0];
      |                            [01;31m[K^~~~~~~~~~[m[K
In file included from [01m[K/home/billliu/trials/volans/src/offboard/src/main.cpp:12[m[K:
[01m[K/home/billliu/trials/volans/src/offboard/src/uav_local.hpp:[m[K In member function ‘[01m[Kvoid Uav_global::plan_flight(std::vector<Eigen::Matrix<double, -1, 1> >)[m[K’:
[01m[K/home/billliu/trials/volans/src/offboard/src/uav_local.hpp:48:12:[m[K [01;31m[Kerror: [m[K‘[01m[KVector6d[m[K’ is not a member of ‘[01m[KEigen[m[K’; did you mean ‘[01m[KVectorXd[m[K’?
   48 |     Eigen::[01;31m[KVector6d[m[K tmp;
      |            [01;31m[K^~~~~~~~[m[K
      |            [32m[KVectorXd[m[K
[01m[K/home/billliu/trials/volans/src/offboard/src/uav_local.hpp:49:5:[m[K [01;31m[Kerror: [m[K‘[01m[Ktmp[m[K’ was not declared in this scope; did you mean ‘[01m[Ktm[m[K’?
   49 |     [01;31m[Ktmp[m[K = wp[0];
      |     [01;31m[K^~~[m[K
      |     [32m[Ktm[m[K
[01m[K/home/billliu/trials/volans/src/offboard/src/uav_local.hpp:[m[K In member function ‘[01m[Kvoid Uav_global::flystate_update()[m[K’:
[01m[K/home/billliu/trials/volans/src/offboard/src/uav_local.hpp:66:17:[m[K [01;31m[Kerror: [m[K‘[01m[Ktarget_pose[m[K’ was not declared in this scope
   66 |                 [01;31m[Ktarget_pose[m[K = drone_pose;
      |                 [01;31m[K^~~~~~~~~~~[m[K
[01m[K/home/billliu/trials/volans/src/offboard/src/uav_local.hpp:66:31:[m[K [01;31m[Kerror: [m[K‘[01m[Kdrone_pose[m[K’ was not declared in this scope
   66 |                 target_pose = [01;31m[Kdrone_pose[m[K;
      |                               [01;31m[K^~~~~~~~~~[m[K
[01m[K/home/billliu/trials/volans/src/offboard/src/uav_local.hpp:67:17:[m[K [01;31m[Kerror: [m[K‘[01m[Korigin_pose[m[K’ was not declared in this scope
   67 |                 [01;31m[Korigin_pose[m[K = drone_pose;
      |                 [01;31m[K^~~~~~~~~~~[m[K
[01m[K/home/billliu/trials/volans/src/offboard/src/uav_local.hpp:73:17:[m[K [01;31m[Kerror: [m[K‘[01m[Ktarget_pose[m[K’ was not declared in this scope
   73 |                 [01;31m[Ktarget_pose[m[K = origin_pose;
      |                 [01;31m[K^~~~~~~~~~~[m[K
[01m[K/home/billliu/trials/volans/src/offboard/src/uav_local.hpp:73:31:[m[K [01;31m[Kerror: [m[K‘[01m[Korigin_pose[m[K’ was not declared in this scope
   73 |                 target_pose = [01;31m[Korigin_pose[m[K;
      |                               [01;31m[K^~~~~~~~~~~[m[K
[01m[K/home/billliu/trials/volans/src/offboard/src/uav_local.hpp:80:7:[m[K [01;31m[Kerror: [m[K‘[01m[Kdrone_pose[m[K’ was not declared in this scope
   80 |    if([01;31m[Kdrone_pose[m[K[0] == 0 && drone_pose[1] == 0)    //没有位置信息则执行降落模式
      |       [01;31m[K^~~~~~~~~~[m[K
[01m[K/home/billliu/trials/volans/src/offboard/src/uav_local.hpp:93:21:[m[K [01;31m[Kerror: [m[K‘[01m[Kdrone_pose[m[K’ was not declared in this scope
   93 |             if (abs([01;31m[Kdrone_pose[m[K[2] - height) > 1)
      |                     [01;31m[K^~~~~~~~~~[m[K
[01m[K/home/billliu/trials/volans/src/offboard/src/uav_local.hpp:95:24:[m[K [01;31m[Kerror: [m[K‘[01m[KVector6d[m[K’ is not a member of ‘[01m[KEigen[m[K’; did you mean ‘[01m[KVectorXd[m[K’?
   95 |                 Eigen::[01;31m[KVector6d[m[K tmp = origin_pose;
      |                        [01;31m[K^~~~~~~~[m[K
      |                        [32m[KVectorXd[m[K
[01m[K/home/billliu/trials/volans/src/offboard/src/uav_local.hpp:96:17:[m[K [01;31m[Kerror: [m[K‘[01m[Ktmp[m[K’ was not declared in this scope; did you mean ‘[01m[Ktm[m[K’?
   96 |                 [01;31m[Ktmp[m[K.pose.position.z = height;
      |                 [01;31m[K^~~[m[K
      |                 [32m[Ktm[m[K
[01m[K/home/billliu/trials/volans/src/offboard/src/uav_local.hpp:101:17:[m[K [01;31m[Kerror: [m[K‘[01m[Ktarget_pose[m[K’ was not declared in this scope
  101 |                 [01;31m[Ktarget_pose[m[K = wp[0]; //起飞到轨迹的第一个
      |                 [01;31m[K^~~~~~~~~~~[m[K
[01m[K/home/billliu/trials/volans/src/offboard/src/uav_local.hpp:120:17:[m[K [01;31m[Kerror: [m[K‘[01m[Ktarget_pose[m[K’ was not declared in this scope
  120 |                 [01;31m[Ktarget_pose[m[K = wp[move_time_cnt];
      |                 [01;31m[K^~~~~~~~~~~[m[K
[01m[K/home/billliu/trials/volans/src/offboard/src/uav_local.hpp:145:17:[m[K [01;31m[Kerror: [m[K‘[01m[Ktarget_pose[m[K’ was not declared in this scope
  145 |                 [01;31m[Ktarget_pose[m[K = origin_pose;
      |                 [01;31m[K^~~~~~~~~~~[m[K
[01m[K/home/billliu/trials/volans/src/offboard/src/uav_local.hpp:145:31:[m[K [01;31m[Kerror: [m[K‘[01m[Korigin_pose[m[K’ was not declared in this scope
  145 |                 target_pose = [01;31m[Korigin_pose[m[K;
      |                               [01;31m[K^~~~~~~~~~~[m[K
[01m[K/home/billliu/trials/volans/src/offboard/src/uav_local.hpp:[m[K In member function ‘[01m[Kvoid Uav_local::follow()[m[K’:
[01m[K/home/billliu/trials/volans/src/offboard/src/uav_local.hpp:171:12:[m[K [01;31m[Kerror: [m[K‘[01m[KVector6d[m[K’ is not a member of ‘[01m[KEigen[m[K’; did you mean ‘[01m[KVectorXd[m[K’?
  171 |     Eigen::[01;31m[KVector6d[m[K tmp;
      |            [01;31m[K^~~~~~~~[m[K
      |            [32m[KVectorXd[m[K
[01m[K/home/billliu/trials/volans/src/offboard/src/uav_local.hpp:172:5:[m[K [01;31m[Kerror: [m[K‘[01m[Ktmp[m[K’ was not declared in this scope; did you mean ‘[01m[Ktm[m[K’?
  172 |     [01;31m[Ktmp[m[K = uav_global->drone_pose;
      |     [01;31m[K^~~[m[K
      |     [32m[Ktm[m[K
[01m[K/home/billliu/trials/volans/src/offboard/src/uav_local.hpp:172:23:[m[K [01;31m[Kerror: [m[K‘[01m[Kclass Uav_global[m[K’ has no member named ‘[01m[Kdrone_pose[m[K’
  172 |     tmp = uav_global->[01;31m[Kdrone_pose[m[K;
      |                       [01;31m[K^~~~~~~~~~[m[K
[01m[K/home/billliu/trials/volans/src/offboard/src/uav_local.hpp:[m[K In member function ‘[01m[Kvoid Uav_local::flystate_update()[m[K’:
[01m[K/home/billliu/trials/volans/src/offboard/src/uav_local.hpp:190:17:[m[K [01;31m[Kerror: [m[K‘[01m[Ktarget_pose[m[K’ was not declared in this scope
  190 |                 [01;31m[Ktarget_pose[m[K = drone_pose;
      |                 [01;31m[K^~~~~~~~~~~[m[K
[01m[K/home/billliu/trials/volans/src/offboard/src/uav_local.hpp:190:31:[m[K [01;31m[Kerror: [m[K‘[01m[Kdrone_pose[m[K’ was not declared in this scope
  190 |                 target_pose = [01;31m[Kdrone_pose[m[K;
      |                               [01;31m[K^~~~~~~~~~[m[K
[01m[K/home/billliu/trials/volans/src/offboard/src/uav_local.hpp:191:17:[m[K [01;31m[Kerror: [m[K‘[01m[Korigin_pose[m[K’ was not declared in this scope
  191 |                 [01;31m[Korigin_pose[m[K = drone_pose;
      |                 [01;31m[K^~~~~~~~~~~[m[K
[01m[K/home/billliu/trials/volans/src/offboard/src/uav_local.hpp:197:17:[m[K [01;31m[Kerror: [m[K‘[01m[Ktarget_pose[m[K’ was not declared in this scope
  197 |                 [01;31m[Ktarget_pose[m[K = origin_pose;
      |                 [01;31m[K^~~~~~~~~~~[m[K
[01m[K/home/billliu/trials/volans/src/offboard/src/uav_local.hpp:197:31:[m[K [01;31m[Kerror: [m[K‘[01m[Korigin_pose[m[K’ was not declared in this scope
  197 |                 target_pose = [01;31m[Korigin_pose[m[K;
      |                               [01;31m[K^~~~~~~~~~~[m[K
[01m[K/home/billliu/trials/volans/src/offboard/src/uav_local.hpp:204:7:[m[K [01;31m[Kerror: [m[K‘[01m[Kdrone_pose[m[K’ was not declared in this scope
  204 |    if([01;31m[Kdrone_pose[m[K[0] == 0 && drone_pose[1] == 0)    //没有位置信息则执行降落模式
      |       [01;31m[K^~~~~~~~~~[m[K
[01m[K/home/billliu/trials/volans/src/offboard/src/uav_local.hpp:217:21:[m[K [01;31m[Kerror: [m[K‘[01m[Kdrone_pose[m[K’ was not declared in this scope
  217 |             if (abs([01;31m[Kdrone_pose[m[K[2] - height) > 1)
      |                     [01;31m[K^~~~~~~~~~[m[K
[01m[K/home/billliu/trials/volans/src/offboard/src/uav_local.hpp:219:24:[m[K [01;31m[Kerror: [m[K‘[01m[KVector6d[m[K’ is not a member of ‘[01m[KEigen[m[K’; did you mean ‘[01m[KVectorXd[m[K’?
  219 |                 Eigen::[01;31m[KVector6d[m[K tmp = origin_pose;
      |                        [01;31m[K^~~~~~~~[m[K
      |                        [32m[KVectorXd[m[K
[01m[K/home/billliu/trials/volans/src/offboard/src/uav_local.hpp:220:17:[m[K [01;31m[Kerror: [m[K‘[01m[Ktmp[m[K’ was not declared in this scope; did you mean ‘[01m[Ktm[m[K’?
  220 |                 [01;31m[Ktmp[m[K[2] = height;
      |                 [01;31m[K^~~[m[K
      |                 [32m[Ktm[m[K
[01m[K/home/billliu/trials/volans/src/offboard/src/uav_local.hpp:225:17:[m[K [01;31m[Kerror: [m[K‘[01m[Ktarget_pose[m[K’ was not declared in this scope
  225 |                 [01;31m[Ktarget_pose[m[K = wp[0]; //起飞到轨迹的第一个
      |                 [01;31m[K^~~~~~~~~~~[m[K
[01m[K/home/billliu/trials/volans/src/offboard/src/uav_local.hpp:226:34:[m[K [01;31m[Kerror: [m[K‘[01m[Ktmp[m[K’ was not declared in this scope; did you mean ‘[01m[Ktm[m[K’?
  226 |                 publish_setpoint([01;31m[Ktmp[m[K);
      |                                  [01;31m[K^~~[m[K
      |                                  [32m[Ktm[m[K
[01m[K/home/billliu/trials/volans/src/offboard/src/uav_local.hpp:251:50:[m[K [01;31m[Kerror: [m[K‘[01m[Kdrone_pose[m[K’ was not declared in this scope
  251 |                         wp_mission = circular(5, [01;31m[Kdrone_pose[m[K[0], drone_pose[1], 10);
      |                                                  [01;31m[K^~~~~~~~~~[m[K
[01m[K/home/billliu/trials/volans/src/offboard/src/uav_local.hpp:253:48:[m[K [01;31m[Kerror: [m[K‘[01m[Kdrone_pose[m[K’ was not declared in this scope
  253 |                         wp_mission = square(5, [01;31m[Kdrone_pose[m[K[0], drone_pose[1], 5);
      |                                                [01;31m[K^~~~~~~~~~[m[K
[01m[K/home/billliu/trials/volans/src/offboard/src/uav_local.hpp:279:17:[m[K [01;31m[Kerror: [m[K‘[01m[Ktarget_pose[m[K’ was not declared in this scope
  279 |                 [01;31m[Ktarget_pose[m[K = wp[move_time_cnt];
      |                 [01;31m[K^~~~~~~~~~~[m[K
[01m[K/home/billliu/trials/volans/src/offboard/src/uav_local.hpp:291:17:[m[K [01;31m[Kerror: [m[K‘[01m[Ktarget_pose[m[K’ was not declared in this scope
  291 |                 [01;31m[Ktarget_pose[m[K = origin_pose;
      |                 [01;31m[K^~~~~~~~~~~[m[K
[01m[K/home/billliu/trials/volans/src/offboard/src/uav_local.hpp:291:31:[m[K [01;31m[Kerror: [m[K‘[01m[Korigin_pose[m[K’ was not declared in this scope
  291 |                 target_pose = [01;31m[Korigin_pose[m[K;
      |                               [01;31m[K^~~~~~~~~~~[m[K
make[2]: *** [CMakeFiles/offboard_test.dir/build.make:63: CMakeFiles/offboard_test.dir/src/main.cpp.o] Error 1
make[1]: *** [CMakeFiles/Makefile2:704: CMakeFiles/offboard_test.dir/all] Error 2
make: *** [Makefile:141: all] Error 2
