[ 40%] Built target uav
[ 40%] Built target fp
[ 60%] Built target ul
[35m[1mScanning dependencies of target offboard_test[0m
[ 80%] [32mBuilding CXX object CMakeFiles/offboard_test.dir/src/main.cpp.o[0m
In file included from [01m[K/home/billliu/trials/volans/src/offboard/src/main.cpp:11[m[K:
[01m[K/home/billliu/trials/volans/src/offboard/src/uav.hpp:50:25:[m[K [01;31m[Kerror: [m[K‘[01m[KMountConfigure[m[K’ in namespace ‘[01m[Kmavros_msgs[m[K’ does not name a type
   50 |     static mavros_msgs::[01;31m[KMountConfigure[m[K mount_config;
      |                         [01;31m[K^~~~~~~~~~~~~~[m[K
[01m[K/home/billliu/trials/volans/src/offboard/src/uav.hpp:68:29:[m[K [01;31m[Kerror: [m[K‘[01m[Kmavros_msgs::MountConfigure[m[K’ has not been declared
   68 |     void mc_cb(mavros_msgs::[01;31m[KMountConfigure[m[K::Request &req, mavros_msgs::MountConfigure::Response &res)
      |                             [01;31m[K^~~~~~~~~~~~~~[m[K
[01m[K/home/billliu/trials/volans/src/offboard/src/uav.hpp:68:53:[m[K [01;31m[Kerror: [m[Kexpected ‘[01m[K,[m[K’ or ‘[01m[K...[m[K’ before ‘[01m[K&[m[K’ token
   68 |     void mc_cb(mavros_msgs::MountConfigure::Request [01;31m[K&[m[Kreq, mavros_msgs::MountConfigure::Response &res)
      |                                                     [01;31m[K^[m[K
[01m[K/home/billliu/trials/volans/src/offboard/src/uav.hpp:[m[K In member function ‘[01m[Kvoid Uav::mc_cb(int)[m[K’:
[01m[K/home/billliu/trials/volans/src/offboard/src/uav.hpp:70:15:[m[K [01;31m[Kerror: [m[K‘[01m[Kmavlink[m[K’ has not been declared
   70 |         using [01;31m[Kmavlink[m[K::common::MAV_CMD;
      |               [01;31m[K^~~~~~~[m[K
[01m[K/home/billliu/trials/volans/src/offboard/src/uav.hpp:72:27:[m[K [01;31m[Kerror: [m[K‘[01m[Knh[m[K’ was not declared in this scope
   72 |             auto client = [01;31m[Knh[m[K.serviceClient<mavros_msgs::CommandLong>("cmd/command");
      |                           [01;31m[K^~[m[K
[01m[K/home/billliu/trials/volans/src/offboard/src/uav.hpp:72:57:[m[K [01;31m[Kerror: [m[K‘[01m[KCommandLong[m[K’ is not a member of ‘[01m[Kmavros_msgs[m[K’; did you mean ‘[01m[KCommandBool[m[K’?
   72 |             auto client = nh.serviceClient<mavros_msgs::[01;31m[KCommandLong[m[K>("cmd/command");
      |                                                         [01;31m[K^~~~~~~~~~~[m[K
      |                                                         [32m[KCommandBool[m[K
[01m[K/home/billliu/trials/volans/src/offboard/src/uav.hpp:73:26:[m[K [01;31m[Kerror: [m[K‘[01m[KCommandLong[m[K’ is not a member of ‘[01m[Kmavros_msgs[m[K’; did you mean ‘[01m[KCommandBool[m[K’?
   73 |             mavros_msgs::[01;31m[KCommandLong[m[K cmd{};
      |                          [01;31m[K^~~~~~~~~~~[m[K
      |                          [32m[KCommandBool[m[K
[01m[K/home/billliu/trials/volans/src/offboard/src/uav.hpp:74:13:[m[K [01;31m[Kerror: [m[K‘[01m[Kcmd[m[K’ was not declared in this scope
   74 |             [01;31m[Kcmd[m[K.request.broadcast = false;
      |             [01;31m[K^~~[m[K
[01m[K/home/billliu/trials/volans/src/offboard/src/uav.hpp:75:46:[m[K [01;31m[Kerror: [m[K‘[01m[KMAV_CMD[m[K’ has not been declared
   75 |             cmd.request.command = enum_value([01;31m[KMAV_CMD[m[K::DO_MOUNT_CONFIGURE);
      |                                              [01;31m[K^~~~~~~[m[K
[01m[K/home/billliu/trials/volans/src/offboard/src/uav.hpp:75:35:[m[K [01;31m[Kerror: [m[K‘[01m[Kenum_value[m[K’ was not declared in this scope
   75 |             cmd.request.command = [01;31m[Kenum_value[m[K(MAV_CMD::DO_MOUNT_CONFIGURE);
      |                                   [01;31m[K^~~~~~~~~~[m[K
[01m[K/home/billliu/trials/volans/src/offboard/src/uav.hpp:77:34:[m[K [01;31m[Kerror: [m[K‘[01m[Kreq[m[K’ was not declared in this scope
   77 |             cmd.request.param1 = [01;31m[Kreq[m[K.mode;
      |                                  [01;31m[K^~~[m[K
[01m[K/home/billliu/trials/volans/src/offboard/src/uav.hpp:86:13:[m[K [01;31m[Kerror: [m[K‘[01m[Kres[m[K’ was not declared in this scope; did you mean ‘[01m[Kros[m[K’?
   86 |             [01;31m[Kres[m[K.success = cmd.response.success;
      |             [01;31m[K^~~[m[K
      |             [32m[Kros[m[K
In file included from [01m[K/opt/ros/noetic/include/ros/ros.h:40[m[K,
                 from [01m[K/home/billliu/trials/volans/src/offboard/src/main.cpp:6[m[K:
[01m[K/home/billliu/trials/volans/src/offboard/src/uav.hpp:91:31:[m[K [01;31m[Kerror: [m[K‘[01m[Kres[m[K’ was not declared in this scope; did you mean ‘[01m[Kros[m[K’?
   91 |         ROS_ERROR_COND_NAMED(![01;31m[Kres[m[K.success, "mount", "MountConfigure: command plugin service call failed!");
      |                               [01;31m[K^~~[m[K
[01m[K/opt/ros/noetic/include/ros/console.h:348:102:[m[K [01;36m[Knote: [m[Kin definition of macro ‘[01m[KROSCONSOLE_DEFINE_LOCATION[m[K’
  348 |   bool __rosconsole_define_location__enabled = __rosconsole_define_location__loc.logger_enabled_ && ([01;36m[Kcond[m[K);
      |                                                                                                      [01;36m[K^~~~[m[K
[01m[K/opt/ros/noetic/include/rosconsole/macros_generated.h:220:47:[m[K [01;36m[Knote: [m[Kin expansion of macro ‘[01m[KROS_LOG_COND[m[K’
  220 | #define ROS_ERROR_COND_NAMED(cond, name, ...) [01;36m[KROS_LOG_COND[m[K(cond, ::ros::console::levels::Error, std::string(ROSCONSOLE_NAME_PREFIX) + "." + name, __VA_ARGS__)
      |                                               [01;36m[K^~~~~~~~~~~~[m[K
[01m[K/home/billliu/trials/volans/src/offboard/src/uav.hpp:91:9:[m[K [01;36m[Knote: [m[Kin expansion of macro ‘[01m[KROS_ERROR_COND_NAMED[m[K’
   91 |         [01;36m[KROS_ERROR_COND_NAMED[m[K(!res.success, "mount", "MountConfigure: command plugin service call failed!");
      |         [01;36m[K^~~~~~~~~~~~~~~~~~~~[m[K
In file included from [01m[K/home/billliu/trials/volans/src/offboard/src/main.cpp:11[m[K:
[01m[K/home/billliu/trials/volans/src/offboard/src/uav.hpp:92:16:[m[K [01;31m[Kerror: [m[K‘[01m[Kres[m[K’ was not declared in this scope; did you mean ‘[01m[Kros[m[K’?
   92 |         return [01;31m[Kres[m[K.success;
      |                [01;31m[K^~~[m[K
      |                [32m[Kros[m[K
[01m[K/home/billliu/trials/volans/src/offboard/src/uav.hpp:92:20:[m[K [01;31m[Kerror: [m[Kreturn-statement with a value, in function returning ‘[01m[Kvoid[m[K’ [[01;31m[K-fpermissive[m[K]
   92 |         return res.[01;31m[Ksuccess[m[K;
      |                    [01;31m[K^~~~~~~[m[K
[01m[K/home/billliu/trials/volans/src/offboard/src/uav.hpp:[m[K At global scope:
[01m[K/home/billliu/trials/volans/src/offboard/src/uav.hpp:107:14:[m[K [01;31m[Kerror: [m[K‘[01m[KMountConfigure[m[K’ in namespace ‘[01m[Kmavros_msgs[m[K’ does not name a type
  107 | mavros_msgs::[01;31m[KMountConfigure[m[K Uav::mount_config;
      |              [01;31m[K^~~~~~~~~~~~~~[m[K
[01m[K/home/billliu/trials/volans/src/offboard/src/uav.hpp:[m[K In member function ‘[01m[Kvoid Uav::init(ros::NodeHandle)[m[K’:
[01m[K/home/billliu/trials/volans/src/offboard/src/uav.hpp:121:5:[m[K [01;31m[Kerror: [m[K‘[01m[Kmount_client[m[K’ was not declared in this scope
  121 |     [01;31m[Kmount_client[m[K = nh.serviceClient<mavros_msgs::MountControl>(name + "/mavros/mount_control/configure");
      |     [01;31m[K^~~~~~~~~~~~[m[K
[01m[K/home/billliu/trials/volans/src/offboard/src/uav.hpp:129:5:[m[K [01;31m[Kerror: [m[K‘[01m[Kmount_config[m[K’ was not declared in this scope
  129 |     [01;31m[Kmount_config[m[K.request.stabilize_roll = true;
      |     [01;31m[K^~~~~~~~~~~~[m[K
In file included from [01m[K/home/billliu/trials/volans/src/offboard/src/main.cpp:11[m[K:
[01m[K/home/billliu/trials/volans/src/offboard/src/uav.hpp:[m[K In member function ‘[01m[Kvoid Uav::publish_attitude(geometry_msgs::PoseStamped)[m[K’:
[01m[K/home/billliu/trials/volans/src/offboard/src/uav.hpp:189:5:[m[K [01;31m[Kerror: [m[K‘[01m[Kmount_client[m[K’ was not declared in this scope
  189 |     [01;31m[Kmount_client[m[K.call(mount_config);
      |     [01;31m[K^~~~~~~~~~~~[m[K
[01m[K/home/billliu/trials/volans/src/offboard/src/uav.hpp:189:23:[m[K [01;31m[Kerror: [m[K‘[01m[Kmount_config[m[K’ was not declared in this scope
  189 |     mount_client.call([01;31m[Kmount_config[m[K);
      |                       [01;31m[K^~~~~~~~~~~~[m[K
In file included from [01m[K/opt/ros/noetic/include/ros/service_client.h:33[m[K,
                 from [01m[K/opt/ros/noetic/include/ros/node_handle.h:35[m[K,
                 from [01m[K/opt/ros/noetic/include/ros/ros.h:45[m[K,
                 from [01m[K/home/billliu/trials/volans/src/offboard/src/main.cpp:6[m[K:
/opt/ros/noetic/include/ros/service_traits.h: In instantiation of ‘[01m[Kstatic const char* ros::service_traits::MD5Sum<M>::value() [with M = mavros_msgs::MountControl_<std::allocator<void> >][m[K’:
[01m[K/opt/ros/noetic/include/ros/service_traits.h:79:102:[m[K   required from ‘[01m[Kconst char* ros::service_traits::md5sum() [with M = mavros_msgs::MountControl_<std::allocator<void> >][m[K’
[01m[K/opt/ros/noetic/include/ros/service_client_options.h:95:33:[m[K   required from ‘[01m[Kvoid ros::ServiceClientOptions::init(const string&, bool, const M_string&) [with Service = mavros_msgs::MountControl_<std::allocator<void> >; std::string = std::__cxx11::basic_string<char>; ros::M_string = std::map<std::__cxx11::basic_string<char>, std::__cxx11::basic_string<char> >][m[K’
[01m[K/opt/ros/noetic/include/ros/node_handle.h:1264:5:[m[K   required from ‘[01m[Kros::ServiceClient ros::NodeHandle::serviceClient(const string&, bool, const M_string&) [with Service = mavros_msgs::MountControl_<std::allocator<void> >; std::string = std::__cxx11::basic_string<char>; ros::M_string = std::map<std::__cxx11::basic_string<char>, std::__cxx11::basic_string<char> >][m[K’
[01m[K/home/billliu/trials/volans/src/offboard/src/uav.hpp:121:104:[m[K   required from here
[01m[K/opt/ros/noetic/include/ros/service_traits.h:47:34:[m[K [01;31m[Kerror: [m[K‘[01m[K__s_getServerMD5Sum[m[K’ is not a member of ‘[01m[Kmavros_msgs::MountControl_<std::allocator<void> >[m[K’
   47 |     return [01;31m[KM::__s_getServerMD5Sum()[m[K.c_str();
      |            [01;31m[K~~~~~~~~~~~~~~~~~~~~~~^~[m[K
make[2]: *** [CMakeFiles/offboard_test.dir/build.make:63: CMakeFiles/offboard_test.dir/src/main.cpp.o] Error 1
make[1]: *** [CMakeFiles/Makefile2:704: CMakeFiles/offboard_test.dir/all] Error 2
make: *** [Makefile:141: all] Error 2
