[ 40%] Built target uav
[ 40%] Built target fp
[ 60%] Built target ul
[35m[1mScanning dependencies of target offboard_test[0m
[ 80%] [32mBuilding CXX object CMakeFiles/offboard_test.dir/src/main.cpp.o[0m
In file included from [01m[K/home/billliu/trials/volans/src/offboard/src/main.cpp:11[m[K:
[01m[K/home/billliu/trials/volans/src/offboard/src/uav.hpp:[m[K In member function ‘[01m[Kvoid Uav::init(ros::NodeHandle)[m[K’:
[01m[K/home/billliu/trials/volans/src/offboard/src/uav.hpp:96:5:[m[K [01;31m[Kerror: [m[K‘[01m[Kmount_client[m[K’ was not declared in this scope
   96 |     [01;31m[Kmount_client[m[K = nh.serviceClient<mavros_msgs::MountControl>(name + "/mavros/mount_control/configure");
      |     [01;31m[K^~~~~~~~~~~~[m[K
In file included from [01m[K/home/billliu/trials/volans/src/offboard/src/main.cpp:11[m[K:
[01m[K/home/billliu/trials/volans/src/offboard/src/uav.hpp:[m[K In member function ‘[01m[Kvoid Uav::publish_attitude(geometry_msgs::PoseStamped)[m[K’:
[01m[K/home/billliu/trials/volans/src/offboard/src/uav.hpp:164:5:[m[K [01;31m[Kerror: [m[K‘[01m[Kmount_client[m[K’ was not declared in this scope
  164 |     [01;31m[Kmount_client[m[K.call(mount_config);
      |     [01;31m[K^~~~~~~~~~~~[m[K
In file included from [01m[K/opt/ros/noetic/include/ros/service_client.h:33[m[K,
                 from [01m[K/opt/ros/noetic/include/ros/node_handle.h:35[m[K,
                 from [01m[K/opt/ros/noetic/include/ros/ros.h:45[m[K,
                 from [01m[K/home/billliu/trials/volans/src/offboard/src/main.cpp:6[m[K:
/opt/ros/noetic/include/ros/service_traits.h: In instantiation of ‘[01m[Kstatic const char* ros::service_traits::MD5Sum<M>::value() [with M = mavros_msgs::MountControl_<std::allocator<void> >][m[K’:
[01m[K/opt/ros/noetic/include/ros/service_traits.h:79:102:[m[K   required from ‘[01m[Kconst char* ros::service_traits::md5sum() [with M = mavros_msgs::MountControl_<std::allocator<void> >][m[K’
[01m[K/opt/ros/noetic/include/ros/service_client_options.h:95:33:[m[K   required from ‘[01m[Kvoid ros::ServiceClientOptions::init(const string&, bool, const M_string&) [with Service = mavros_msgs::MountControl_<std::allocator<void> >; std::string = std::__cxx11::basic_string<char>; ros::M_string = std::map<std::__cxx11::basic_string<char>, std::__cxx11::basic_string<char> >][m[K’
[01m[K/opt/ros/noetic/include/ros/node_handle.h:1264:5:[m[K   required from ‘[01m[Kros::ServiceClient ros::NodeHandle::serviceClient(const string&, bool, const M_string&) [with Service = mavros_msgs::MountControl_<std::allocator<void> >; std::string = std::__cxx11::basic_string<char>; ros::M_string = std::map<std::__cxx11::basic_string<char>, std::__cxx11::basic_string<char> >][m[K’
[01m[K/home/billliu/trials/volans/src/offboard/src/uav.hpp:96:104:[m[K   required from here
[01m[K/opt/ros/noetic/include/ros/service_traits.h:47:34:[m[K [01;31m[Kerror: [m[K‘[01m[K__s_getServerMD5Sum[m[K’ is not a member of ‘[01m[Kmavros_msgs::MountControl_<std::allocator<void> >[m[K’
   47 |     return [01;31m[KM::__s_getServerMD5Sum()[m[K.c_str();
      |            [01;31m[K~~~~~~~~~~~~~~~~~~~~~~^~[m[K
make[2]: *** [CMakeFiles/offboard_test.dir/build.make:63: CMakeFiles/offboard_test.dir/src/main.cpp.o] Error 1
make[1]: *** [CMakeFiles/Makefile2:704: CMakeFiles/offboard_test.dir/all] Error 2
make: *** [Makefile:141: all] Error 2
