In file included from [01m[K/home/billliu/trials/volans/src/offboard/src/main.cpp:12[m[K:
[01m[K/home/billliu/trials/volans/src/offboard/src/uav_local.hpp:[m[K In constructor ‘[01m[KUav_local::Uav_local(int, double, double, Uav_global*)[m[K’:
[01m[K/home/billliu/trials/volans/src/offboard/src/uav_local.hpp:31:5:[m[K [01;31m[Kerror: [m[Kno matching function for call to ‘[01m[KUav::Uav()[m[K’
   31 |     [01;31m[K{[m[K
      |     [01;31m[K^[m[K
In file included from [01m[K/home/billliu/trials/volans/src/offboard/src/main.cpp:11[m[K:
[01m[K/home/billliu/trials/volans/src/offboard/src/uav.hpp:55:5:[m[K [01;36m[Knote: [m[Kcandidate: ‘[01m[KUav::Uav(int, double, double)[m[K’
   55 |     [01;36m[KUav[m[K(int c, double h, double c_s)
      |     [01;36m[K^~~[m[K
[01m[K/home/billliu/trials/volans/src/offboard/src/uav.hpp:55:5:[m[K [01;36m[Knote: [m[K  candidate expects 3 arguments, 0 provided
[01m[K/home/billliu/trials/volans/src/offboard/src/uav.hpp:16:7:[m[K [01;36m[Knote: [m[Kcandidate: ‘[01m[KUav::Uav(const Uav&)[m[K’
   16 | class [01;36m[KUav[m[K
      |       [01;36m[K^~~[m[K
[01m[K/home/billliu/trials/volans/src/offboard/src/uav.hpp:16:7:[m[K [01;36m[Knote: [m[K  candidate expects 1 argument, 0 provided
[01m[K/home/billliu/trials/volans/src/offboard/src/uav.hpp:16:7:[m[K [01;36m[Knote: [m[Kcandidate: ‘[01m[KUav::Uav(Uav&&)[m[K’
[01m[K/home/billliu/trials/volans/src/offboard/src/uav.hpp:16:7:[m[K [01;36m[Knote: [m[K  candidate expects 1 argument, 0 provided
In file included from [01m[K/home/billliu/trials/volans/src/offboard/src/main.cpp:12[m[K:
[01m[K/home/billliu/trials/volans/src/offboard/src/uav_local.hpp:[m[K At global scope:
[01m[K/home/billliu/trials/volans/src/offboard/src/uav_local.hpp:37:6:[m[K [01;31m[Kerror: [m[Kredefinition of ‘[01m[Kvoid Uav::init(ros::NodeHandle)[m[K’
   37 | void [01;31m[KUav[m[K::init(ros::NodeHandle nh)
      |      [01;31m[K^~~[m[K
In file included from [01m[K/home/billliu/trials/volans/src/offboard/src/main.cpp:11[m[K:
[01m[K/home/billliu/trials/volans/src/offboard/src/uav.hpp:79:6:[m[K [01;36m[Knote: [m[K‘[01m[Kvoid Uav::init(ros::NodeHandle)[m[K’ previously defined here
   79 | void [01;36m[KUav[m[K::init(ros::NodeHandle nh)
      |      [01;36m[K^~~[m[K
In file included from [01m[K/home/billliu/trials/volans/src/offboard/src/main.cpp:12[m[K:
[01m[K/home/billliu/trials/volans/src/offboard/src/uav_local.hpp:[m[K In member function ‘[01m[Kvoid Uav_local::follow()[m[K’:
[01m[K/home/billliu/trials/volans/src/offboard/src/uav_local.hpp:59:21:[m[K [01;31m[Kerror: [m[Kinvalid use of incomplete type ‘[01m[Kclass Uav_global[m[K’
   59 |     tmp = uav_global[01;31m[K->[m[Kwp[uav_global->move_time_cnt];
      |                     [01;31m[K^~[m[K
[01m[K/home/billliu/trials/volans/src/offboard/src/uav_local.hpp:16:7:[m[K [01;36m[Knote: [m[Kforward declaration of ‘[01m[Kclass Uav_global[m[K’
   16 | class [01;36m[KUav_global[m[K;
      |       [01;36m[K^~~~~~~~~~[m[K
[01m[K/home/billliu/trials/volans/src/offboard/src/uav_local.hpp:59:36:[m[K [01;31m[Kerror: [m[Kinvalid use of incomplete type ‘[01m[Kclass Uav_global[m[K’
   59 |     tmp = uav_global->wp[uav_global[01;31m[K->[m[Kmove_time_cnt];
      |                                    [01;31m[K^~[m[K
[01m[K/home/billliu/trials/volans/src/offboard/src/uav_local.hpp:16:7:[m[K [01;36m[Knote: [m[Kforward declaration of ‘[01m[Kclass Uav_global[m[K’
   16 | class [01;36m[KUav_global[m[K;
      |       [01;36m[K^~~~~~~~~~[m[K
[01m[K/home/billliu/trials/volans/src/offboard/src/uav_local.hpp:60:38:[m[K [01;31m[Kerror: [m[Kinvalid use of incomplete type ‘[01m[Kclass Uav_global[m[K’
   60 |     tmp.pose.position.x -= uav_global[01;31m[K->[m[Kcell_size/2;
      |                                      [01;31m[K^~[m[K
[01m[K/home/billliu/trials/volans/src/offboard/src/uav_local.hpp:16:7:[m[K [01;36m[Knote: [m[Kforward declaration of ‘[01m[Kclass Uav_global[m[K’
   16 | class [01;36m[KUav_global[m[K;
      |       [01;36m[K^~~~~~~~~~[m[K
[01m[K/home/billliu/trials/volans/src/offboard/src/uav_local.hpp:61:38:[m[K [01;31m[Kerror: [m[Kinvalid use of incomplete type ‘[01m[Kclass Uav_global[m[K’
   61 |     tmp.pose.position.y -= uav_global[01;31m[K->[m[Kcell_size/2;
      |                                      [01;31m[K^~[m[K
[01m[K/home/billliu/trials/volans/src/offboard/src/uav_local.hpp:16:7:[m[K [01;36m[Knote: [m[Kforward declaration of ‘[01m[Kclass Uav_global[m[K’
   16 | class [01;36m[KUav_global[m[K;
      |       [01;36m[K^~~~~~~~~~[m[K
[01m[K/home/billliu/trials/volans/src/offboard/src/uav_local.hpp:[m[K In member function ‘[01m[Kvoid Uav_local::flystate_update()[m[K’:
[01m[K/home/billliu/trials/volans/src/offboard/src/uav_local.hpp:110:27:[m[K [01;31m[Kerror: [m[Kinvalid use of incomplete type ‘[01m[Kclass Uav_global[m[K’
  110 |             if (uav_global[01;31m[K->[m[Kfly_state == FLY || uav_global->fly_state == REST)
      |                           [01;31m[K^~[m[K
[01m[K/home/billliu/trials/volans/src/offboard/src/uav_local.hpp:16:7:[m[K [01;36m[Knote: [m[Kforward declaration of ‘[01m[Kclass Uav_global[m[K’
   16 | class [01;36m[KUav_global[m[K;
      |       [01;36m[K^~~~~~~~~~[m[K
[01m[K/home/billliu/trials/volans/src/offboard/src/uav_local.hpp:110:59:[m[K [01;31m[Kerror: [m[Kinvalid use of incomplete type ‘[01m[Kclass Uav_global[m[K’
  110 |             if (uav_global->fly_state == FLY || uav_global[01;31m[K->[m[Kfly_state == REST)
      |                                                           [01;31m[K^~[m[K
[01m[K/home/billliu/trials/volans/src/offboard/src/uav_local.hpp:16:7:[m[K [01;36m[Knote: [m[Kforward declaration of ‘[01m[Kclass Uav_global[m[K’
   16 | class [01;36m[KUav_global[m[K;
      |       [01;36m[K^~~~~~~~~~[m[K
[01m[K/home/billliu/trials/volans/src/offboard/src/uav_local.hpp:132:32:[m[K [01;31m[Kerror: [m[Kinvalid use of incomplete type ‘[01m[Kclass Uav_global[m[K’
  132 |                 if (!uav_global[01;31m[K->[m[Kinterest.empty())
      |                                [01;31m[K^~[m[K
[01m[K/home/billliu/trials/volans/src/offboard/src/uav_local.hpp:16:7:[m[K [01;36m[Knote: [m[Kforward declaration of ‘[01m[Kclass Uav_global[m[K’
   16 | class [01;36m[KUav_global[m[K;
      |       [01;36m[K^~~~~~~~~~[m[K
[01m[K/home/billliu/trials/volans/src/offboard/src/uav_local.hpp:134:55:[m[K [01;31m[Kerror: [m[Kinvalid use of incomplete type ‘[01m[Kclass Uav_global[m[K’
  134 |                     waypoints tmp = zig_zag(uav_global[01;31m[K->[m[Kcell_size, uav_global->cell_size, height,
      |                                                       [01;31m[K^~[m[K
[01m[K/home/billliu/trials/volans/src/offboard/src/uav_local.hpp:16:7:[m[K [01;36m[Knote: [m[Kforward declaration of ‘[01m[Kclass Uav_global[m[K’
   16 | class [01;36m[KUav_global[m[K;
      |       [01;36m[K^~~~~~~~~~[m[K
[01m[K/home/billliu/trials/volans/src/offboard/src/uav_local.hpp:134:78:[m[K [01;31m[Kerror: [m[Kinvalid use of incomplete type ‘[01m[Kclass Uav_global[m[K’
  134 |                     waypoints tmp = zig_zag(uav_global->cell_size, uav_global[01;31m[K->[m[Kcell_size, height,
      |                                                                              [01;31m[K^~[m[K
[01m[K/home/billliu/trials/volans/src/offboard/src/uav_local.hpp:16:7:[m[K [01;36m[Knote: [m[Kforward declaration of ‘[01m[Kclass Uav_global[m[K’
   16 | class [01;36m[KUav_global[m[K;
      |       [01;36m[K^~~~~~~~~~[m[K
[01m[K/home/billliu/trials/volans/src/offboard/src/uav_local.hpp:135:39:[m[K [01;31m[Kerror: [m[Kinvalid use of incomplete type ‘[01m[Kclass Uav_global[m[K’
  135 |                             uav_global[01;31m[K->[m[Kinterest[0].position.x, uav_global->interest[0].position.y, cell_size);
      |                                       [01;31m[K^~[m[K
[01m[K/home/billliu/trials/volans/src/offboard/src/uav_local.hpp:16:7:[m[K [01;36m[Knote: [m[Kforward declaration of ‘[01m[Kclass Uav_global[m[K’
   16 | class [01;36m[KUav_global[m[K;
      |       [01;36m[K^~~~~~~~~~[m[K
[01m[K/home/billliu/trials/volans/src/offboard/src/uav_local.hpp:135:75:[m[K [01;31m[Kerror: [m[Kinvalid use of incomplete type ‘[01m[Kclass Uav_global[m[K’
  135 |                             uav_global->interest[0].position.x, uav_global[01;31m[K->[m[Kinterest[0].position.y, cell_size);
      |                                                                           [01;31m[K^~[m[K
[01m[K/home/billliu/trials/volans/src/offboard/src/uav_local.hpp:16:7:[m[K [01;36m[Knote: [m[Kforward declaration of ‘[01m[Kclass Uav_global[m[K’
   16 | class [01;36m[KUav_global[m[K;
      |       [01;36m[K^~~~~~~~~~[m[K
[01m[K/home/billliu/trials/volans/src/offboard/src/uav_local.hpp:138:31:[m[K [01;31m[Kerror: [m[Kinvalid use of incomplete type ‘[01m[Kclass Uav_global[m[K’
  138 |                     uav_global[01;31m[K->[m[Kinterest.erase(uav_global->interest.begin());
      |                               [01;31m[K^~[m[K
[01m[K/home/billliu/trials/volans/src/offboard/src/uav_local.hpp:16:7:[m[K [01;36m[Knote: [m[Kforward declaration of ‘[01m[Kclass Uav_global[m[K’
   16 | class [01;36m[KUav_global[m[K;
      |       [01;36m[K^~~~~~~~~~[m[K
[01m[K/home/billliu/trials/volans/src/offboard/src/uav_local.hpp:138:58:[m[K [01;31m[Kerror: [m[Kinvalid use of incomplete type ‘[01m[Kclass Uav_global[m[K’
  138 |                     uav_global->interest.erase(uav_global[01;31m[K->[m[Kinterest.begin());
      |                                                          [01;31m[K^~[m[K
[01m[K/home/billliu/trials/volans/src/offboard/src/uav_local.hpp:16:7:[m[K [01;36m[Knote: [m[Kforward declaration of ‘[01m[Kclass Uav_global[m[K’
   16 | class [01;36m[KUav_global[m[K;
      |       [01;36m[K^~~~~~~~~~[m[K
[01m[K/home/billliu/trials/volans/src/offboard/src/uav_local.hpp:148:62:[m[K [01;31m[Kerror: [m[Kinvalid use of incomplete type ‘[01m[Kclass Uav_global[m[K’
  148 |                 if (move_time_cnt == wp.size() && (uav_global[01;31m[K->[m[Kfly_state == FLYOVER || uav_global->fly_state == OVER))
      |                                                              [01;31m[K^~[m[K
[01m[K/home/billliu/trials/volans/src/offboard/src/uav_local.hpp:16:7:[m[K [01;36m[Knote: [m[Kforward declaration of ‘[01m[Kclass Uav_global[m[K’
   16 | class [01;36m[KUav_global[m[K;
      |       [01;36m[K^~~~~~~~~~[m[K
[01m[K/home/billliu/trials/volans/src/offboard/src/uav_local.hpp:148:98:[m[K [01;31m[Kerror: [m[Kinvalid use of incomplete type ‘[01m[Kclass Uav_global[m[K’
  148 |                 if (move_time_cnt == wp.size() && (uav_global->fly_state == FLYOVER || uav_global[01;31m[K->[m[Kfly_state == OVER))
      |                                                                                                  [01;31m[K^~[m[K
[01m[K/home/billliu/trials/volans/src/offboard/src/uav_local.hpp:16:7:[m[K [01;36m[Knote: [m[Kforward declaration of ‘[01m[Kclass Uav_global[m[K’
   16 | class [01;36m[KUav_global[m[K;
      |       [01;36m[K^~~~~~~~~~[m[K
[01m[K/home/billliu/trials/volans/src/offboard/src/uav_local.hpp:[m[K At global scope:
[01m[K/home/billliu/trials/volans/src/offboard/src/uav_local.hpp:196:6:[m[K [01;31m[Kerror: [m[Kno declaration matches ‘[01m[Kvoid Uav_global::plan_flight(std::vector<geometry_msgs::PoseStamped_<std::allocator<void> > >)[m[K’
  196 | void [01;31m[KUav_global[m[K::plan_flight(waypoints wps)
      |      [01;31m[K^~~~~~~~~~[m[K
[01m[K/home/billliu/trials/volans/src/offboard/src/uav_local.hpp:192:10:[m[K [01;36m[Knote: [m[Kcandidate is: ‘[01m[Kvoid Uav_global::plan_flight(std::vector<geometry_msgs::PoseStamped_<std::allocator<void> > >, double, double)[m[K’
  192 |     void [01;36m[Kplan_flight[m[K(waypoints, double, double);
      |          [01;36m[K^~~~~~~~~~~[m[K
[01m[K/home/billliu/trials/volans/src/offboard/src/uav_local.hpp:186:7:[m[K [01;36m[Knote: [m[K‘[01m[Kclass Uav_global[m[K’ defined here
  186 | class [01;36m[KUav_global[m[K: public Uav
      |       [01;36m[K^~~~~~~~~~[m[K
[01m[K/home/billliu/trials/volans/src/offboard/src/main.cpp:26:36:[m[K [01;31m[Kerror: [m[Kno matching function for call to ‘[01m[KUav_global::Uav_global(int, double&, double&)[m[K’
   26 | Uav_global uav0(0, height_h, c_high[01;31m[K)[m[K;
      |                                    [01;31m[K^[m[K
In file included from [01m[K/home/billliu/trials/volans/src/offboard/src/main.cpp:12[m[K:
[01m[K/home/billliu/trials/volans/src/offboard/src/uav_local.hpp:186:7:[m[K [01;36m[Knote: [m[Kcandidate: ‘[01m[KUav_global::Uav_global(const Uav_global&)[m[K’
  186 | class [01;36m[KUav_global[m[K: public Uav
      |       [01;36m[K^~~~~~~~~~[m[K
[01m[K/home/billliu/trials/volans/src/offboard/src/uav_local.hpp:186:7:[m[K [01;36m[Knote: [m[K  candidate expects 1 argument, 3 provided
[01m[K/home/billliu/trials/volans/src/offboard/src/uav_local.hpp:186:7:[m[K [01;36m[Knote: [m[Kcandidate: ‘[01m[KUav_global::Uav_global(Uav_global&&)[m[K’
[01m[K/home/billliu/trials/volans/src/offboard/src/uav_local.hpp:186:7:[m[K [01;36m[Knote: [m[K  candidate expects 1 argument, 3 provided
[01m[K/home/billliu/trials/volans/src/offboard/src/main.cpp:28:1:[m[K [01;31m[Kerror: [m[K‘[01m[Kuav0[m[K’ does not name a type
   28 | [01;31m[Kuav0[m[K.uav_local = &uav1;
      | [01;31m[K^~~~[m[K
[01m[K/home/billliu/trials/volans/src/offboard/src/main.cpp:[m[K In function ‘[01m[Kint main(int, char**)[m[K’:
[01m[K/home/billliu/trials/volans/src/offboard/src/main.cpp:45:15:[m[K [01;31m[Kerror: [m[Kno matching function for call to ‘[01m[KUav_global::init()[m[K’
   45 |     uav0.init([01;31m[K)[m[K;
      |               [01;31m[K^[m[K
In file included from [01m[K/home/billliu/trials/volans/src/offboard/src/main.cpp:11[m[K:
[01m[K/home/billliu/trials/volans/src/offboard/src/uav.hpp:79:6:[m[K [01;36m[Knote: [m[Kcandidate: ‘[01m[Kvoid Uav::init(ros::NodeHandle)[m[K’
   79 | void [01;36m[KUav[m[K::init(ros::NodeHandle nh)
      |      [01;36m[K^~~[m[K
[01m[K/home/billliu/trials/volans/src/offboard/src/uav.hpp:79:6:[m[K [01;36m[Knote: [m[K  candidate expects 1 argument, 0 provided
[01m[K/home/billliu/trials/volans/src/offboard/src/main.cpp:46:15:[m[K [01;31m[Kerror: [m[Kno matching function for call to ‘[01m[KUav_local::init()[m[K’
   46 |     uav1.init([01;31m[K)[m[K;
      |               [01;31m[K^[m[K
In file included from [01m[K/home/billliu/trials/volans/src/offboard/src/main.cpp:12[m[K:
[01m[K/home/billliu/trials/volans/src/offboard/src/uav_local.hpp:26:10:[m[K [01;36m[Knote: [m[Kcandidate: ‘[01m[Kvoid Uav_local::init(ros::NodeHandle)[m[K’
   26 |     void [01;36m[Kinit[m[K(ros::NodeHandle);
      |          [01;36m[K^~~~[m[K
[01m[K/home/billliu/trials/volans/src/offboard/src/uav_local.hpp:26:10:[m[K [01;36m[Knote: [m[K  candidate expects 1 argument, 0 provided
[01m[K/home/billliu/trials/volans/src/offboard/src/main.cpp:48:32:[m[K [01;31m[Kerror: [m[K‘[01m[Kheight[m[K’ was not declared in this scope; did you mean ‘[01m[Kheight_l[m[K’?
   48 |     nh.param<double>("height", [01;31m[Kheight[m[K);
      |                                [01;31m[K^~~~~~[m[K
      |                                [32m[Kheight_l[m[K
[01m[K/home/billliu/trials/volans/src/offboard/src/main.cpp:56:58:[m[K [01;31m[Kerror: [m[K‘[01m[Kuav1_current_state[m[K’ was not declared in this scope
   56 |     while(ros::ok() && !uav0.current_state.connected && ![01;31m[Kuav1_current_state[m[K.connected){
      |                                                          [01;31m[K^~~~~~~~~~~~~~~~~~[m[K
[01m[K/home/billliu/trials/volans/src/offboard/src/main.cpp:63:68:[m[K [01;31m[Kerror: [m[Kno matching function for call to ‘[01m[KUav_global::plan_flight(std::vector<geometry_msgs::PoseStamped_<std::allocator<void> > >)[m[K’
   63 |     uav0.plan_flight(zig_zag(length, width, height_h, 0, 0, c_high)[01;31m[K)[m[K;
      |                                                                    [01;31m[K^[m[K
In file included from [01m[K/home/billliu/trials/volans/src/offboard/src/main.cpp:12[m[K:
[01m[K/home/billliu/trials/volans/src/offboard/src/uav_local.hpp:192:10:[m[K [01;36m[Knote: [m[Kcandidate: ‘[01m[Kvoid Uav_global::plan_flight(std::vector<geometry_msgs::PoseStamped_<std::allocator<void> > >, double, double)[m[K’
  192 |     void [01;36m[Kplan_flight[m[K(waypoints, double, double);
      |          [01;36m[K^~~~~~~~~~~[m[K
[01m[K/home/billliu/trials/volans/src/offboard/src/uav_local.hpp:192:10:[m[K [01;36m[Knote: [m[K  candidate expects 3 arguments, 1 provided
make[2]: *** [CMakeFiles/offboard_test.dir/build.make:63: CMakeFiles/offboard_test.dir/src/main.cpp.o] Error 1
make[1]: *** [CMakeFiles/Makefile2:704: CMakeFiles/offboard_test.dir/all] Error 2
make: *** [Makefile:141: all] Error 2
